13:40:46.214 [main                     ] DEBUG Logger               - Configured Logger
13:40:46.250 [main                     ] DEBUG GameApplication      - Logging settings
Title: Restaurante Simulador
Version: 1.0
Width: 1280
Height: 720
Fullscreen: false
Intro: false
Profiling: false
Single step:false
App Mode: DEVELOPER
Menu Key: ESCAPE
Stage Style: DECORATED
Scene Factory: class com.almasb.fxgl.app.scene.SceneFactory

13:40:46.856 [JavaFX Application Thread] DEBUG FXGLApplication      - Initializing FXGL
13:40:46.861 [JavaFX Application Thread] INFO  Engine               - FXGL-17.3 (30.03.2023 11.49) on LINUX (J:21.0.5 FX:21)
13:40:46.861 [JavaFX Application Thread] DEBUG Engine               - JRE Vendor Name: Amazon.com Inc.
13:40:46.861 [JavaFX Application Thread] DEBUG Engine               - Running on OS: Linux version 6.8.0-49-generic
13:40:46.861 [JavaFX Application Thread] DEBUG Engine               - Architecture: amd64
13:40:46.861 [JavaFX Application Thread] INFO  Engine               - Source code and latest versions at: https://github.com/AlmasB/FXGL
13:40:46.862 [JavaFX Application Thread] INFO  Engine               -       Ask questions and discuss at: https://github.com/AlmasB/FXGL/discussions
13:40:46.862 [JavaFX Application Thread] INFO  Engine               -              Join the FXGL chat at: https://gitter.im/AlmasB/FXGL
13:40:46.966 [JavaFX Application Thread] DEBUG PrimaryStageWindow   - Creating a JavaFX scene
13:40:47.055 [JavaFX Application Thread] DEBUG PrimaryStageWindow   - Target settings size: 1280.0 x 720.0
13:40:47.055 [JavaFX Application Thread] DEBUG PrimaryStageWindow   - Scaled scene size:    1280.0 x 720.0
13:40:47.055 [JavaFX Application Thread] DEBUG PrimaryStageWindow   - Scaled ratio: (1.0, 1.0)
13:40:47.056 [JavaFX Application Thread] DEBUG PrimaryStageWindow   - Set initial scene to FXGLStartupScene
13:40:47.059 [JavaFX Application Thread] DEBUG PrimaryStageWindow   - Opening main window
13:40:47.093 [JavaFX Application Thread] DEBUG PrimaryStageWindow   - Window border size: (0.0, 35.0)
13:40:47.093 [JavaFX Application Thread] DEBUG PrimaryStageWindow   - Scaled size: 1280.0 x 685.0
13:40:47.093 [JavaFX Application Thread] DEBUG PrimaryStageWindow   - Scaled ratio: (1.0, 0.9513888888888888)
13:40:47.093 [JavaFX Application Thread] DEBUG PrimaryStageWindow   - Scene size: 1280.0 x 720.0
13:40:47.093 [JavaFX Application Thread] DEBUG PrimaryStageWindow   - Stage size: 1280.0 x 720.0
13:40:47.097 [FXGL Background Thread 1 ] DEBUG Engine               - Initializing environment variables
13:40:47.135 [FXGL Background Thread 1 ] DEBUG FXGLAssetLoaderServi - User app class for loading assets: class com.restaurant.RestaurantApp
13:40:47.135 [FXGL Background Thread 1 ] DEBUG GameApplicationServi - Applying CSS: fxgl_dark.css
13:40:47.136 [FXGL Background Thread 1 ] DEBUG FXGLAssetLoaderServi - Loading from file system: jar:file:/home/khars/.m2/repository/com/github/almasb/fxgl/17.3/fxgl-17.3.jar!/fxglassets/ui/css/fxgl_dark.css
13:40:47.195 [FXGL Background Thread 1 ] DEBUG GameApplicationServi - Initializing application scenes
13:40:47.238 [FXGL Background Thread 1 ] DEBUG GameWorld            - Game world initialized
13:40:47.312 [FXGL Background Thread 1 ] DEBUG PhysicsWorld         - Physics world initialized: appHeight=720, physics.ppm=50,0
13:40:47.312 [FXGL Background Thread 1 ] DEBUG PhysicsWorld         - Using strategy: BRUTE_FORCE
13:40:47.317 [FXGL Background Thread 1 ] DEBUG GameScene            - Game scene initialized: 1280x720
13:40:47.331 [FXGL Background Thread 1 ] DEBUG FXGL.DefaultMenu     - createMenuBodyGameMenu()
13:40:47.350 [FXGL Background Thread 1 ] DEBUG FXGL.DefaultMenu     - createOptionsMenu()
13:40:47.360 [FXGL Background Thread 1 ] DEBUG FXGLAssetLoaderServi - Loading from file system: jar:file:/home/khars/.m2/repository/com/github/almasb/fxgl/17.3/fxgl-17.3.jar!/fxglassets/textures/particles/smoke.png
13:40:47.453 [FXGL Background Thread 1 ] DEBUG FXGLAssetLoaderServi - Loading from file system: jar:file:/home/khars/.m2/repository/com/github/almasb/fxgl/17.3/fxgl-17.3.jar!/fxglassets/textures/particles/trace_horizontal.png
13:40:47.482 [FXGL Background Thread 1 ] DEBUG GameApplicationServi - Application scenes initialized
13:40:47.494 [FXGL Background Thread 1 ] DEBUG SystemBundleService  - Loading FXGL system data
13:40:47.495 [FXGL Background Thread 1 ] DEBUG FileSystemAccess     - Reading from: /home/khars/IdeaProjects/simuladorRestaurant/system/fxgl.bundle
13:40:47.498 [FXGL Background Thread 1 ] DEBUG SystemBundleService  - Bundle FXGL: {}
13:40:47.498 [FXGL Background Thread 1 ] DEBUG UpdaterService       - Checking for updates
13:40:47.502 [FXGL Background Thread 4 ] DEBUG FXGLApplication      - Loading fonts
13:40:47.502 [FXGL Background Thread 4 ] DEBUG FXGLAssetLoaderServi - Loading from file system: jar:file:/home/khars/.m2/repository/com/github/almasb/fxgl/17.3/fxgl-17.3.jar!/fxglassets/ui/fonts/VarelaRound-Regular.ttf
13:40:47.503 [FXGL Background Thread 1 ] DEBUG FXGLApplication      - Loading default localization
13:40:47.504 [FXGL Background Thread 1 ] DEBUG FXGLAssetLoaderServi - Loading from file system: jar:file:/home/khars/.m2/repository/com/github/almasb/fxgl/17.3/fxgl-17.3.jar!/fxglassets/languages/english.lang
13:40:47.521 [FXGL Background Thread 4 ] DEBUG FXGLAssetLoaderServi - Loading from file system: jar:file:/home/khars/.m2/repository/com/github/almasb/fxgl/17.3/fxgl-17.3.jar!/fxglassets/ui/fonts/Abel-Regular.ttf
13:40:47.523 [FXGL Background Thread 4 ] DEBUG FXGLAssetLoaderServi - Loading from file system: jar:file:/home/khars/.m2/repository/com/github/almasb/fxgl/17.3/fxgl-17.3.jar!/fxglassets/ui/fonts/TerminalLandMono-Regular.otf
13:40:47.525 [FXGL Background Thread 4 ] DEBUG FXGLAssetLoaderServi - Loading from file system: jar:file:/home/khars/.m2/repository/com/github/almasb/fxgl/17.3/fxgl-17.3.jar!/fxglassets/ui/fonts/Courier-Prime.ttf
13:40:47.529 [FXGL Background Thread 1 ] INFO  FXGLApplication      - FXGL initialization took: 0,432 sec
13:40:47.530 [JavaFX Application Thread] DEBUG FXGLApplication      - Registering font factories with UI factory
13:40:47.532 [JavaFX Application Thread] DEBUG FXGLAssetLoaderServi - Loading from file system: jar:file:/home/khars/.m2/repository/com/github/almasb/fxgl/17.3/fxgl-17.3.jar!/fxglassets/textures/fxgl_icon.png
13:40:47.565 [JavaFX Application Thread] DEBUG FXGLAssetLoaderServi - Loading from file system: jar:file:/home/khars/.m2/repository/com/github/almasb/fxgl/17.3/fxgl-17.3.jar!/fxglassets/textures/fxgl_default_cursor.png
13:40:47.577 [JavaFX Application Thread] DEBUG Input                - Registered new binding: Screenshot - CTRL+8
13:40:47.578 [JavaFX Application Thread] DEBUG Input                - Registered new binding: System info dump - CTRL+9
13:40:47.578 [JavaFX Application Thread] DEBUG Input                - Registered new binding: Restart - CTRL+R
13:40:47.579 [JavaFX Application Thread] DEBUG Input                - Registered new binding: Toggle Debug Camera - CTRL+7
13:40:47.582 [JavaFX Application Thread] DEBUG LoopRunner           - Starting loop
13:40:47.582 [JavaFX Application Thread] DEBUG LoopRunner           - Initializing JavaFX AnimationTimerLoop
13:40:47.583 [JavaFX Application Thread] DEBUG GameApplicationServi - Starting new game
13:40:47.584 [JavaFX Application Thread] DEBUG Input                - Clearing active input actions
13:40:47.596 [JavaFX Application Thread] DEBUG GameApplicationServi - Removing overlay from FXGLStartupScene and adding to FXGLLoadingScene
13:40:47.596 [JavaFX Application Thread] DEBUG PrimaryStageWindow   - FXGLStartupScene -> FXGLLoadingScene
13:40:47.597 [JavaFX Application Thread] DEBUG GameApplicationServi - Clearing previous game
13:40:47.597 [JavaFX Application Thread] DEBUG GameScene            - Clearing game scene
13:40:47.597 [JavaFX Application Thread] DEBUG GameWorld            - Clearing game world
13:40:47.597 [JavaFX Application Thread] DEBUG PhysicsWorld         - Clearing physics world
13:40:47.599 [FXGL Background Thread 1 ] DEBUG FXGLApplication      - Initializing game
13:40:47.609 [FXGL Background Thread 1 ] DEBUG FXGLAssetLoaderServi - Loading from file system: file:/home/khars/IdeaProjects/simuladorRestaurant/target/classes/assets/textures/fondo.png
13:40:47.627 [FXGL Background Thread 1 ] DEBUG FXGLAssetLoaderServi - Loading from file system: file:/home/khars/IdeaProjects/simuladorRestaurant/target/classes/assets/textures/cocina2.png
13:40:47.641 [FXGL Background Thread 1 ] DEBUG FXGLAssetLoaderServi - Loading from file system: file:/home/khars/IdeaProjects/simuladorRestaurant/target/classes/assets/textures/recepcionista.png
13:40:47.646 [FXGL Background Thread 1 ] DEBUG FXGLAssetLoaderServi - Loading from file system: file:/home/khars/IdeaProjects/simuladorRestaurant/target/classes/assets/textures/chef1.png
13:40:48.031 [FXGL Background Thread 1 ] DEBUG FXGLAssetLoaderServi - Loading from file system: file:/home/khars/IdeaProjects/simuladorRestaurant/target/classes/assets/textures/chef2.png
13:40:48.037 [FXGL Background Thread 1 ] DEBUG FXGLAssetLoaderServi - Loading from file system: file:/home/khars/IdeaProjects/simuladorRestaurant/target/classes/assets/textures/chef3.png
13:40:48.045 [FXGL Background Thread 1 ] DEBUG FXGLAssetLoaderServi - Loading from file system: file:/home/khars/IdeaProjects/simuladorRestaurant/target/classes/assets/textures/mesero.png
13:40:48.052 [FXGL Background Thread 1 ] DEBUG FXGLAssetLoaderServi - Loading from file system: file:/home/khars/IdeaProjects/simuladorRestaurant/target/classes/assets/textures/mesa.png
13:40:48.076 [FXGL Background Thread 1 ] INFO  FXGLApplication      - Game initialization took: 0,477 sec
13:40:48.076 [JavaFX Application Thread] DEBUG FXGLAssetLoaderServi - Loading from file system: file:/home/khars/IdeaProjects/simuladorRestaurant/target/classes/assets/textures/sam.png
13:40:48.084 [JavaFX Application Thread] DEBUG Input                - Clearing active input actions
13:40:48.094 [JavaFX Application Thread] DEBUG GameApplicationServi - Removing overlay from FXGLLoadingScene and adding to GameScene
13:40:48.094 [JavaFX Application Thread] DEBUG PrimaryStageWindow   - FXGLLoadingScene -> GameScene
13:40:48.113 [FXGL Background Thread 2 ] INFO  UpdaterService       - Your current version:  17.3
13:40:48.113 [FXGL Background Thread 2 ] INFO  UpdaterService       - Latest stable version: 21.1
13:40:50.500 [FXGL Background Thread 3 ] DEBUG Engine               - Logging environment variables
13:40:50.501 [FXGL Background Thread 3 ] DEBUG Engine               - achievements: []
13:40:50.501 [FXGL Background Thread 3 ] DEBUG Engine               - actualHeight: 685.0
13:40:50.501 [FXGL Background Thread 3 ] DEBUG Engine               - actualHeightProperty: ReadOnlyDoubleProperty [value: 715.0]
13:40:50.501 [FXGL Background Thread 3 ] DEBUG Engine               - actualWidth: 1280.0
13:40:50.502 [FXGL Background Thread 3 ] DEBUG Engine               - actualWidthProperty: ReadOnlyDoubleProperty [value: 1280.0]
13:40:50.502 [FXGL Background Thread 3 ] DEBUG Engine               - appIcon: fxgl_icon.png
13:40:50.502 [FXGL Background Thread 3 ] DEBUG Engine               - applicationMode: DEVELOPER
13:40:50.502 [FXGL Background Thread 3 ] DEBUG Engine               - cSSList: [fxgl_dark.css]
13:40:50.502 [FXGL Background Thread 3 ] DEBUG Engine               - collisionDetectionStrategy: BRUTE_FORCE
13:40:50.502 [FXGL Background Thread 3 ] DEBUG Engine               - configClass: Optional.empty
13:40:50.502 [FXGL Background Thread 3 ] DEBUG Engine               - credits: []
13:40:50.502 [FXGL Background Thread 3 ] DEBUG Engine               - defaultCursor: CursorInfo(imageName=fxgl_default_cursor.png, hotspotX=7.0, hotspotY=6.0)
13:40:50.503 [FXGL Background Thread 3 ] DEBUG Engine               - devBBoxColorProperty: ObjectProperty [value: 0xff0000ff]
13:40:50.503 [FXGL Background Thread 3 ] DEBUG Engine               - devEnableDebugCameraProperty: BooleanProperty [value: false]
13:40:50.503 [FXGL Background Thread 3 ] DEBUG Engine               - devSensorColorProperty: ObjectProperty [value: 0xffff00ff]
13:40:50.503 [FXGL Background Thread 3 ] DEBUG Engine               - devShowBBoxProperty: BooleanProperty [value: false]
13:40:50.503 [FXGL Background Thread 3 ] DEBUG Engine               - devShowPositionProperty: BooleanProperty [value: false]
13:40:50.503 [FXGL Background Thread 3 ] DEBUG Engine               - enabledMenuItems: []
13:40:50.503 [FXGL Background Thread 3 ] DEBUG Engine               - engineServices: [class com.almasb.fxgl.app.services.FXGLAssetLoaderService, class com.almasb.fxgl.app.FXGLApplication$GameApplicationService, class com.almasb.fxgl.app.services.FXGLDialogService, class com.almasb.fxgl.app.services.IOTaskExecutorService, class com.almasb.fxgl.io.FileSystemService, class com.almasb.fxgl.localization.LocalizationService, class com.almasb.fxgl.app.services.SystemBundleService, class com.almasb.fxgl.profile.SaveLoadService, class com.almasb.fxgl.ui.FXGLUIFactoryServiceProvider, class com.almasb.fxgl.ui.FXGLDialogFactoryServiceProvider, class com.almasb.fxgl.audio.AudioPlayer, class com.almasb.fxgl.notification.impl.NotificationServiceProvider, class com.almasb.fxgl.achievement.AchievementService, class com.almasb.fxgl.cutscene.CutsceneService, class com.almasb.fxgl.minigames.MiniGameService, class com.almasb.fxgl.net.NetService, class com.almasb.fxgl.app.services.UpdaterService, class com.almasb.fxgl.dev.DevService]
13:40:50.503 [FXGL Background Thread 3 ] DEBUG Engine               - fontGame: Abel-Regular.ttf
13:40:50.503 [FXGL Background Thread 3 ] DEBUG Engine               - fontMono: TerminalLandMono-Regular.otf
13:40:50.503 [FXGL Background Thread 3 ] DEBUG Engine               - fontSizeScaleUI: 1.0
13:40:50.504 [FXGL Background Thread 3 ] DEBUG Engine               - fontText: Courier-Prime.ttf
13:40:50.504 [FXGL Background Thread 3 ] DEBUG Engine               - fontUI: VarelaRound-Regular.ttf
13:40:50.504 [FXGL Background Thread 3 ] DEBUG Engine               - fullScreen: BooleanProperty [value: false]
13:40:50.504 [FXGL Background Thread 3 ] DEBUG Engine               - gameDifficulty: MEDIUM
13:40:50.504 [FXGL Background Thread 3 ] DEBUG Engine               - gameDifficultyProperty: ObjectProperty [value: MEDIUM]
13:40:50.504 [FXGL Background Thread 3 ] DEBUG Engine               - globalMusicVolume: 0.5
13:40:50.504 [FXGL Background Thread 3 ] DEBUG Engine               - globalMusicVolumeProperty: DoubleProperty [value: 0.5]
13:40:50.504 [FXGL Background Thread 3 ] DEBUG Engine               - globalSoundVolume: 0.5
13:40:50.504 [FXGL Background Thread 3 ] DEBUG Engine               - globalSoundVolumeProperty: DoubleProperty [value: 0.5]
13:40:50.504 [FXGL Background Thread 3 ] DEBUG Engine               - height: 720
13:40:50.504 [FXGL Background Thread 3 ] DEBUG Engine               - is3D: false
13:40:50.505 [FXGL Background Thread 3 ] DEBUG Engine               - isAndroid: false
13:40:50.505 [FXGL Background Thread 3 ] DEBUG Engine               - isBrowser: false
13:40:50.505 [FXGL Background Thread 3 ] DEBUG Engine               - isClickFeedbackEnabled: false
13:40:50.505 [FXGL Background Thread 3 ] DEBUG Engine               - isCloseConfirmation: false
13:40:50.505 [FXGL Background Thread 3 ] DEBUG Engine               - isDesktop: true
13:40:50.505 [FXGL Background Thread 3 ] DEBUG Engine               - isDeveloperMenuEnabled: false
13:40:50.505 [FXGL Background Thread 3 ] DEBUG Engine               - isEmbedded: false
13:40:50.505 [FXGL Background Thread 3 ] DEBUG Engine               - isEntityPreloadEnabled: true
13:40:50.505 [FXGL Background Thread 3 ] DEBUG Engine               - isExperimentalTiledLargeMap: false
13:40:50.505 [FXGL Background Thread 3 ] DEBUG Engine               - isFileSystemWriteAllowed: true
13:40:50.505 [FXGL Background Thread 3 ] DEBUG Engine               - isFullScreenAllowed: false
13:40:50.505 [FXGL Background Thread 3 ] DEBUG Engine               - isFullScreenFromStart: false
13:40:50.505 [FXGL Background Thread 3 ] DEBUG Engine               - isGameMenuEnabled: true
13:40:50.506 [FXGL Background Thread 3 ] DEBUG Engine               - isIOS: false
13:40:50.506 [FXGL Background Thread 3 ] DEBUG Engine               - isIntroEnabled: false
13:40:50.506 [FXGL Background Thread 3 ] DEBUG Engine               - isLinux: true
13:40:50.506 [FXGL Background Thread 3 ] DEBUG Engine               - isMac: false
13:40:50.506 [FXGL Background Thread 3 ] DEBUG Engine               - isMainMenuEnabled: false
13:40:50.506 [FXGL Background Thread 3 ] DEBUG Engine               - isManualResizeEnabled: false
13:40:50.506 [FXGL Background Thread 3 ] DEBUG Engine               - isMobile: false
13:40:50.506 [FXGL Background Thread 3 ] DEBUG Engine               - isNative: false
13:40:50.506 [FXGL Background Thread 3 ] DEBUG Engine               - isPauseMusicWhenMinimized: true
13:40:50.506 [FXGL Background Thread 3 ] DEBUG Engine               - isPreserveResizeRatio: false
13:40:50.506 [FXGL Background Thread 3 ] DEBUG Engine               - isProfilingEnabled: false
13:40:50.506 [FXGL Background Thread 3 ] DEBUG Engine               - isScaleAffectedOnResize: true
13:40:50.506 [FXGL Background Thread 3 ] DEBUG Engine               - isSingleStep: false
13:40:50.506 [FXGL Background Thread 3 ] DEBUG Engine               - isUserProfileEnabled: false
13:40:50.507 [FXGL Background Thread 3 ] DEBUG Engine               - isWindows: false
13:40:50.507 [FXGL Background Thread 3 ] DEBUG Engine               - language: ObjectProperty [value: ENGLISH]
13:40:50.507 [FXGL Background Thread 3 ] DEBUG Engine               - menuKey: ESCAPE
13:40:50.507 [FXGL Background Thread 3 ] DEBUG Engine               - mouseSensitivity: 0.2
13:40:50.507 [FXGL Background Thread 3 ] DEBUG Engine               - notificationViewClass: class com.almasb.fxgl.notification.view.XboxNotificationView
13:40:50.507 [FXGL Background Thread 3 ] DEBUG Engine               - pixelsPerMeter: 50.0
13:40:50.507 [FXGL Background Thread 3 ] DEBUG Engine               - platform: LINUX
13:40:50.507 [FXGL Background Thread 3 ] DEBUG Engine               - prefHeightProperty: ReadOnlyDoubleProperty [value: 720.0]
13:40:50.507 [FXGL Background Thread 3 ] DEBUG Engine               - prefWidthProperty: ReadOnlyDoubleProperty [value: 1280.0]
13:40:50.507 [FXGL Background Thread 3 ] DEBUG Engine               - profileDir: profiles/
13:40:50.507 [FXGL Background Thread 3 ] DEBUG Engine               - profileName: StringProperty [value: DEFAULT]
13:40:50.507 [FXGL Background Thread 3 ] DEBUG Engine               - randomSeed: -1
13:40:50.508 [FXGL Background Thread 3 ] DEBUG Engine               - runtimeInfo: RuntimeInfo(platform=LINUX, version=17.3, build=30.03.2023 11.49)
13:40:50.508 [FXGL Background Thread 3 ] DEBUG Engine               - saveFileExt: sav
13:40:50.508 [FXGL Background Thread 3 ] DEBUG Engine               - scaledHeightProp$fxgl: DoubleProperty [bound, value: 715.0]
13:40:50.508 [FXGL Background Thread 3 ] DEBUG Engine               - scaledWidthProp$fxgl: DoubleProperty [bound, value: 1280.0]
13:40:50.508 [FXGL Background Thread 3 ] DEBUG Engine               - sceneFactory: com.almasb.fxgl.app.scene.SceneFactory@45590ac
13:40:50.508 [FXGL Background Thread 3 ] DEBUG Engine               - secondsIn24h: 60
13:40:50.508 [FXGL Background Thread 3 ] DEBUG Engine               - soundMenuBack: menu/back.wav
13:40:50.508 [FXGL Background Thread 3 ] DEBUG Engine               - soundMenuPress: menu/press.wav
13:40:50.508 [FXGL Background Thread 3 ] DEBUG Engine               - soundMenuSelect: menu/select.wav
13:40:50.508 [FXGL Background Thread 3 ] DEBUG Engine               - soundNotification: core/notification.wav
13:40:50.508 [FXGL Background Thread 3 ] DEBUG Engine               - stageStyle: DECORATED
13:40:50.508 [FXGL Background Thread 3 ] DEBUG Engine               - supportedLanguages: [ENGLISH, FRENCH, GERMAN, HUNGARIAN, RUSSIAN]
13:40:50.508 [FXGL Background Thread 3 ] DEBUG Engine               - ticksPerSecond: -1
13:40:50.508 [FXGL Background Thread 3 ] DEBUG Engine               - title: Restaurante Simulador
13:40:50.509 [FXGL Background Thread 3 ] DEBUG Engine               - urlGithub: https://github.com/AlmasB/FXGL
13:40:50.509 [FXGL Background Thread 3 ] DEBUG Engine               - urlLeaderboard: http://fxgl-top.herokuapp.com/
13:40:50.509 [FXGL Background Thread 3 ] DEBUG Engine               - urlPOM: https://raw.githubusercontent.com/AlmasB/FXGL/release/README.md
13:40:50.509 [FXGL Background Thread 3 ] DEBUG Engine               - userAppClass: class com.restaurant.RestaurantApp
13:40:50.509 [FXGL Background Thread 3 ] DEBUG Engine               - version: 1.0
13:40:50.509 [FXGL Background Thread 3 ] DEBUG Engine               - versionCheckDays: 7
13:40:50.509 [FXGL Background Thread 3 ] DEBUG Engine               - width: 1280
13:40:50.509 [FXGL Background Thread 3 ] DEBUG Engine               - Logging services
13:40:50.509 [FXGL Background Thread 3 ] DEBUG Engine               - class com.almasb.fxgl.app.services.FXGLAssetLoaderService
13:40:50.509 [FXGL Background Thread 3 ] DEBUG Engine               - class com.almasb.fxgl.app.FXGLApplication$GameApplicationService
13:40:50.509 [FXGL Background Thread 3 ] DEBUG Engine               - class com.almasb.fxgl.app.services.FXGLDialogService
13:40:50.509 [FXGL Background Thread 3 ] DEBUG Engine               - class com.almasb.fxgl.app.services.IOTaskExecutorService
13:40:50.509 [FXGL Background Thread 3 ] DEBUG Engine               - class com.almasb.fxgl.io.FileSystemService
13:40:50.509 [FXGL Background Thread 3 ] DEBUG Engine               - class com.almasb.fxgl.localization.LocalizationService
13:40:50.509 [FXGL Background Thread 3 ] DEBUG Engine               - class com.almasb.fxgl.app.services.SystemBundleService
13:40:50.509 [FXGL Background Thread 3 ] DEBUG Engine               - class com.almasb.fxgl.profile.SaveLoadService
13:40:50.510 [FXGL Background Thread 3 ] DEBUG Engine               - class com.almasb.fxgl.ui.FXGLUIFactoryServiceProvider
13:40:50.510 [FXGL Background Thread 3 ] DEBUG Engine               - class com.almasb.fxgl.ui.FXGLDialogFactoryServiceProvider
13:40:50.510 [FXGL Background Thread 3 ] DEBUG Engine               - class com.almasb.fxgl.audio.AudioPlayer
13:40:50.510 [FXGL Background Thread 3 ] DEBUG Engine               - class com.almasb.fxgl.notification.impl.NotificationServiceProvider
13:40:50.510 [FXGL Background Thread 3 ] DEBUG Engine               - class com.almasb.fxgl.achievement.AchievementService
13:40:50.510 [FXGL Background Thread 3 ] DEBUG Engine               - class com.almasb.fxgl.cutscene.CutsceneService
13:40:50.510 [FXGL Background Thread 3 ] DEBUG Engine               - class com.almasb.fxgl.minigames.MiniGameService
13:40:50.510 [FXGL Background Thread 3 ] DEBUG Engine               - class com.almasb.fxgl.net.NetService
13:40:50.510 [FXGL Background Thread 3 ] DEBUG Engine               - class com.almasb.fxgl.app.services.UpdaterService
13:40:50.510 [FXGL Background Thread 3 ] DEBUG Engine               - class com.almasb.fxgl.dev.DevService
13:41:52.399 [JavaFX Application Thread] DEBUG FXGLApplication      - Exiting FXGL
13:41:52.399 [JavaFX Application Thread] DEBUG LoopRunner           - Stopping loop
13:41:52.399 [JavaFX Application Thread] DEBUG SystemBundleService  - Saving FXGL system data
13:41:52.400 [JavaFX Application Thread] DEBUG FileSystemAccess     - Writing to: /home/khars/IdeaProjects/simuladorRestaurant/system/fxgl.bundle
13:41:52.401 [JavaFX Application Thread] DEBUG Async                - Shutting down background threads
13:41:52.401 [JavaFX Application Thread] DEBUG PrimaryStageWindow   - Closing main window
13:41:52.403 [JavaFX Application Thread] DEBUG Logger               - Closing Logger
