10:50:20.979 [main                     ] DEBUG Logger               - Configured Logger
10:50:21.011 [main                     ] DEBUG GameApplication      - Logging settings
Title: Restaurante Simulador
Version: 1.0
Width: 1280
Height: 720
Fullscreen: false
Intro: false
Profiling: false
Single step:false
App Mode: DEVELOPER
Menu Key: ESCAPE
Stage Style: DECORATED
Scene Factory: class com.almasb.fxgl.app.scene.SceneFactory

10:50:21.486 [JavaFX Application Thread] DEBUG FXGLApplication      - Initializing FXGL
10:50:21.490 [JavaFX Application Thread] INFO  Engine               - FXGL-17.3 (30.03.2023 11.49) on LINUX (J:21.0.5 FX:21)
10:50:21.491 [JavaFX Application Thread] DEBUG Engine               - JRE Vendor Name: Amazon.com Inc.
10:50:21.491 [JavaFX Application Thread] DEBUG Engine               - Running on OS: Linux version 6.8.0-49-generic
10:50:21.491 [JavaFX Application Thread] DEBUG Engine               - Architecture: amd64
10:50:21.491 [JavaFX Application Thread] INFO  Engine               - Source code and latest versions at: https://github.com/AlmasB/FXGL
10:50:21.492 [JavaFX Application Thread] INFO  Engine               -       Ask questions and discuss at: https://github.com/AlmasB/FXGL/discussions
10:50:21.492 [JavaFX Application Thread] INFO  Engine               -              Join the FXGL chat at: https://gitter.im/AlmasB/FXGL
10:50:21.602 [JavaFX Application Thread] DEBUG PrimaryStageWindow   - Creating a JavaFX scene
10:50:21.708 [JavaFX Application Thread] DEBUG PrimaryStageWindow   - Target settings size: 1280.0 x 720.0
10:50:21.709 [JavaFX Application Thread] DEBUG PrimaryStageWindow   - Scaled scene size:    1280.0 x 720.0
10:50:21.709 [JavaFX Application Thread] DEBUG PrimaryStageWindow   - Scaled ratio: (1.0, 1.0)
10:50:21.711 [JavaFX Application Thread] DEBUG PrimaryStageWindow   - Set initial scene to FXGLStartupScene
10:50:21.715 [JavaFX Application Thread] DEBUG PrimaryStageWindow   - Opening main window
10:50:21.761 [JavaFX Application Thread] DEBUG PrimaryStageWindow   - Window border size: (0.0, 35.0)
10:50:21.761 [JavaFX Application Thread] DEBUG PrimaryStageWindow   - Scaled size: 1280.0 x 685.0
10:50:21.761 [JavaFX Application Thread] DEBUG PrimaryStageWindow   - Scaled ratio: (1.0, 0.9513888888888888)
10:50:21.761 [JavaFX Application Thread] DEBUG PrimaryStageWindow   - Scene size: 1280.0 x 720.0
10:50:21.761 [JavaFX Application Thread] DEBUG PrimaryStageWindow   - Stage size: 1280.0 x 720.0
10:50:21.766 [FXGL Background Thread 1 ] DEBUG Engine               - Initializing environment variables
10:50:21.797 [FXGL Background Thread 1 ] DEBUG FXGLAssetLoaderServi - User app class for loading assets: class com.restaurant.RestaurantApp
10:50:21.797 [FXGL Background Thread 1 ] DEBUG GameApplicationServi - Applying CSS: fxgl_dark.css
10:50:21.798 [FXGL Background Thread 1 ] DEBUG FXGLAssetLoaderServi - Loading from file system: jar:file:/home/khars/.m2/repository/com/github/almasb/fxgl/17.3/fxgl-17.3.jar!/fxglassets/ui/css/fxgl_dark.css
10:50:21.851 [FXGL Background Thread 1 ] DEBUG GameApplicationServi - Initializing application scenes
10:50:21.899 [FXGL Background Thread 1 ] DEBUG GameWorld            - Game world initialized
10:50:21.953 [FXGL Background Thread 1 ] DEBUG PhysicsWorld         - Physics world initialized: appHeight=720, physics.ppm=50,0
10:50:21.953 [FXGL Background Thread 1 ] DEBUG PhysicsWorld         - Using strategy: BRUTE_FORCE
10:50:21.957 [FXGL Background Thread 1 ] DEBUG GameScene            - Game scene initialized: 1280x720
10:50:21.969 [FXGL Background Thread 1 ] DEBUG FXGL.DefaultMenu     - createMenuBodyGameMenu()
10:50:21.983 [FXGL Background Thread 1 ] DEBUG FXGL.DefaultMenu     - createOptionsMenu()
10:50:21.994 [FXGL Background Thread 1 ] DEBUG FXGLAssetLoaderServi - Loading from file system: jar:file:/home/khars/.m2/repository/com/github/almasb/fxgl/17.3/fxgl-17.3.jar!/fxglassets/textures/particles/smoke.png
10:50:22.093 [FXGL Background Thread 1 ] DEBUG FXGLAssetLoaderServi - Loading from file system: jar:file:/home/khars/.m2/repository/com/github/almasb/fxgl/17.3/fxgl-17.3.jar!/fxglassets/textures/particles/trace_horizontal.png
10:50:22.134 [FXGL Background Thread 1 ] DEBUG GameApplicationServi - Application scenes initialized
10:50:22.150 [FXGL Background Thread 1 ] DEBUG SystemBundleService  - Loading FXGL system data
10:50:22.152 [FXGL Background Thread 1 ] DEBUG FileSystemAccess     - Reading from: /home/khars/IdeaProjects/simuladorRestaurant/system/fxgl.bundle
10:50:22.156 [FXGL Background Thread 1 ] DEBUG SystemBundleService  - Bundle FXGL: {}
10:50:22.156 [FXGL Background Thread 1 ] DEBUG UpdaterService       - Checking for updates
10:50:22.163 [FXGL Background Thread 4 ] DEBUG FXGLApplication      - Loading fonts
10:50:22.163 [FXGL Background Thread 4 ] DEBUG FXGLAssetLoaderServi - Loading from file system: jar:file:/home/khars/.m2/repository/com/github/almasb/fxgl/17.3/fxgl-17.3.jar!/fxglassets/ui/fonts/VarelaRound-Regular.ttf
10:50:22.164 [FXGL Background Thread 1 ] DEBUG FXGLApplication      - Loading default localization
10:50:22.164 [FXGL Background Thread 1 ] DEBUG FXGLAssetLoaderServi - Loading from file system: jar:file:/home/khars/.m2/repository/com/github/almasb/fxgl/17.3/fxgl-17.3.jar!/fxglassets/languages/english.lang
10:50:22.184 [FXGL Background Thread 4 ] DEBUG FXGLAssetLoaderServi - Loading from file system: jar:file:/home/khars/.m2/repository/com/github/almasb/fxgl/17.3/fxgl-17.3.jar!/fxglassets/ui/fonts/Abel-Regular.ttf
10:50:22.186 [FXGL Background Thread 4 ] DEBUG FXGLAssetLoaderServi - Loading from file system: jar:file:/home/khars/.m2/repository/com/github/almasb/fxgl/17.3/fxgl-17.3.jar!/fxglassets/ui/fonts/TerminalLandMono-Regular.otf
10:50:22.188 [FXGL Background Thread 4 ] DEBUG FXGLAssetLoaderServi - Loading from file system: jar:file:/home/khars/.m2/repository/com/github/almasb/fxgl/17.3/fxgl-17.3.jar!/fxglassets/ui/fonts/Courier-Prime.ttf
10:50:22.197 [JavaFX Application Thread] DEBUG FXGLApplication      - Registering font factories with UI factory
10:50:22.202 [FXGL Background Thread 1 ] INFO  FXGLApplication      - FXGL initialization took: 0,436 sec
10:50:22.203 [JavaFX Application Thread] DEBUG FXGLAssetLoaderServi - Loading from file system: jar:file:/home/khars/.m2/repository/com/github/almasb/fxgl/17.3/fxgl-17.3.jar!/fxglassets/textures/fxgl_icon.png
10:50:22.233 [JavaFX Application Thread] DEBUG FXGLAssetLoaderServi - Loading from file system: jar:file:/home/khars/.m2/repository/com/github/almasb/fxgl/17.3/fxgl-17.3.jar!/fxglassets/textures/fxgl_default_cursor.png
10:50:22.246 [JavaFX Application Thread] DEBUG Input                - Registered new binding: Screenshot - CTRL+8
10:50:22.246 [JavaFX Application Thread] DEBUG Input                - Registered new binding: System info dump - CTRL+9
10:50:22.247 [JavaFX Application Thread] DEBUG Input                - Registered new binding: Restart - CTRL+R
10:50:22.247 [JavaFX Application Thread] DEBUG Input                - Registered new binding: Toggle Debug Camera - CTRL+7
10:50:22.250 [JavaFX Application Thread] DEBUG LoopRunner           - Starting loop
10:50:22.250 [JavaFX Application Thread] DEBUG LoopRunner           - Initializing JavaFX AnimationTimerLoop
10:50:22.251 [JavaFX Application Thread] DEBUG GameApplicationServi - Starting new game
10:50:22.252 [JavaFX Application Thread] DEBUG Input                - Clearing active input actions
10:50:22.265 [JavaFX Application Thread] DEBUG GameApplicationServi - Removing overlay from FXGLStartupScene and adding to FXGLLoadingScene
10:50:22.266 [JavaFX Application Thread] DEBUG PrimaryStageWindow   - FXGLStartupScene -> FXGLLoadingScene
10:50:22.266 [JavaFX Application Thread] DEBUG GameApplicationServi - Clearing previous game
10:50:22.266 [JavaFX Application Thread] DEBUG GameScene            - Clearing game scene
10:50:22.266 [JavaFX Application Thread] DEBUG GameWorld            - Clearing game world
10:50:22.266 [JavaFX Application Thread] DEBUG PhysicsWorld         - Clearing physics world
10:50:22.268 [FXGL Background Thread 1 ] DEBUG FXGLApplication      - Initializing game
10:50:22.280 [FXGL Background Thread 1 ] DEBUG FXGLAssetLoaderServi - Loading from file system: file:/home/khars/IdeaProjects/simuladorRestaurant/target/classes/assets/textures/fondo.png
10:50:22.297 [FXGL Background Thread 1 ] DEBUG FXGLAssetLoaderServi - Loading from file system: file:/home/khars/IdeaProjects/simuladorRestaurant/target/classes/assets/textures/cocina.png
10:50:22.309 [FXGL Background Thread 1 ] DEBUG FXGLAssetLoaderServi - Loading from file system: file:/home/khars/IdeaProjects/simuladorRestaurant/target/classes/assets/textures/recepcionista.png
10:50:22.312 [FXGL Background Thread 1 ] DEBUG FXGLAssetLoaderServi - Loading from file system: file:/home/khars/IdeaProjects/simuladorRestaurant/target/classes/assets/textures/chef1.png
10:50:22.669 [JavaFX Application Thread] DEBUG LoopRunner           - Stopping loop
10:50:22.670 [JavaFX Application Thread] FATAL FXGLApplication      - Uncaught Exception:
java.lang.RuntimeException: Initialization failed
	at com.almasb.fxgl.app.FXGLApplication$InitAppTask.failed(FXGLApplication.kt:343)
	at javafx.concurrent.Task.setState(Task.java:710)
	at javafx.concurrent.Task$TaskCallable.lambda$call$2(Task.java:1429)
	at com.sun.javafx.application.PlatformImpl.lambda$runLater$10(PlatformImpl.java:456)
	at java.base/java.security.AccessController.doPrivileged(AccessController.java:400)
	at com.sun.javafx.application.PlatformImpl.lambda$runLater$11(PlatformImpl.java:455)
	at com.sun.glass.ui.InvokeLaterDispatcher$Future.run(InvokeLaterDispatcher.java:95)
	at com.sun.glass.ui.gtk.GtkApplication._runLoop(Native Method)
	at com.sun.glass.ui.gtk.GtkApplication.lambda$runLoop$10(GtkApplication.java:263)
	at java.base/java.lang.Thread.run(Thread.java:1583)
Caused by: java.lang.NullPointerException: Cannot invoke "com.almasb.fxgl.entity.Entity.getViewComponent()" because "this.entity" is null
	at com.restaurant.components.ChefComponent.<init>(ChefComponent.java:19)
	at com.restaurant.factories.RestaurantEntityFactory.spawnChef(RestaurantEntityFactory.java:58)
	at java.base/jdk.internal.reflect.DirectMethodHandleAccessor.invoke(DirectMethodHandleAccessor.java:103)
	at java.base/java.lang.reflect.Method.invoke(Method.java:580)
	at com.almasb.fxgl.core.reflect.ReflectionUtils.call(ReflectionUtils.java:104)
	at com.almasb.fxgl.core.reflect.ReflectionUtils.lambda$mapToFunction$3(ReflectionUtils.java:111)
	at com.almasb.fxgl.entity.GameWorld$create$2.invoke(GameWorld.kt:430)
	at com.almasb.fxgl.entity.GameWorld$create$2.invoke(GameWorld.kt:430)
	at com.almasb.fxgl.core.util.DSLKt.tryCatchRoot(DSL.kt:34)
	at com.almasb.fxgl.entity.GameWorld.create(GameWorld.kt:430)
	at com.almasb.fxgl.entity.GameWorld.spawn(GameWorld.kt:396)
	at com.almasb.fxgl.dsl.FXGL$Companion.spawn(FXGL.kt:565)
	at com.almasb.fxgl.dsl.FXGL.spawn(FXGL.kt)
	at com.restaurant.RestaurantApp.initGame(RestaurantApp.java:47)
	at com.almasb.fxgl.app.FXGLApplication$InitAppTask.initGame(FXGLApplication.kt:339)
	at com.almasb.fxgl.app.FXGLApplication$InitAppTask.call(FXGLApplication.kt:319)
	at com.almasb.fxgl.app.FXGLApplication$InitAppTask.call(FXGLApplication.kt:311)
	at javafx.concurrent.Task$TaskCallable.call(Task.java:1399)
	at java.base/java.util.concurrent.FutureTask.run(FutureTask.java:317)
	at java.base/java.util.concurrent.Executors$RunnableAdapter.call(Executors.java:572)
	at java.base/java.util.concurrent.FutureTask.run(FutureTask.java:317)
	at java.base/java.util.concurrent.ThreadPoolExecutor.runWorker(ThreadPoolExecutor.java:1144)
	at java.base/java.util.concurrent.ThreadPoolExecutor$Worker.run(ThreadPoolExecutor.java:642)
	... 1 more

10:50:22.671 [JavaFX Application Thread] FATAL FXGLApplication      - Application will now exit
10:50:22.684 [JavaFX Application Thread] DEBUG PrimaryStageWindow   - Push state: ErrorSubScene
10:50:22.684 [JavaFX Application Thread] DEBUG Input                - Clearing active input actions
10:50:22.689 [JavaFX Application Thread] DEBUG GameApplicationServi - Removing overlay from FXGLLoadingScene and adding to ErrorSubScene
10:50:22.690 [JavaFX Application Thread] DEBUG PrimaryStageWindow   - FXGLLoadingScene -> ErrorSubScene
10:50:22.727 [FXGL Background Thread 2 ] INFO  UpdaterService       - Your current version:  17.3
10:50:22.727 [FXGL Background Thread 2 ] INFO  UpdaterService       - Latest stable version: 21.1
10:50:25.159 [FXGL Background Thread 3 ] DEBUG Engine               - Logging environment variables
10:50:25.159 [FXGL Background Thread 3 ] DEBUG Engine               - achievements: []
10:50:25.159 [FXGL Background Thread 3 ] DEBUG Engine               - actualHeight: 685.0
10:50:25.160 [FXGL Background Thread 3 ] DEBUG Engine               - actualHeightProperty: ReadOnlyDoubleProperty [value: 715.0]
10:50:25.160 [FXGL Background Thread 3 ] DEBUG Engine               - actualWidth: 1280.0
10:50:25.160 [FXGL Background Thread 3 ] DEBUG Engine               - actualWidthProperty: ReadOnlyDoubleProperty [value: 1280.0]
10:50:25.160 [FXGL Background Thread 3 ] DEBUG Engine               - appIcon: fxgl_icon.png
10:50:25.160 [FXGL Background Thread 3 ] DEBUG Engine               - applicationMode: DEVELOPER
10:50:25.160 [FXGL Background Thread 3 ] DEBUG Engine               - cSSList: [fxgl_dark.css]
10:50:25.160 [FXGL Background Thread 3 ] DEBUG Engine               - collisionDetectionStrategy: BRUTE_FORCE
10:50:25.160 [FXGL Background Thread 3 ] DEBUG Engine               - configClass: Optional.empty
10:50:25.160 [FXGL Background Thread 3 ] DEBUG Engine               - credits: []
10:50:25.160 [FXGL Background Thread 3 ] DEBUG Engine               - defaultCursor: CursorInfo(imageName=fxgl_default_cursor.png, hotspotX=7.0, hotspotY=6.0)
10:50:25.161 [FXGL Background Thread 3 ] DEBUG Engine               - devBBoxColorProperty: ObjectProperty [value: 0xff0000ff]
10:50:25.161 [FXGL Background Thread 3 ] DEBUG Engine               - devEnableDebugCameraProperty: BooleanProperty [value: false]
10:50:25.161 [FXGL Background Thread 3 ] DEBUG Engine               - devSensorColorProperty: ObjectProperty [value: 0xffff00ff]
10:50:25.161 [FXGL Background Thread 3 ] DEBUG Engine               - devShowBBoxProperty: BooleanProperty [value: false]
10:50:25.161 [FXGL Background Thread 3 ] DEBUG Engine               - devShowPositionProperty: BooleanProperty [value: false]
10:50:25.161 [FXGL Background Thread 3 ] DEBUG Engine               - enabledMenuItems: []
10:50:25.161 [FXGL Background Thread 3 ] DEBUG Engine               - engineServices: [class com.almasb.fxgl.app.services.FXGLAssetLoaderService, class com.almasb.fxgl.app.FXGLApplication$GameApplicationService, class com.almasb.fxgl.app.services.FXGLDialogService, class com.almasb.fxgl.app.services.IOTaskExecutorService, class com.almasb.fxgl.io.FileSystemService, class com.almasb.fxgl.localization.LocalizationService, class com.almasb.fxgl.app.services.SystemBundleService, class com.almasb.fxgl.profile.SaveLoadService, class com.almasb.fxgl.ui.FXGLUIFactoryServiceProvider, class com.almasb.fxgl.ui.FXGLDialogFactoryServiceProvider, class com.almasb.fxgl.audio.AudioPlayer, class com.almasb.fxgl.notification.impl.NotificationServiceProvider, class com.almasb.fxgl.achievement.AchievementService, class com.almasb.fxgl.cutscene.CutsceneService, class com.almasb.fxgl.minigames.MiniGameService, class com.almasb.fxgl.net.NetService, class com.almasb.fxgl.app.services.UpdaterService, class com.almasb.fxgl.dev.DevService]
10:50:25.161 [FXGL Background Thread 3 ] DEBUG Engine               - fontGame: Abel-Regular.ttf
10:50:25.161 [FXGL Background Thread 3 ] DEBUG Engine               - fontMono: TerminalLandMono-Regular.otf
10:50:25.161 [FXGL Background Thread 3 ] DEBUG Engine               - fontSizeScaleUI: 1.0
10:50:25.161 [FXGL Background Thread 3 ] DEBUG Engine               - fontText: Courier-Prime.ttf
10:50:25.161 [FXGL Background Thread 3 ] DEBUG Engine               - fontUI: VarelaRound-Regular.ttf
10:50:25.161 [FXGL Background Thread 3 ] DEBUG Engine               - fullScreen: BooleanProperty [value: false]
10:50:25.161 [FXGL Background Thread 3 ] DEBUG Engine               - gameDifficulty: MEDIUM
10:50:25.162 [FXGL Background Thread 3 ] DEBUG Engine               - gameDifficultyProperty: ObjectProperty [value: MEDIUM]
10:50:25.162 [FXGL Background Thread 3 ] DEBUG Engine               - globalMusicVolume: 0.5
10:50:25.162 [FXGL Background Thread 3 ] DEBUG Engine               - globalMusicVolumeProperty: DoubleProperty [value: 0.5]
10:50:25.162 [FXGL Background Thread 3 ] DEBUG Engine               - globalSoundVolume: 0.5
10:50:25.162 [FXGL Background Thread 3 ] DEBUG Engine               - globalSoundVolumeProperty: DoubleProperty [value: 0.5]
10:50:25.162 [FXGL Background Thread 3 ] DEBUG Engine               - height: 720
10:50:25.162 [FXGL Background Thread 3 ] DEBUG Engine               - is3D: false
10:50:25.162 [FXGL Background Thread 3 ] DEBUG Engine               - isAndroid: false
10:50:25.162 [FXGL Background Thread 3 ] DEBUG Engine               - isBrowser: false
10:50:25.162 [FXGL Background Thread 3 ] DEBUG Engine               - isClickFeedbackEnabled: false
10:50:25.162 [FXGL Background Thread 3 ] DEBUG Engine               - isCloseConfirmation: false
10:50:25.162 [FXGL Background Thread 3 ] DEBUG Engine               - isDesktop: true
10:50:25.162 [FXGL Background Thread 3 ] DEBUG Engine               - isDeveloperMenuEnabled: false
10:50:25.162 [FXGL Background Thread 3 ] DEBUG Engine               - isEmbedded: false
10:50:25.162 [FXGL Background Thread 3 ] DEBUG Engine               - isEntityPreloadEnabled: true
10:50:25.162 [FXGL Background Thread 3 ] DEBUG Engine               - isExperimentalTiledLargeMap: false
10:50:25.162 [FXGL Background Thread 3 ] DEBUG Engine               - isFileSystemWriteAllowed: true
10:50:25.162 [FXGL Background Thread 3 ] DEBUG Engine               - isFullScreenAllowed: false
10:50:25.163 [FXGL Background Thread 3 ] DEBUG Engine               - isFullScreenFromStart: false
10:50:25.163 [FXGL Background Thread 3 ] DEBUG Engine               - isGameMenuEnabled: true
10:50:25.163 [FXGL Background Thread 3 ] DEBUG Engine               - isIOS: false
10:50:25.163 [FXGL Background Thread 3 ] DEBUG Engine               - isIntroEnabled: false
10:50:25.163 [FXGL Background Thread 3 ] DEBUG Engine               - isLinux: true
10:50:25.163 [FXGL Background Thread 3 ] DEBUG Engine               - isMac: false
10:50:25.163 [FXGL Background Thread 3 ] DEBUG Engine               - isMainMenuEnabled: false
10:50:25.163 [FXGL Background Thread 3 ] DEBUG Engine               - isManualResizeEnabled: false
10:50:25.163 [FXGL Background Thread 3 ] DEBUG Engine               - isMobile: false
10:50:25.163 [FXGL Background Thread 3 ] DEBUG Engine               - isNative: false
10:50:25.163 [FXGL Background Thread 3 ] DEBUG Engine               - isPauseMusicWhenMinimized: true
10:50:25.163 [FXGL Background Thread 3 ] DEBUG Engine               - isPreserveResizeRatio: false
10:50:25.163 [FXGL Background Thread 3 ] DEBUG Engine               - isProfilingEnabled: false
10:50:25.163 [FXGL Background Thread 3 ] DEBUG Engine               - isScaleAffectedOnResize: true
10:50:25.163 [FXGL Background Thread 3 ] DEBUG Engine               - isSingleStep: false
10:50:25.163 [FXGL Background Thread 3 ] DEBUG Engine               - isUserProfileEnabled: false
10:50:25.163 [FXGL Background Thread 3 ] DEBUG Engine               - isWindows: false
10:50:25.164 [FXGL Background Thread 3 ] DEBUG Engine               - language: ObjectProperty [value: ENGLISH]
10:50:25.164 [FXGL Background Thread 3 ] DEBUG Engine               - menuKey: ESCAPE
10:50:25.164 [FXGL Background Thread 3 ] DEBUG Engine               - mouseSensitivity: 0.2
10:50:25.164 [FXGL Background Thread 3 ] DEBUG Engine               - notificationViewClass: class com.almasb.fxgl.notification.view.XboxNotificationView
10:50:25.164 [FXGL Background Thread 3 ] DEBUG Engine               - pixelsPerMeter: 50.0
10:50:25.164 [FXGL Background Thread 3 ] DEBUG Engine               - platform: LINUX
10:50:25.164 [FXGL Background Thread 3 ] DEBUG Engine               - prefHeightProperty: ReadOnlyDoubleProperty [value: 720.0]
10:50:25.164 [FXGL Background Thread 3 ] DEBUG Engine               - prefWidthProperty: ReadOnlyDoubleProperty [value: 1280.0]
10:50:25.164 [FXGL Background Thread 3 ] DEBUG Engine               - profileDir: profiles/
10:50:25.164 [FXGL Background Thread 3 ] DEBUG Engine               - profileName: StringProperty [value: DEFAULT]
10:50:25.164 [FXGL Background Thread 3 ] DEBUG Engine               - randomSeed: -1
10:50:25.165 [FXGL Background Thread 3 ] DEBUG Engine               - runtimeInfo: RuntimeInfo(platform=LINUX, version=17.3, build=30.03.2023 11.49)
10:50:25.165 [FXGL Background Thread 3 ] DEBUG Engine               - saveFileExt: sav
10:50:25.165 [FXGL Background Thread 3 ] DEBUG Engine               - scaledHeightProp$fxgl: DoubleProperty [bound, value: 715.0]
10:50:25.165 [FXGL Background Thread 3 ] DEBUG Engine               - scaledWidthProp$fxgl: DoubleProperty [bound, value: 1280.0]
10:50:25.165 [FXGL Background Thread 3 ] DEBUG Engine               - sceneFactory: com.almasb.fxgl.app.scene.SceneFactory@1cd8b18d
10:50:25.165 [FXGL Background Thread 3 ] DEBUG Engine               - secondsIn24h: 60
10:50:25.165 [FXGL Background Thread 3 ] DEBUG Engine               - soundMenuBack: menu/back.wav
10:50:25.165 [FXGL Background Thread 3 ] DEBUG Engine               - soundMenuPress: menu/press.wav
10:50:25.165 [FXGL Background Thread 3 ] DEBUG Engine               - soundMenuSelect: menu/select.wav
10:50:25.165 [FXGL Background Thread 3 ] DEBUG Engine               - soundNotification: core/notification.wav
10:50:25.165 [FXGL Background Thread 3 ] DEBUG Engine               - stageStyle: DECORATED
10:50:25.165 [FXGL Background Thread 3 ] DEBUG Engine               - supportedLanguages: [ENGLISH, FRENCH, GERMAN, HUNGARIAN, RUSSIAN]
10:50:25.165 [FXGL Background Thread 3 ] DEBUG Engine               - ticksPerSecond: -1
10:50:25.165 [FXGL Background Thread 3 ] DEBUG Engine               - title: Restaurante Simulador
10:50:25.165 [FXGL Background Thread 3 ] DEBUG Engine               - urlGithub: https://github.com/AlmasB/FXGL
10:50:25.165 [FXGL Background Thread 3 ] DEBUG Engine               - urlLeaderboard: http://fxgl-top.herokuapp.com/
10:50:25.165 [FXGL Background Thread 3 ] DEBUG Engine               - urlPOM: https://raw.githubusercontent.com/AlmasB/FXGL/release/README.md
10:50:25.165 [FXGL Background Thread 3 ] DEBUG Engine               - userAppClass: class com.restaurant.RestaurantApp
10:50:25.165 [FXGL Background Thread 3 ] DEBUG Engine               - version: 1.0
10:50:25.165 [FXGL Background Thread 3 ] DEBUG Engine               - versionCheckDays: 7
10:50:25.166 [FXGL Background Thread 3 ] DEBUG Engine               - width: 1280
10:50:25.166 [FXGL Background Thread 3 ] DEBUG Engine               - Logging services
10:50:25.166 [FXGL Background Thread 3 ] DEBUG Engine               - class com.almasb.fxgl.app.services.FXGLAssetLoaderService
10:50:25.166 [FXGL Background Thread 3 ] DEBUG Engine               - class com.almasb.fxgl.app.FXGLApplication$GameApplicationService
10:50:25.166 [FXGL Background Thread 3 ] DEBUG Engine               - class com.almasb.fxgl.app.services.FXGLDialogService
10:50:25.166 [FXGL Background Thread 3 ] DEBUG Engine               - class com.almasb.fxgl.app.services.IOTaskExecutorService
10:50:25.166 [FXGL Background Thread 3 ] DEBUG Engine               - class com.almasb.fxgl.io.FileSystemService
10:50:25.166 [FXGL Background Thread 3 ] DEBUG Engine               - class com.almasb.fxgl.localization.LocalizationService
10:50:25.166 [FXGL Background Thread 3 ] DEBUG Engine               - class com.almasb.fxgl.app.services.SystemBundleService
10:50:25.166 [FXGL Background Thread 3 ] DEBUG Engine               - class com.almasb.fxgl.profile.SaveLoadService
10:50:25.166 [FXGL Background Thread 3 ] DEBUG Engine               - class com.almasb.fxgl.ui.FXGLUIFactoryServiceProvider
10:50:25.166 [FXGL Background Thread 3 ] DEBUG Engine               - class com.almasb.fxgl.ui.FXGLDialogFactoryServiceProvider
10:50:25.166 [FXGL Background Thread 3 ] DEBUG Engine               - class com.almasb.fxgl.audio.AudioPlayer
10:50:25.166 [FXGL Background Thread 3 ] DEBUG Engine               - class com.almasb.fxgl.notification.impl.NotificationServiceProvider
10:50:25.166 [FXGL Background Thread 3 ] DEBUG Engine               - class com.almasb.fxgl.achievement.AchievementService
10:50:25.176 [FXGL Background Thread 3 ] DEBUG Engine               - class com.almasb.fxgl.cutscene.CutsceneService
10:50:25.177 [FXGL Background Thread 3 ] DEBUG Engine               - class com.almasb.fxgl.minigames.MiniGameService
10:50:25.177 [FXGL Background Thread 3 ] DEBUG Engine               - class com.almasb.fxgl.net.NetService
10:50:25.177 [FXGL Background Thread 3 ] DEBUG Engine               - class com.almasb.fxgl.app.services.UpdaterService
10:50:25.177 [FXGL Background Thread 3 ] DEBUG Engine               - class com.almasb.fxgl.dev.DevService
10:50:43.015 [JavaFX Application Thread] DEBUG FXGLApplication      - Exiting FXGL
10:50:43.016 [JavaFX Application Thread] DEBUG Async                - Shutting down background threads
10:50:43.016 [JavaFX Application Thread] DEBUG PrimaryStageWindow   - Closing main window
10:50:43.018 [JavaFX Application Thread] DEBUG Logger               - Closing Logger
