12:20:19.132 [main                     ] DEBUG Logger               - Configured Logger
12:20:19.163 [main                     ] DEBUG GameApplication      - Logging settings
Title: Restaurante Simulador
Version: 1.0
Width: 1280
Height: 720
Fullscreen: false
Intro: false
Profiling: false
Single step:false
App Mode: DEVELOPER
Menu Key: ESCAPE
Stage Style: DECORATED
Scene Factory: class com.almasb.fxgl.app.scene.SceneFactory

12:20:19.688 [JavaFX Application Thread] DEBUG FXGLApplication      - Initializing FXGL
12:20:19.692 [JavaFX Application Thread] INFO  Engine               - FXGL-17.3 (30.03.2023 11.49) on LINUX (J:21.0.5 FX:21)
12:20:19.693 [JavaFX Application Thread] DEBUG Engine               - JRE Vendor Name: Amazon.com Inc.
12:20:19.693 [JavaFX Application Thread] DEBUG Engine               - Running on OS: Linux version 6.8.0-49-generic
12:20:19.693 [JavaFX Application Thread] DEBUG Engine               - Architecture: amd64
12:20:19.693 [JavaFX Application Thread] INFO  Engine               - Source code and latest versions at: https://github.com/AlmasB/FXGL
12:20:19.694 [JavaFX Application Thread] INFO  Engine               -       Ask questions and discuss at: https://github.com/AlmasB/FXGL/discussions
12:20:19.694 [JavaFX Application Thread] INFO  Engine               -              Join the FXGL chat at: https://gitter.im/AlmasB/FXGL
12:20:19.816 [JavaFX Application Thread] DEBUG PrimaryStageWindow   - Creating a JavaFX scene
12:20:19.914 [JavaFX Application Thread] DEBUG PrimaryStageWindow   - Target settings size: 1280.0 x 720.0
12:20:19.915 [JavaFX Application Thread] DEBUG PrimaryStageWindow   - Scaled scene size:    1280.0 x 720.0
12:20:19.915 [JavaFX Application Thread] DEBUG PrimaryStageWindow   - Scaled ratio: (1.0, 1.0)
12:20:19.916 [JavaFX Application Thread] DEBUG PrimaryStageWindow   - Set initial scene to FXGLStartupScene
12:20:19.919 [JavaFX Application Thread] DEBUG PrimaryStageWindow   - Opening main window
12:20:19.952 [JavaFX Application Thread] DEBUG PrimaryStageWindow   - Window border size: (0.0, 35.0)
12:20:19.952 [JavaFX Application Thread] DEBUG PrimaryStageWindow   - Scaled size: 1280.0 x 685.0
12:20:19.953 [JavaFX Application Thread] DEBUG PrimaryStageWindow   - Scaled ratio: (1.0, 0.9513888888888888)
12:20:19.953 [JavaFX Application Thread] DEBUG PrimaryStageWindow   - Scene size: 1280.0 x 720.0
12:20:19.953 [JavaFX Application Thread] DEBUG PrimaryStageWindow   - Stage size: 1280.0 x 720.0
12:20:19.957 [FXGL Background Thread 1 ] DEBUG Engine               - Initializing environment variables
12:20:19.994 [FXGL Background Thread 1 ] DEBUG FXGLAssetLoaderServi - User app class for loading assets: class com.restaurant.RestaurantApp
12:20:19.994 [FXGL Background Thread 1 ] DEBUG GameApplicationServi - Applying CSS: fxgl_dark.css
12:20:19.995 [FXGL Background Thread 1 ] DEBUG FXGLAssetLoaderServi - Loading from file system: jar:file:/home/khars/.m2/repository/com/github/almasb/fxgl/17.3/fxgl-17.3.jar!/fxglassets/ui/css/fxgl_dark.css
12:20:20.047 [FXGL Background Thread 1 ] DEBUG GameApplicationServi - Initializing application scenes
12:20:20.093 [FXGL Background Thread 1 ] DEBUG GameWorld            - Game world initialized
12:20:20.150 [FXGL Background Thread 1 ] DEBUG PhysicsWorld         - Physics world initialized: appHeight=720, physics.ppm=50,0
12:20:20.151 [FXGL Background Thread 1 ] DEBUG PhysicsWorld         - Using strategy: BRUTE_FORCE
12:20:20.154 [FXGL Background Thread 1 ] DEBUG GameScene            - Game scene initialized: 1280x720
12:20:20.165 [FXGL Background Thread 1 ] DEBUG FXGL.DefaultMenu     - createMenuBodyGameMenu()
12:20:20.178 [FXGL Background Thread 1 ] DEBUG FXGL.DefaultMenu     - createOptionsMenu()
12:20:20.186 [FXGL Background Thread 1 ] DEBUG FXGLAssetLoaderServi - Loading from file system: jar:file:/home/khars/.m2/repository/com/github/almasb/fxgl/17.3/fxgl-17.3.jar!/fxglassets/textures/particles/smoke.png
12:20:20.274 [FXGL Background Thread 1 ] DEBUG FXGLAssetLoaderServi - Loading from file system: jar:file:/home/khars/.m2/repository/com/github/almasb/fxgl/17.3/fxgl-17.3.jar!/fxglassets/textures/particles/trace_horizontal.png
12:20:20.306 [FXGL Background Thread 1 ] DEBUG GameApplicationServi - Application scenes initialized
12:20:20.334 [FXGL Background Thread 1 ] DEBUG SystemBundleService  - Loading FXGL system data
12:20:20.336 [FXGL Background Thread 1 ] DEBUG FileSystemAccess     - Reading from: /home/khars/IdeaProjects/simuladorRestaurant/system/fxgl.bundle
12:20:20.342 [FXGL Background Thread 1 ] DEBUG SystemBundleService  - Bundle FXGL: {}
12:20:20.342 [FXGL Background Thread 1 ] DEBUG UpdaterService       - Checking for updates
12:20:20.345 [FXGL Background Thread 4 ] DEBUG FXGLApplication      - Loading fonts
12:20:20.346 [FXGL Background Thread 4 ] DEBUG FXGLAssetLoaderServi - Loading from file system: jar:file:/home/khars/.m2/repository/com/github/almasb/fxgl/17.3/fxgl-17.3.jar!/fxglassets/ui/fonts/VarelaRound-Regular.ttf
12:20:20.346 [FXGL Background Thread 1 ] DEBUG FXGLApplication      - Loading default localization
12:20:20.347 [FXGL Background Thread 1 ] DEBUG FXGLAssetLoaderServi - Loading from file system: jar:file:/home/khars/.m2/repository/com/github/almasb/fxgl/17.3/fxgl-17.3.jar!/fxglassets/languages/english.lang
12:20:20.350 [FXGL Background Thread 4 ] DEBUG FXGLAssetLoaderServi - Loading from file system: jar:file:/home/khars/.m2/repository/com/github/almasb/fxgl/17.3/fxgl-17.3.jar!/fxglassets/ui/fonts/Abel-Regular.ttf
12:20:20.351 [FXGL Background Thread 4 ] DEBUG FXGLAssetLoaderServi - Loading from file system: jar:file:/home/khars/.m2/repository/com/github/almasb/fxgl/17.3/fxgl-17.3.jar!/fxglassets/ui/fonts/TerminalLandMono-Regular.otf
12:20:20.353 [FXGL Background Thread 4 ] DEBUG FXGLAssetLoaderServi - Loading from file system: jar:file:/home/khars/.m2/repository/com/github/almasb/fxgl/17.3/fxgl-17.3.jar!/fxglassets/ui/fonts/Courier-Prime.ttf
12:20:20.356 [JavaFX Application Thread] DEBUG FXGLApplication      - Registering font factories with UI factory
12:20:20.362 [FXGL Background Thread 1 ] INFO  FXGLApplication      - FXGL initialization took: 0,404 sec
12:20:20.363 [JavaFX Application Thread] DEBUG FXGLAssetLoaderServi - Loading from file system: jar:file:/home/khars/.m2/repository/com/github/almasb/fxgl/17.3/fxgl-17.3.jar!/fxglassets/textures/fxgl_icon.png
12:20:20.384 [JavaFX Application Thread] DEBUG FXGLAssetLoaderServi - Loading from file system: jar:file:/home/khars/.m2/repository/com/github/almasb/fxgl/17.3/fxgl-17.3.jar!/fxglassets/textures/fxgl_default_cursor.png
12:20:20.398 [JavaFX Application Thread] DEBUG Input                - Registered new binding: Screenshot - CTRL+8
12:20:20.399 [JavaFX Application Thread] DEBUG Input                - Registered new binding: System info dump - CTRL+9
12:20:20.399 [JavaFX Application Thread] DEBUG Input                - Registered new binding: Restart - CTRL+R
12:20:20.400 [JavaFX Application Thread] DEBUG Input                - Registered new binding: Toggle Debug Camera - CTRL+7
12:20:20.402 [JavaFX Application Thread] DEBUG LoopRunner           - Starting loop
12:20:20.402 [JavaFX Application Thread] DEBUG LoopRunner           - Initializing JavaFX AnimationTimerLoop
12:20:20.404 [JavaFX Application Thread] DEBUG GameApplicationServi - Starting new game
12:20:20.404 [JavaFX Application Thread] DEBUG Input                - Clearing active input actions
12:20:20.417 [JavaFX Application Thread] DEBUG GameApplicationServi - Removing overlay from FXGLStartupScene and adding to FXGLLoadingScene
12:20:20.417 [JavaFX Application Thread] DEBUG PrimaryStageWindow   - FXGLStartupScene -> FXGLLoadingScene
12:20:20.417 [JavaFX Application Thread] DEBUG GameApplicationServi - Clearing previous game
12:20:20.417 [JavaFX Application Thread] DEBUG GameScene            - Clearing game scene
12:20:20.418 [JavaFX Application Thread] DEBUG GameWorld            - Clearing game world
12:20:20.418 [JavaFX Application Thread] DEBUG PhysicsWorld         - Clearing physics world
12:20:20.419 [FXGL Background Thread 1 ] DEBUG FXGLApplication      - Initializing game
12:20:20.428 [FXGL Background Thread 1 ] DEBUG FXGLAssetLoaderServi - Loading from file system: file:/home/khars/IdeaProjects/simuladorRestaurant/target/classes/assets/textures/fondo.png
12:20:20.447 [FXGL Background Thread 1 ] DEBUG FXGLAssetLoaderServi - Loading from file system: file:/home/khars/IdeaProjects/simuladorRestaurant/target/classes/assets/textures/cocina.png
12:20:20.462 [FXGL Background Thread 1 ] DEBUG FXGLAssetLoaderServi - Loading from file system: file:/home/khars/IdeaProjects/simuladorRestaurant/target/classes/assets/textures/recepcionista.png
12:20:20.466 [FXGL Background Thread 1 ] DEBUG FXGLAssetLoaderServi - Loading from file system: file:/home/khars/IdeaProjects/simuladorRestaurant/target/classes/assets/textures/chef1.png
12:20:20.795 [FXGL Background Thread 1 ] DEBUG FXGLAssetLoaderServi - Loading from file system: file:/home/khars/IdeaProjects/simuladorRestaurant/target/classes/assets/textures/chef2.png
12:20:20.803 [FXGL Background Thread 1 ] DEBUG FXGLAssetLoaderServi - Loading from file system: file:/home/khars/IdeaProjects/simuladorRestaurant/target/classes/assets/textures/chef3.png
12:20:20.812 [FXGL Background Thread 1 ] DEBUG FXGLAssetLoaderServi - Loading from file system: file:/home/khars/IdeaProjects/simuladorRestaurant/target/classes/assets/textures/mesero.png
12:20:20.819 [FXGL Background Thread 1 ] DEBUG FXGLAssetLoaderServi - Loading from file system: file:/home/khars/IdeaProjects/simuladorRestaurant/target/classes/assets/textures/mesa.png
12:20:20.840 [FXGL Background Thread 1 ] INFO  FXGLApplication      - Game initialization took: 0,420 sec
12:20:20.841 [JavaFX Application Thread] DEBUG FXGLAssetLoaderServi - Loading from file system: file:/home/khars/IdeaProjects/simuladorRestaurant/target/classes/assets/textures/sam.png
12:20:20.857 [JavaFX Application Thread] DEBUG Input                - Clearing active input actions
12:20:20.868 [JavaFX Application Thread] DEBUG GameApplicationServi - Removing overlay from FXGLLoadingScene and adding to GameScene
12:20:20.868 [JavaFX Application Thread] DEBUG PrimaryStageWindow   - FXGLLoadingScene -> GameScene
12:20:21.391 [FXGL Background Thread 2 ] INFO  UpdaterService       - Your current version:  17.3
12:20:21.391 [FXGL Background Thread 2 ] INFO  UpdaterService       - Latest stable version: 21.1
12:20:23.344 [FXGL Background Thread 3 ] DEBUG Engine               - Logging environment variables
12:20:23.345 [FXGL Background Thread 3 ] DEBUG Engine               - achievements: []
12:20:23.345 [FXGL Background Thread 3 ] DEBUG Engine               - actualHeight: 685.0
12:20:23.345 [FXGL Background Thread 3 ] DEBUG Engine               - actualHeightProperty: ReadOnlyDoubleProperty [value: 715.0]
12:20:23.345 [FXGL Background Thread 3 ] DEBUG Engine               - actualWidth: 1280.0
12:20:23.345 [FXGL Background Thread 3 ] DEBUG Engine               - actualWidthProperty: ReadOnlyDoubleProperty [value: 1280.0]
12:20:23.345 [FXGL Background Thread 3 ] DEBUG Engine               - appIcon: fxgl_icon.png
12:20:23.345 [FXGL Background Thread 3 ] DEBUG Engine               - applicationMode: DEVELOPER
12:20:23.345 [FXGL Background Thread 3 ] DEBUG Engine               - cSSList: [fxgl_dark.css]
12:20:23.345 [FXGL Background Thread 3 ] DEBUG Engine               - collisionDetectionStrategy: BRUTE_FORCE
12:20:23.345 [FXGL Background Thread 3 ] DEBUG Engine               - configClass: Optional.empty
12:20:23.345 [FXGL Background Thread 3 ] DEBUG Engine               - credits: []
12:20:23.346 [FXGL Background Thread 3 ] DEBUG Engine               - defaultCursor: CursorInfo(imageName=fxgl_default_cursor.png, hotspotX=7.0, hotspotY=6.0)
12:20:23.346 [FXGL Background Thread 3 ] DEBUG Engine               - devBBoxColorProperty: ObjectProperty [value: 0xff0000ff]
12:20:23.346 [FXGL Background Thread 3 ] DEBUG Engine               - devEnableDebugCameraProperty: BooleanProperty [value: false]
12:20:23.346 [FXGL Background Thread 3 ] DEBUG Engine               - devSensorColorProperty: ObjectProperty [value: 0xffff00ff]
12:20:23.346 [FXGL Background Thread 3 ] DEBUG Engine               - devShowBBoxProperty: BooleanProperty [value: false]
12:20:23.346 [FXGL Background Thread 3 ] DEBUG Engine               - devShowPositionProperty: BooleanProperty [value: false]
12:20:23.346 [FXGL Background Thread 3 ] DEBUG Engine               - enabledMenuItems: []
12:20:23.346 [FXGL Background Thread 3 ] DEBUG Engine               - engineServices: [class com.almasb.fxgl.app.services.FXGLAssetLoaderService, class com.almasb.fxgl.app.FXGLApplication$GameApplicationService, class com.almasb.fxgl.app.services.FXGLDialogService, class com.almasb.fxgl.app.services.IOTaskExecutorService, class com.almasb.fxgl.io.FileSystemService, class com.almasb.fxgl.localization.LocalizationService, class com.almasb.fxgl.app.services.SystemBundleService, class com.almasb.fxgl.profile.SaveLoadService, class com.almasb.fxgl.ui.FXGLUIFactoryServiceProvider, class com.almasb.fxgl.ui.FXGLDialogFactoryServiceProvider, class com.almasb.fxgl.audio.AudioPlayer, class com.almasb.fxgl.notification.impl.NotificationServiceProvider, class com.almasb.fxgl.achievement.AchievementService, class com.almasb.fxgl.cutscene.CutsceneService, class com.almasb.fxgl.minigames.MiniGameService, class com.almasb.fxgl.net.NetService, class com.almasb.fxgl.app.services.UpdaterService, class com.almasb.fxgl.dev.DevService]
12:20:23.346 [FXGL Background Thread 3 ] DEBUG Engine               - fontGame: Abel-Regular.ttf
12:20:23.346 [FXGL Background Thread 3 ] DEBUG Engine               - fontMono: TerminalLandMono-Regular.otf
12:20:23.346 [FXGL Background Thread 3 ] DEBUG Engine               - fontSizeScaleUI: 1.0
12:20:23.347 [FXGL Background Thread 3 ] DEBUG Engine               - fontText: Courier-Prime.ttf
12:20:23.347 [FXGL Background Thread 3 ] DEBUG Engine               - fontUI: VarelaRound-Regular.ttf
12:20:23.347 [FXGL Background Thread 3 ] DEBUG Engine               - fullScreen: BooleanProperty [value: false]
12:20:23.347 [FXGL Background Thread 3 ] DEBUG Engine               - gameDifficulty: MEDIUM
12:20:23.347 [FXGL Background Thread 3 ] DEBUG Engine               - gameDifficultyProperty: ObjectProperty [value: MEDIUM]
12:20:23.347 [FXGL Background Thread 3 ] DEBUG Engine               - globalMusicVolume: 0.5
12:20:23.347 [FXGL Background Thread 3 ] DEBUG Engine               - globalMusicVolumeProperty: DoubleProperty [value: 0.5]
12:20:23.347 [FXGL Background Thread 3 ] DEBUG Engine               - globalSoundVolume: 0.5
12:20:23.347 [FXGL Background Thread 3 ] DEBUG Engine               - globalSoundVolumeProperty: DoubleProperty [value: 0.5]
12:20:23.347 [FXGL Background Thread 3 ] DEBUG Engine               - height: 720
12:20:23.347 [FXGL Background Thread 3 ] DEBUG Engine               - is3D: false
12:20:23.347 [FXGL Background Thread 3 ] DEBUG Engine               - isAndroid: false
12:20:23.347 [FXGL Background Thread 3 ] DEBUG Engine               - isBrowser: false
12:20:23.348 [FXGL Background Thread 3 ] DEBUG Engine               - isClickFeedbackEnabled: false
12:20:23.348 [FXGL Background Thread 3 ] DEBUG Engine               - isCloseConfirmation: false
12:20:23.348 [FXGL Background Thread 3 ] DEBUG Engine               - isDesktop: true
12:20:23.348 [FXGL Background Thread 3 ] DEBUG Engine               - isDeveloperMenuEnabled: false
12:20:23.348 [FXGL Background Thread 3 ] DEBUG Engine               - isEmbedded: false
12:20:23.348 [FXGL Background Thread 3 ] DEBUG Engine               - isEntityPreloadEnabled: true
12:20:23.348 [FXGL Background Thread 3 ] DEBUG Engine               - isExperimentalTiledLargeMap: false
12:20:23.348 [FXGL Background Thread 3 ] DEBUG Engine               - isFileSystemWriteAllowed: true
12:20:23.348 [FXGL Background Thread 3 ] DEBUG Engine               - isFullScreenAllowed: false
12:20:23.348 [FXGL Background Thread 3 ] DEBUG Engine               - isFullScreenFromStart: false
12:20:23.348 [FXGL Background Thread 3 ] DEBUG Engine               - isGameMenuEnabled: true
12:20:23.348 [FXGL Background Thread 3 ] DEBUG Engine               - isIOS: false
12:20:23.348 [FXGL Background Thread 3 ] DEBUG Engine               - isIntroEnabled: false
12:20:23.348 [FXGL Background Thread 3 ] DEBUG Engine               - isLinux: true
12:20:23.348 [FXGL Background Thread 3 ] DEBUG Engine               - isMac: false
12:20:23.348 [FXGL Background Thread 3 ] DEBUG Engine               - isMainMenuEnabled: false
12:20:23.348 [FXGL Background Thread 3 ] DEBUG Engine               - isManualResizeEnabled: false
12:20:23.348 [FXGL Background Thread 3 ] DEBUG Engine               - isMobile: false
12:20:23.348 [FXGL Background Thread 3 ] DEBUG Engine               - isNative: false
12:20:23.349 [FXGL Background Thread 3 ] DEBUG Engine               - isPauseMusicWhenMinimized: true
12:20:23.349 [FXGL Background Thread 3 ] DEBUG Engine               - isPreserveResizeRatio: false
12:20:23.349 [FXGL Background Thread 3 ] DEBUG Engine               - isProfilingEnabled: false
12:20:23.349 [FXGL Background Thread 3 ] DEBUG Engine               - isScaleAffectedOnResize: true
12:20:23.349 [FXGL Background Thread 3 ] DEBUG Engine               - isSingleStep: false
12:20:23.349 [FXGL Background Thread 3 ] DEBUG Engine               - isUserProfileEnabled: false
12:20:23.349 [FXGL Background Thread 3 ] DEBUG Engine               - isWindows: false
12:20:23.349 [FXGL Background Thread 3 ] DEBUG Engine               - language: ObjectProperty [value: ENGLISH]
12:20:23.349 [FXGL Background Thread 3 ] DEBUG Engine               - menuKey: ESCAPE
12:20:23.349 [FXGL Background Thread 3 ] DEBUG Engine               - mouseSensitivity: 0.2
12:20:23.349 [FXGL Background Thread 3 ] DEBUG Engine               - notificationViewClass: class com.almasb.fxgl.notification.view.XboxNotificationView
12:20:23.349 [FXGL Background Thread 3 ] DEBUG Engine               - pixelsPerMeter: 50.0
12:20:23.349 [FXGL Background Thread 3 ] DEBUG Engine               - platform: LINUX
12:20:23.349 [FXGL Background Thread 3 ] DEBUG Engine               - prefHeightProperty: ReadOnlyDoubleProperty [value: 720.0]
12:20:23.349 [FXGL Background Thread 3 ] DEBUG Engine               - prefWidthProperty: ReadOnlyDoubleProperty [value: 1280.0]
12:20:23.349 [FXGL Background Thread 3 ] DEBUG Engine               - profileDir: profiles/
12:20:23.349 [FXGL Background Thread 3 ] DEBUG Engine               - profileName: StringProperty [value: DEFAULT]
12:20:23.349 [FXGL Background Thread 3 ] DEBUG Engine               - randomSeed: -1
12:20:23.350 [FXGL Background Thread 3 ] DEBUG Engine               - runtimeInfo: RuntimeInfo(platform=LINUX, version=17.3, build=30.03.2023 11.49)
12:20:23.350 [FXGL Background Thread 3 ] DEBUG Engine               - saveFileExt: sav
12:20:23.350 [FXGL Background Thread 3 ] DEBUG Engine               - scaledHeightProp$fxgl: DoubleProperty [bound, value: 715.0]
12:20:23.350 [FXGL Background Thread 3 ] DEBUG Engine               - scaledWidthProp$fxgl: DoubleProperty [bound, value: 1280.0]
12:20:23.350 [FXGL Background Thread 3 ] DEBUG Engine               - sceneFactory: com.almasb.fxgl.app.scene.SceneFactory@505617fe
12:20:23.350 [FXGL Background Thread 3 ] DEBUG Engine               - secondsIn24h: 60
12:20:23.350 [FXGL Background Thread 3 ] DEBUG Engine               - soundMenuBack: menu/back.wav
12:20:23.350 [FXGL Background Thread 3 ] DEBUG Engine               - soundMenuPress: menu/press.wav
12:20:23.350 [FXGL Background Thread 3 ] DEBUG Engine               - soundMenuSelect: menu/select.wav
12:20:23.350 [FXGL Background Thread 3 ] DEBUG Engine               - soundNotification: core/notification.wav
12:20:23.350 [FXGL Background Thread 3 ] DEBUG Engine               - stageStyle: DECORATED
12:20:23.350 [FXGL Background Thread 3 ] DEBUG Engine               - supportedLanguages: [ENGLISH, FRENCH, GERMAN, HUNGARIAN, RUSSIAN]
12:20:23.350 [FXGL Background Thread 3 ] DEBUG Engine               - ticksPerSecond: -1
12:20:23.350 [FXGL Background Thread 3 ] DEBUG Engine               - title: Restaurante Simulador
12:20:23.350 [FXGL Background Thread 3 ] DEBUG Engine               - urlGithub: https://github.com/AlmasB/FXGL
12:20:23.350 [FXGL Background Thread 3 ] DEBUG Engine               - urlLeaderboard: http://fxgl-top.herokuapp.com/
12:20:23.350 [FXGL Background Thread 3 ] DEBUG Engine               - urlPOM: https://raw.githubusercontent.com/AlmasB/FXGL/release/README.md
12:20:23.351 [FXGL Background Thread 3 ] DEBUG Engine               - userAppClass: class com.restaurant.RestaurantApp
12:20:23.351 [FXGL Background Thread 3 ] DEBUG Engine               - version: 1.0
12:20:23.351 [FXGL Background Thread 3 ] DEBUG Engine               - versionCheckDays: 7
12:20:23.351 [FXGL Background Thread 3 ] DEBUG Engine               - width: 1280
12:20:23.351 [FXGL Background Thread 3 ] DEBUG Engine               - Logging services
12:20:23.351 [FXGL Background Thread 3 ] DEBUG Engine               - class com.almasb.fxgl.app.services.FXGLAssetLoaderService
12:20:23.351 [FXGL Background Thread 3 ] DEBUG Engine               - class com.almasb.fxgl.app.FXGLApplication$GameApplicationService
12:20:23.351 [FXGL Background Thread 3 ] DEBUG Engine               - class com.almasb.fxgl.app.services.FXGLDialogService
12:20:23.351 [FXGL Background Thread 3 ] DEBUG Engine               - class com.almasb.fxgl.app.services.IOTaskExecutorService
12:20:23.351 [FXGL Background Thread 3 ] DEBUG Engine               - class com.almasb.fxgl.io.FileSystemService
12:20:23.351 [FXGL Background Thread 3 ] DEBUG Engine               - class com.almasb.fxgl.localization.LocalizationService
12:20:23.351 [FXGL Background Thread 3 ] DEBUG Engine               - class com.almasb.fxgl.app.services.SystemBundleService
12:20:23.351 [FXGL Background Thread 3 ] DEBUG Engine               - class com.almasb.fxgl.profile.SaveLoadService
12:20:23.351 [FXGL Background Thread 3 ] DEBUG Engine               - class com.almasb.fxgl.ui.FXGLUIFactoryServiceProvider
12:20:23.351 [FXGL Background Thread 3 ] DEBUG Engine               - class com.almasb.fxgl.ui.FXGLDialogFactoryServiceProvider
12:20:23.351 [FXGL Background Thread 3 ] DEBUG Engine               - class com.almasb.fxgl.audio.AudioPlayer
12:20:23.351 [FXGL Background Thread 3 ] DEBUG Engine               - class com.almasb.fxgl.notification.impl.NotificationServiceProvider
12:20:23.351 [FXGL Background Thread 3 ] DEBUG Engine               - class com.almasb.fxgl.achievement.AchievementService
12:20:23.351 [FXGL Background Thread 3 ] DEBUG Engine               - class com.almasb.fxgl.cutscene.CutsceneService
12:20:23.351 [FXGL Background Thread 3 ] DEBUG Engine               - class com.almasb.fxgl.minigames.MiniGameService
12:20:23.351 [FXGL Background Thread 3 ] DEBUG Engine               - class com.almasb.fxgl.net.NetService
12:20:23.351 [FXGL Background Thread 3 ] DEBUG Engine               - class com.almasb.fxgl.app.services.UpdaterService
12:20:23.351 [FXGL Background Thread 3 ] DEBUG Engine               - class com.almasb.fxgl.dev.DevService
12:21:04.871 [JavaFX Application Thread] DEBUG FXGLApplication      - Exiting FXGL
12:21:04.871 [JavaFX Application Thread] DEBUG LoopRunner           - Stopping loop
12:21:04.871 [JavaFX Application Thread] DEBUG SystemBundleService  - Saving FXGL system data
12:21:04.872 [JavaFX Application Thread] DEBUG FileSystemAccess     - Writing to: /home/khars/IdeaProjects/simuladorRestaurant/system/fxgl.bundle
12:21:04.873 [JavaFX Application Thread] DEBUG Async                - Shutting down background threads
12:21:04.873 [JavaFX Application Thread] DEBUG PrimaryStageWindow   - Closing main window
12:21:04.878 [JavaFX Application Thread] DEBUG Logger               - Closing Logger
