20:17:16.417 [main                     ] DEBUG Logger               - Configured Logger
20:17:16.448 [main                     ] DEBUG GameApplication      - Logging settings
Title: Restaurant Simulator
Version: 0.1
Width: 800
Height: 600
Fullscreen: false
Intro: false
Profiling: false
Single step:false
App Mode: DEVELOPER
Menu Key: ESCAPE
Stage Style: DECORATED
Scene Factory: class com.almasb.fxgl.app.scene.SceneFactory

20:17:16.918 [JavaFX Application Thread] DEBUG FXGLApplication      - Initializing FXGL
20:17:16.923 [JavaFX Application Thread] INFO  Engine               - FXGL-17.3 (30.03.2023 11.49) on LINUX (J:21.0.5 FX:21)
20:17:16.924 [JavaFX Application Thread] DEBUG Engine               - JRE Vendor Name: Amazon.com Inc.
20:17:16.924 [JavaFX Application Thread] DEBUG Engine               - Running on OS: Linux version 6.8.0-49-generic
20:17:16.924 [JavaFX Application Thread] DEBUG Engine               - Architecture: amd64
20:17:16.924 [JavaFX Application Thread] INFO  Engine               - Source code and latest versions at: https://github.com/AlmasB/FXGL
20:17:16.924 [JavaFX Application Thread] INFO  Engine               -       Ask questions and discuss at: https://github.com/AlmasB/FXGL/discussions
20:17:16.925 [JavaFX Application Thread] INFO  Engine               -              Join the FXGL chat at: https://gitter.im/AlmasB/FXGL
20:17:17.040 [JavaFX Application Thread] DEBUG PrimaryStageWindow   - Creating a JavaFX scene
20:17:17.140 [JavaFX Application Thread] DEBUG PrimaryStageWindow   - Target settings size: 800.0 x 600.0
20:17:17.141 [JavaFX Application Thread] DEBUG PrimaryStageWindow   - Scaled scene size:    800.0 x 600.0
20:17:17.141 [JavaFX Application Thread] DEBUG PrimaryStageWindow   - Scaled ratio: (1.0, 1.0)
20:17:17.142 [JavaFX Application Thread] DEBUG PrimaryStageWindow   - Set initial scene to FXGLStartupScene
20:17:17.145 [JavaFX Application Thread] DEBUG PrimaryStageWindow   - Opening main window
20:17:17.181 [JavaFX Application Thread] DEBUG PrimaryStageWindow   - Window border size: (0.0, 35.0)
20:17:17.182 [JavaFX Application Thread] DEBUG PrimaryStageWindow   - Scaled size: 800.0 x 565.0
20:17:17.182 [JavaFX Application Thread] DEBUG PrimaryStageWindow   - Scaled ratio: (1.0, 0.9416666666666667)
20:17:17.182 [JavaFX Application Thread] DEBUG PrimaryStageWindow   - Scene size: 800.0 x 600.0
20:17:17.182 [JavaFX Application Thread] DEBUG PrimaryStageWindow   - Stage size: 800.0 x 600.0
20:17:17.187 [FXGL Background Thread 1 ] DEBUG Engine               - Initializing environment variables
20:17:17.220 [FXGL Background Thread 1 ] DEBUG FXGLAssetLoaderServi - User app class for loading assets: class Main
20:17:17.221 [FXGL Background Thread 1 ] DEBUG GameApplicationServi - Applying CSS: fxgl_dark.css
20:17:17.222 [FXGL Background Thread 1 ] DEBUG FXGLAssetLoaderServi - Loading from file system: jar:file:/home/khars/.m2/repository/com/github/almasb/fxgl/17.3/fxgl-17.3.jar!/fxglassets/ui/css/fxgl_dark.css
20:17:17.285 [FXGL Background Thread 1 ] DEBUG GameApplicationServi - Initializing application scenes
20:17:17.327 [FXGL Background Thread 1 ] DEBUG GameWorld            - Game world initialized
20:17:17.385 [FXGL Background Thread 1 ] DEBUG PhysicsWorld         - Physics world initialized: appHeight=600, physics.ppm=50,0
20:17:17.386 [FXGL Background Thread 1 ] DEBUG PhysicsWorld         - Using strategy: BRUTE_FORCE
20:17:17.389 [FXGL Background Thread 1 ] DEBUG GameScene            - Game scene initialized: 800x600
20:17:17.400 [FXGL Background Thread 1 ] DEBUG FXGL.DefaultMenu     - createMenuBodyGameMenu()
20:17:17.414 [FXGL Background Thread 1 ] DEBUG FXGL.DefaultMenu     - createOptionsMenu()
20:17:17.424 [FXGL Background Thread 1 ] DEBUG FXGLAssetLoaderServi - Loading from file system: jar:file:/home/khars/.m2/repository/com/github/almasb/fxgl/17.3/fxgl-17.3.jar!/fxglassets/textures/particles/smoke.png
20:17:17.520 [FXGL Background Thread 1 ] DEBUG FXGLAssetLoaderServi - Loading from file system: jar:file:/home/khars/.m2/repository/com/github/almasb/fxgl/17.3/fxgl-17.3.jar!/fxglassets/textures/particles/trace_horizontal.png
20:17:17.543 [FXGL Background Thread 1 ] DEBUG GameApplicationServi - Application scenes initialized
20:17:17.554 [FXGL Background Thread 1 ] DEBUG SystemBundleService  - Loading FXGL system data
20:17:17.556 [FXGL Background Thread 1 ] WARN  SystemBundleService  - Failed to load: java.io.FileNotFoundException: /home/khars/IdeaProjects/simuladorRestaurant/system/fxgl.bundle (No existe el archivo o el directorio)
20:17:17.556 [FXGL Background Thread 1 ] DEBUG SystemBundleService  - Loading default FXGL system data
20:17:17.556 [FXGL Background Thread 1 ] DEBUG UpdaterService       - Checking for updates
20:17:17.559 [FXGL Background Thread 4 ] DEBUG FXGLApplication      - Loading fonts
20:17:17.560 [FXGL Background Thread 4 ] DEBUG FXGLAssetLoaderServi - Loading from file system: jar:file:/home/khars/.m2/repository/com/github/almasb/fxgl/17.3/fxgl-17.3.jar!/fxglassets/ui/fonts/VarelaRound-Regular.ttf
20:17:17.560 [FXGL Background Thread 1 ] DEBUG FXGLApplication      - Loading default localization
20:17:17.568 [FXGL Background Thread 1 ] DEBUG FXGLAssetLoaderServi - Loading from file system: jar:file:/home/khars/.m2/repository/com/github/almasb/fxgl/17.3/fxgl-17.3.jar!/fxglassets/languages/english.lang
20:17:17.574 [FXGL Background Thread 4 ] DEBUG FXGLAssetLoaderServi - Loading from file system: jar:file:/home/khars/.m2/repository/com/github/almasb/fxgl/17.3/fxgl-17.3.jar!/fxglassets/ui/fonts/Abel-Regular.ttf
20:17:17.578 [FXGL Background Thread 4 ] DEBUG FXGLAssetLoaderServi - Loading from file system: jar:file:/home/khars/.m2/repository/com/github/almasb/fxgl/17.3/fxgl-17.3.jar!/fxglassets/ui/fonts/TerminalLandMono-Regular.otf
20:17:17.580 [FXGL Background Thread 4 ] DEBUG FXGLAssetLoaderServi - Loading from file system: jar:file:/home/khars/.m2/repository/com/github/almasb/fxgl/17.3/fxgl-17.3.jar!/fxglassets/ui/fonts/Courier-Prime.ttf
20:17:17.584 [JavaFX Application Thread] DEBUG FXGLApplication      - Registering font factories with UI factory
20:17:17.587 [FXGL Background Thread 1 ] INFO  FXGLApplication      - FXGL initialization took: 0,400 sec
20:17:17.588 [JavaFX Application Thread] DEBUG FXGLAssetLoaderServi - Loading from file system: jar:file:/home/khars/.m2/repository/com/github/almasb/fxgl/17.3/fxgl-17.3.jar!/fxglassets/textures/fxgl_icon.png
20:17:17.622 [JavaFX Application Thread] DEBUG FXGLAssetLoaderServi - Loading from file system: jar:file:/home/khars/.m2/repository/com/github/almasb/fxgl/17.3/fxgl-17.3.jar!/fxglassets/textures/fxgl_default_cursor.png
20:17:17.635 [JavaFX Application Thread] DEBUG Input                - Registered new binding: Screenshot - CTRL+8
20:17:17.636 [JavaFX Application Thread] DEBUG Input                - Registered new binding: System info dump - CTRL+9
20:17:17.636 [JavaFX Application Thread] DEBUG Input                - Registered new binding: Restart - CTRL+R
20:17:17.637 [JavaFX Application Thread] DEBUG Input                - Registered new binding: Toggle Debug Camera - CTRL+7
20:17:17.639 [JavaFX Application Thread] DEBUG LoopRunner           - Starting loop
20:17:17.639 [JavaFX Application Thread] DEBUG LoopRunner           - Initializing JavaFX AnimationTimerLoop
20:17:17.641 [JavaFX Application Thread] DEBUG GameApplicationServi - Starting new game
20:17:17.641 [JavaFX Application Thread] DEBUG Input                - Clearing active input actions
20:17:17.655 [JavaFX Application Thread] DEBUG GameApplicationServi - Removing overlay from FXGLStartupScene and adding to FXGLLoadingScene
20:17:17.655 [JavaFX Application Thread] DEBUG PrimaryStageWindow   - FXGLStartupScene -> FXGLLoadingScene
20:17:17.655 [JavaFX Application Thread] DEBUG GameApplicationServi - Clearing previous game
20:17:17.656 [JavaFX Application Thread] DEBUG GameScene            - Clearing game scene
20:17:17.656 [JavaFX Application Thread] DEBUG GameWorld            - Clearing game world
20:17:17.656 [JavaFX Application Thread] DEBUG PhysicsWorld         - Clearing physics world
20:17:17.657 [FXGL Background Thread 1 ] DEBUG FXGLApplication      - Initializing game
20:17:17.663 [FXGL Background Thread 1 ] INFO  FXGLApplication      - Game initialization took: 0,005 sec
20:17:17.672 [JavaFX Application Thread] DEBUG Input                - Clearing active input actions
20:17:17.683 [JavaFX Application Thread] DEBUG GameApplicationServi - Removing overlay from FXGLLoadingScene and adding to GameScene
20:17:17.683 [JavaFX Application Thread] DEBUG PrimaryStageWindow   - FXGLLoadingScene -> GameScene
20:17:18.060 [FXGL Background Thread 2 ] INFO  UpdaterService       - Your current version:  17.3
20:17:18.060 [FXGL Background Thread 2 ] INFO  UpdaterService       - Latest stable version: 21.1
20:17:20.420 [JavaFX Application Thread] DEBUG FXGLApplication      - Exiting FXGL
20:17:20.421 [JavaFX Application Thread] DEBUG LoopRunner           - Stopping loop
20:17:20.421 [JavaFX Application Thread] DEBUG SystemBundleService  - Saving FXGL system data
20:17:20.422 [JavaFX Application Thread] DEBUG FileSystemAccess     - Writing to: /home/khars/IdeaProjects/simuladorRestaurant/system/fxgl.bundle
20:17:20.424 [JavaFX Application Thread] DEBUG Async                - Shutting down background threads
20:17:20.425 [JavaFX Application Thread] DEBUG PrimaryStageWindow   - Closing main window
20:17:20.426 [JavaFX Application Thread] DEBUG Logger               - Closing Logger
