10:52:17.179 [main                     ] DEBUG Logger               - Configured Logger
10:52:17.208 [main                     ] DEBUG GameApplication      - Logging settings
Title: Restaurante Simulador
Version: 1.0
Width: 1280
Height: 720
Fullscreen: false
Intro: false
Profiling: false
Single step:false
App Mode: DEVELOPER
Menu Key: ESCAPE
Stage Style: DECORATED
Scene Factory: class com.almasb.fxgl.app.scene.SceneFactory

10:52:17.722 [JavaFX Application Thread] DEBUG FXGLApplication      - Initializing FXGL
10:52:17.727 [JavaFX Application Thread] INFO  Engine               - FXGL-17.3 (30.03.2023 11.49) on LINUX (J:21.0.5 FX:21)
10:52:17.727 [JavaFX Application Thread] DEBUG Engine               - JRE Vendor Name: Amazon.com Inc.
10:52:17.727 [JavaFX Application Thread] DEBUG Engine               - Running on OS: Linux version 6.8.0-49-generic
10:52:17.728 [JavaFX Application Thread] DEBUG Engine               - Architecture: amd64
10:52:17.728 [JavaFX Application Thread] INFO  Engine               - Source code and latest versions at: https://github.com/AlmasB/FXGL
10:52:17.728 [JavaFX Application Thread] INFO  Engine               -       Ask questions and discuss at: https://github.com/AlmasB/FXGL/discussions
10:52:17.728 [JavaFX Application Thread] INFO  Engine               -              Join the FXGL chat at: https://gitter.im/AlmasB/FXGL
10:52:17.865 [JavaFX Application Thread] DEBUG PrimaryStageWindow   - Creating a JavaFX scene
10:52:17.954 [JavaFX Application Thread] DEBUG PrimaryStageWindow   - Target settings size: 1280.0 x 720.0
10:52:17.954 [JavaFX Application Thread] DEBUG PrimaryStageWindow   - Scaled scene size:    1280.0 x 720.0
10:52:17.955 [JavaFX Application Thread] DEBUG PrimaryStageWindow   - Scaled ratio: (1.0, 1.0)
10:52:17.956 [JavaFX Application Thread] DEBUG PrimaryStageWindow   - Set initial scene to FXGLStartupScene
10:52:17.959 [JavaFX Application Thread] DEBUG PrimaryStageWindow   - Opening main window
10:52:17.993 [JavaFX Application Thread] DEBUG PrimaryStageWindow   - Window border size: (0.0, 35.0)
10:52:17.993 [JavaFX Application Thread] DEBUG PrimaryStageWindow   - Scaled size: 1280.0 x 685.0
10:52:17.994 [JavaFX Application Thread] DEBUG PrimaryStageWindow   - Scaled ratio: (1.0, 0.9513888888888888)
10:52:17.994 [JavaFX Application Thread] DEBUG PrimaryStageWindow   - Scene size: 1280.0 x 720.0
10:52:17.994 [JavaFX Application Thread] DEBUG PrimaryStageWindow   - Stage size: 1280.0 x 720.0
10:52:17.999 [FXGL Background Thread 1 ] DEBUG Engine               - Initializing environment variables
10:52:18.039 [FXGL Background Thread 1 ] DEBUG FXGLAssetLoaderServi - User app class for loading assets: class com.restaurant.RestaurantApp
10:52:18.040 [FXGL Background Thread 1 ] DEBUG GameApplicationServi - Applying CSS: fxgl_dark.css
10:52:18.040 [FXGL Background Thread 1 ] DEBUG FXGLAssetLoaderServi - Loading from file system: jar:file:/home/khars/.m2/repository/com/github/almasb/fxgl/17.3/fxgl-17.3.jar!/fxglassets/ui/css/fxgl_dark.css
10:52:18.093 [FXGL Background Thread 1 ] DEBUG GameApplicationServi - Initializing application scenes
10:52:18.135 [FXGL Background Thread 1 ] DEBUG GameWorld            - Game world initialized
10:52:18.183 [FXGL Background Thread 1 ] DEBUG PhysicsWorld         - Physics world initialized: appHeight=720, physics.ppm=50,0
10:52:18.183 [FXGL Background Thread 1 ] DEBUG PhysicsWorld         - Using strategy: BRUTE_FORCE
10:52:18.186 [FXGL Background Thread 1 ] DEBUG GameScene            - Game scene initialized: 1280x720
10:52:18.198 [FXGL Background Thread 1 ] DEBUG FXGL.DefaultMenu     - createMenuBodyGameMenu()
10:52:18.212 [FXGL Background Thread 1 ] DEBUG FXGL.DefaultMenu     - createOptionsMenu()
10:52:18.221 [FXGL Background Thread 1 ] DEBUG FXGLAssetLoaderServi - Loading from file system: jar:file:/home/khars/.m2/repository/com/github/almasb/fxgl/17.3/fxgl-17.3.jar!/fxglassets/textures/particles/smoke.png
10:52:18.305 [FXGL Background Thread 1 ] DEBUG FXGLAssetLoaderServi - Loading from file system: jar:file:/home/khars/.m2/repository/com/github/almasb/fxgl/17.3/fxgl-17.3.jar!/fxglassets/textures/particles/trace_horizontal.png
10:52:18.356 [FXGL Background Thread 1 ] DEBUG GameApplicationServi - Application scenes initialized
10:52:18.368 [FXGL Background Thread 1 ] DEBUG SystemBundleService  - Loading FXGL system data
10:52:18.369 [FXGL Background Thread 1 ] DEBUG FileSystemAccess     - Reading from: /home/khars/IdeaProjects/simuladorRestaurant/system/fxgl.bundle
10:52:18.372 [FXGL Background Thread 1 ] DEBUG SystemBundleService  - Bundle FXGL: {}
10:52:18.372 [FXGL Background Thread 1 ] DEBUG UpdaterService       - Checking for updates
10:52:18.376 [FXGL Background Thread 4 ] DEBUG FXGLApplication      - Loading fonts
10:52:18.376 [FXGL Background Thread 4 ] DEBUG FXGLAssetLoaderServi - Loading from file system: jar:file:/home/khars/.m2/repository/com/github/almasb/fxgl/17.3/fxgl-17.3.jar!/fxglassets/ui/fonts/VarelaRound-Regular.ttf
10:52:18.377 [FXGL Background Thread 1 ] DEBUG FXGLApplication      - Loading default localization
10:52:18.377 [FXGL Background Thread 1 ] DEBUG FXGLAssetLoaderServi - Loading from file system: jar:file:/home/khars/.m2/repository/com/github/almasb/fxgl/17.3/fxgl-17.3.jar!/fxglassets/languages/english.lang
10:52:18.393 [FXGL Background Thread 4 ] DEBUG FXGLAssetLoaderServi - Loading from file system: jar:file:/home/khars/.m2/repository/com/github/almasb/fxgl/17.3/fxgl-17.3.jar!/fxglassets/ui/fonts/Abel-Regular.ttf
10:52:18.395 [FXGL Background Thread 4 ] DEBUG FXGLAssetLoaderServi - Loading from file system: jar:file:/home/khars/.m2/repository/com/github/almasb/fxgl/17.3/fxgl-17.3.jar!/fxglassets/ui/fonts/TerminalLandMono-Regular.otf
10:52:18.397 [FXGL Background Thread 4 ] DEBUG FXGLAssetLoaderServi - Loading from file system: jar:file:/home/khars/.m2/repository/com/github/almasb/fxgl/17.3/fxgl-17.3.jar!/fxglassets/ui/fonts/Courier-Prime.ttf
10:52:18.403 [JavaFX Application Thread] DEBUG FXGLApplication      - Registering font factories with UI factory
10:52:18.405 [FXGL Background Thread 1 ] INFO  FXGLApplication      - FXGL initialization took: 0,407 sec
10:52:18.406 [JavaFX Application Thread] DEBUG FXGLAssetLoaderServi - Loading from file system: jar:file:/home/khars/.m2/repository/com/github/almasb/fxgl/17.3/fxgl-17.3.jar!/fxglassets/textures/fxgl_icon.png
10:52:18.433 [JavaFX Application Thread] DEBUG FXGLAssetLoaderServi - Loading from file system: jar:file:/home/khars/.m2/repository/com/github/almasb/fxgl/17.3/fxgl-17.3.jar!/fxglassets/textures/fxgl_default_cursor.png
10:52:18.442 [JavaFX Application Thread] DEBUG Input                - Registered new binding: Screenshot - CTRL+8
10:52:18.443 [JavaFX Application Thread] DEBUG Input                - Registered new binding: System info dump - CTRL+9
10:52:18.443 [JavaFX Application Thread] DEBUG Input                - Registered new binding: Restart - CTRL+R
10:52:18.443 [JavaFX Application Thread] DEBUG Input                - Registered new binding: Toggle Debug Camera - CTRL+7
10:52:18.445 [JavaFX Application Thread] DEBUG LoopRunner           - Starting loop
10:52:18.445 [JavaFX Application Thread] DEBUG LoopRunner           - Initializing JavaFX AnimationTimerLoop
10:52:18.446 [JavaFX Application Thread] DEBUG GameApplicationServi - Starting new game
10:52:18.447 [JavaFX Application Thread] DEBUG Input                - Clearing active input actions
10:52:18.456 [JavaFX Application Thread] DEBUG GameApplicationServi - Removing overlay from FXGLStartupScene and adding to FXGLLoadingScene
10:52:18.456 [JavaFX Application Thread] DEBUG PrimaryStageWindow   - FXGLStartupScene -> FXGLLoadingScene
10:52:18.456 [JavaFX Application Thread] DEBUG GameApplicationServi - Clearing previous game
10:52:18.456 [JavaFX Application Thread] DEBUG GameScene            - Clearing game scene
10:52:18.456 [JavaFX Application Thread] DEBUG GameWorld            - Clearing game world
10:52:18.456 [JavaFX Application Thread] DEBUG PhysicsWorld         - Clearing physics world
10:52:18.460 [FXGL Background Thread 1 ] DEBUG FXGLApplication      - Initializing game
10:52:18.472 [FXGL Background Thread 1 ] DEBUG FXGLAssetLoaderServi - Loading from file system: file:/home/khars/IdeaProjects/simuladorRestaurant/target/classes/assets/textures/fondo.png
10:52:18.488 [FXGL Background Thread 1 ] DEBUG FXGLAssetLoaderServi - Loading from file system: file:/home/khars/IdeaProjects/simuladorRestaurant/target/classes/assets/textures/cocina.png
10:52:18.500 [FXGL Background Thread 1 ] DEBUG FXGLAssetLoaderServi - Loading from file system: file:/home/khars/IdeaProjects/simuladorRestaurant/target/classes/assets/textures/recepcionista.png
10:52:18.503 [FXGL Background Thread 1 ] DEBUG FXGLAssetLoaderServi - Loading from file system: file:/home/khars/IdeaProjects/simuladorRestaurant/target/classes/assets/textures/chef1.png
10:52:18.852 [FXGL Background Thread 1 ] DEBUG FXGLAssetLoaderServi - Loading from file system: file:/home/khars/IdeaProjects/simuladorRestaurant/target/classes/assets/textures/chef2.png
10:52:18.858 [FXGL Background Thread 1 ] DEBUG FXGLAssetLoaderServi - Loading from file system: file:/home/khars/IdeaProjects/simuladorRestaurant/target/classes/assets/textures/chef3.png
10:52:18.865 [FXGL Background Thread 1 ] DEBUG FXGLAssetLoaderServi - Loading from file system: file:/home/khars/IdeaProjects/simuladorRestaurant/target/classes/assets/textures/mesero.png
10:52:18.871 [FXGL Background Thread 1 ] INFO  FXGLApplication      - Game initialization took: 0,410 sec
10:52:18.875 [JavaFX Application Thread] DEBUG FXGLAssetLoaderServi - Loading from file system: file:/home/khars/IdeaProjects/simuladorRestaurant/target/classes/assets/textures/sam.png
10:52:18.880 [JavaFX Application Thread] DEBUG Input                - Clearing active input actions
10:52:18.888 [JavaFX Application Thread] DEBUG GameApplicationServi - Removing overlay from FXGLLoadingScene and adding to GameScene
10:52:18.888 [JavaFX Application Thread] DEBUG PrimaryStageWindow   - FXGLLoadingScene -> GameScene
10:52:18.901 [FXGL Background Thread 2 ] INFO  UpdaterService       - Your current version:  17.3
10:52:18.901 [FXGL Background Thread 2 ] INFO  UpdaterService       - Latest stable version: 21.1
10:52:21.374 [FXGL Background Thread 3 ] DEBUG Engine               - Logging environment variables
10:52:21.375 [FXGL Background Thread 3 ] DEBUG Engine               - achievements: []
10:52:21.375 [FXGL Background Thread 3 ] DEBUG Engine               - actualHeight: 685.0
10:52:21.375 [FXGL Background Thread 3 ] DEBUG Engine               - actualHeightProperty: ReadOnlyDoubleProperty [value: 715.0]
10:52:21.375 [FXGL Background Thread 3 ] DEBUG Engine               - actualWidth: 1280.0
10:52:21.375 [FXGL Background Thread 3 ] DEBUG Engine               - actualWidthProperty: ReadOnlyDoubleProperty [value: 1280.0]
10:52:21.375 [FXGL Background Thread 3 ] DEBUG Engine               - appIcon: fxgl_icon.png
10:52:21.375 [FXGL Background Thread 3 ] DEBUG Engine               - applicationMode: DEVELOPER
10:52:21.375 [FXGL Background Thread 3 ] DEBUG Engine               - cSSList: [fxgl_dark.css]
10:52:21.375 [FXGL Background Thread 3 ] DEBUG Engine               - collisionDetectionStrategy: BRUTE_FORCE
10:52:21.375 [FXGL Background Thread 3 ] DEBUG Engine               - configClass: Optional.empty
10:52:21.376 [FXGL Background Thread 3 ] DEBUG Engine               - credits: []
10:52:21.376 [FXGL Background Thread 3 ] DEBUG Engine               - defaultCursor: CursorInfo(imageName=fxgl_default_cursor.png, hotspotX=7.0, hotspotY=6.0)
10:52:21.376 [FXGL Background Thread 3 ] DEBUG Engine               - devBBoxColorProperty: ObjectProperty [value: 0xff0000ff]
10:52:21.376 [FXGL Background Thread 3 ] DEBUG Engine               - devEnableDebugCameraProperty: BooleanProperty [value: false]
10:52:21.376 [FXGL Background Thread 3 ] DEBUG Engine               - devSensorColorProperty: ObjectProperty [value: 0xffff00ff]
10:52:21.376 [FXGL Background Thread 3 ] DEBUG Engine               - devShowBBoxProperty: BooleanProperty [value: false]
10:52:21.377 [FXGL Background Thread 3 ] DEBUG Engine               - devShowPositionProperty: BooleanProperty [value: false]
10:52:21.377 [FXGL Background Thread 3 ] DEBUG Engine               - enabledMenuItems: []
10:52:21.377 [FXGL Background Thread 3 ] DEBUG Engine               - engineServices: [class com.almasb.fxgl.app.services.FXGLAssetLoaderService, class com.almasb.fxgl.app.FXGLApplication$GameApplicationService, class com.almasb.fxgl.app.services.FXGLDialogService, class com.almasb.fxgl.app.services.IOTaskExecutorService, class com.almasb.fxgl.io.FileSystemService, class com.almasb.fxgl.localization.LocalizationService, class com.almasb.fxgl.app.services.SystemBundleService, class com.almasb.fxgl.profile.SaveLoadService, class com.almasb.fxgl.ui.FXGLUIFactoryServiceProvider, class com.almasb.fxgl.ui.FXGLDialogFactoryServiceProvider, class com.almasb.fxgl.audio.AudioPlayer, class com.almasb.fxgl.notification.impl.NotificationServiceProvider, class com.almasb.fxgl.achievement.AchievementService, class com.almasb.fxgl.cutscene.CutsceneService, class com.almasb.fxgl.minigames.MiniGameService, class com.almasb.fxgl.net.NetService, class com.almasb.fxgl.app.services.UpdaterService, class com.almasb.fxgl.dev.DevService]
10:52:21.377 [FXGL Background Thread 3 ] DEBUG Engine               - fontGame: Abel-Regular.ttf
10:52:21.377 [FXGL Background Thread 3 ] DEBUG Engine               - fontMono: TerminalLandMono-Regular.otf
10:52:21.377 [FXGL Background Thread 3 ] DEBUG Engine               - fontSizeScaleUI: 1.0
10:52:21.377 [FXGL Background Thread 3 ] DEBUG Engine               - fontText: Courier-Prime.ttf
10:52:21.377 [FXGL Background Thread 3 ] DEBUG Engine               - fontUI: VarelaRound-Regular.ttf
10:52:21.377 [FXGL Background Thread 3 ] DEBUG Engine               - fullScreen: BooleanProperty [value: false]
10:52:21.377 [FXGL Background Thread 3 ] DEBUG Engine               - gameDifficulty: MEDIUM
10:52:21.377 [FXGL Background Thread 3 ] DEBUG Engine               - gameDifficultyProperty: ObjectProperty [value: MEDIUM]
10:52:21.377 [FXGL Background Thread 3 ] DEBUG Engine               - globalMusicVolume: 0.5
10:52:21.377 [FXGL Background Thread 3 ] DEBUG Engine               - globalMusicVolumeProperty: DoubleProperty [value: 0.5]
10:52:21.377 [FXGL Background Thread 3 ] DEBUG Engine               - globalSoundVolume: 0.5
10:52:21.378 [FXGL Background Thread 3 ] DEBUG Engine               - globalSoundVolumeProperty: DoubleProperty [value: 0.5]
10:52:21.378 [FXGL Background Thread 3 ] DEBUG Engine               - height: 720
10:52:21.378 [FXGL Background Thread 3 ] DEBUG Engine               - is3D: false
10:52:21.378 [FXGL Background Thread 3 ] DEBUG Engine               - isAndroid: false
10:52:21.378 [FXGL Background Thread 3 ] DEBUG Engine               - isBrowser: false
10:52:21.378 [FXGL Background Thread 3 ] DEBUG Engine               - isClickFeedbackEnabled: false
10:52:21.378 [FXGL Background Thread 3 ] DEBUG Engine               - isCloseConfirmation: false
10:52:21.378 [FXGL Background Thread 3 ] DEBUG Engine               - isDesktop: true
10:52:21.378 [FXGL Background Thread 3 ] DEBUG Engine               - isDeveloperMenuEnabled: false
10:52:21.378 [FXGL Background Thread 3 ] DEBUG Engine               - isEmbedded: false
10:52:21.378 [FXGL Background Thread 3 ] DEBUG Engine               - isEntityPreloadEnabled: true
10:52:21.378 [FXGL Background Thread 3 ] DEBUG Engine               - isExperimentalTiledLargeMap: false
10:52:21.378 [FXGL Background Thread 3 ] DEBUG Engine               - isFileSystemWriteAllowed: true
10:52:21.378 [FXGL Background Thread 3 ] DEBUG Engine               - isFullScreenAllowed: false
10:52:21.378 [FXGL Background Thread 3 ] DEBUG Engine               - isFullScreenFromStart: false
10:52:21.378 [FXGL Background Thread 3 ] DEBUG Engine               - isGameMenuEnabled: true
10:52:21.378 [FXGL Background Thread 3 ] DEBUG Engine               - isIOS: false
10:52:21.379 [FXGL Background Thread 3 ] DEBUG Engine               - isIntroEnabled: false
10:52:21.379 [FXGL Background Thread 3 ] DEBUG Engine               - isLinux: true
10:52:21.379 [FXGL Background Thread 3 ] DEBUG Engine               - isMac: false
10:52:21.379 [FXGL Background Thread 3 ] DEBUG Engine               - isMainMenuEnabled: false
10:52:21.379 [FXGL Background Thread 3 ] DEBUG Engine               - isManualResizeEnabled: false
10:52:21.379 [FXGL Background Thread 3 ] DEBUG Engine               - isMobile: false
10:52:21.379 [FXGL Background Thread 3 ] DEBUG Engine               - isNative: false
10:52:21.379 [FXGL Background Thread 3 ] DEBUG Engine               - isPauseMusicWhenMinimized: true
10:52:21.379 [FXGL Background Thread 3 ] DEBUG Engine               - isPreserveResizeRatio: false
10:52:21.379 [FXGL Background Thread 3 ] DEBUG Engine               - isProfilingEnabled: false
10:52:21.379 [FXGL Background Thread 3 ] DEBUG Engine               - isScaleAffectedOnResize: true
10:52:21.379 [FXGL Background Thread 3 ] DEBUG Engine               - isSingleStep: false
10:52:21.379 [FXGL Background Thread 3 ] DEBUG Engine               - isUserProfileEnabled: false
10:52:21.379 [FXGL Background Thread 3 ] DEBUG Engine               - isWindows: false
10:52:21.379 [FXGL Background Thread 3 ] DEBUG Engine               - language: ObjectProperty [value: ENGLISH]
10:52:21.379 [FXGL Background Thread 3 ] DEBUG Engine               - menuKey: ESCAPE
10:52:21.379 [FXGL Background Thread 3 ] DEBUG Engine               - mouseSensitivity: 0.2
10:52:21.379 [FXGL Background Thread 3 ] DEBUG Engine               - notificationViewClass: class com.almasb.fxgl.notification.view.XboxNotificationView
10:52:21.379 [FXGL Background Thread 3 ] DEBUG Engine               - pixelsPerMeter: 50.0
10:52:21.379 [FXGL Background Thread 3 ] DEBUG Engine               - platform: LINUX
10:52:21.379 [FXGL Background Thread 3 ] DEBUG Engine               - prefHeightProperty: ReadOnlyDoubleProperty [value: 720.0]
10:52:21.379 [FXGL Background Thread 3 ] DEBUG Engine               - prefWidthProperty: ReadOnlyDoubleProperty [value: 1280.0]
10:52:21.380 [FXGL Background Thread 3 ] DEBUG Engine               - profileDir: profiles/
10:52:21.380 [FXGL Background Thread 3 ] DEBUG Engine               - profileName: StringProperty [value: DEFAULT]
10:52:21.380 [FXGL Background Thread 3 ] DEBUG Engine               - randomSeed: -1
10:52:21.380 [FXGL Background Thread 3 ] DEBUG Engine               - runtimeInfo: RuntimeInfo(platform=LINUX, version=17.3, build=30.03.2023 11.49)
10:52:21.380 [FXGL Background Thread 3 ] DEBUG Engine               - saveFileExt: sav
10:52:21.380 [FXGL Background Thread 3 ] DEBUG Engine               - scaledHeightProp$fxgl: DoubleProperty [bound, value: 715.0]
10:52:21.380 [FXGL Background Thread 3 ] DEBUG Engine               - scaledWidthProp$fxgl: DoubleProperty [bound, value: 1280.0]
10:52:21.380 [FXGL Background Thread 3 ] DEBUG Engine               - sceneFactory: com.almasb.fxgl.app.scene.SceneFactory@42e807af
10:52:21.380 [FXGL Background Thread 3 ] DEBUG Engine               - secondsIn24h: 60
10:52:21.380 [FXGL Background Thread 3 ] DEBUG Engine               - soundMenuBack: menu/back.wav
10:52:21.380 [FXGL Background Thread 3 ] DEBUG Engine               - soundMenuPress: menu/press.wav
10:52:21.380 [FXGL Background Thread 3 ] DEBUG Engine               - soundMenuSelect: menu/select.wav
10:52:21.380 [FXGL Background Thread 3 ] DEBUG Engine               - soundNotification: core/notification.wav
10:52:21.380 [FXGL Background Thread 3 ] DEBUG Engine               - stageStyle: DECORATED
10:52:21.380 [FXGL Background Thread 3 ] DEBUG Engine               - supportedLanguages: [ENGLISH, FRENCH, GERMAN, HUNGARIAN, RUSSIAN]
10:52:21.381 [FXGL Background Thread 3 ] DEBUG Engine               - ticksPerSecond: -1
10:52:21.381 [FXGL Background Thread 3 ] DEBUG Engine               - title: Restaurante Simulador
10:52:21.381 [FXGL Background Thread 3 ] DEBUG Engine               - urlGithub: https://github.com/AlmasB/FXGL
10:52:21.381 [FXGL Background Thread 3 ] DEBUG Engine               - urlLeaderboard: http://fxgl-top.herokuapp.com/
10:52:21.381 [FXGL Background Thread 3 ] DEBUG Engine               - urlPOM: https://raw.githubusercontent.com/AlmasB/FXGL/release/README.md
10:52:21.381 [FXGL Background Thread 3 ] DEBUG Engine               - userAppClass: class com.restaurant.RestaurantApp
10:52:21.381 [FXGL Background Thread 3 ] DEBUG Engine               - version: 1.0
10:52:21.381 [FXGL Background Thread 3 ] DEBUG Engine               - versionCheckDays: 7
10:52:21.381 [FXGL Background Thread 3 ] DEBUG Engine               - width: 1280
10:52:21.381 [FXGL Background Thread 3 ] DEBUG Engine               - Logging services
10:52:21.381 [FXGL Background Thread 3 ] DEBUG Engine               - class com.almasb.fxgl.app.services.FXGLAssetLoaderService
10:52:21.381 [FXGL Background Thread 3 ] DEBUG Engine               - class com.almasb.fxgl.app.FXGLApplication$GameApplicationService
10:52:21.381 [FXGL Background Thread 3 ] DEBUG Engine               - class com.almasb.fxgl.app.services.FXGLDialogService
10:52:21.381 [FXGL Background Thread 3 ] DEBUG Engine               - class com.almasb.fxgl.app.services.IOTaskExecutorService
10:52:21.381 [FXGL Background Thread 3 ] DEBUG Engine               - class com.almasb.fxgl.io.FileSystemService
10:52:21.381 [FXGL Background Thread 3 ] DEBUG Engine               - class com.almasb.fxgl.localization.LocalizationService
10:52:21.381 [FXGL Background Thread 3 ] DEBUG Engine               - class com.almasb.fxgl.app.services.SystemBundleService
10:52:21.381 [FXGL Background Thread 3 ] DEBUG Engine               - class com.almasb.fxgl.profile.SaveLoadService
10:52:21.381 [FXGL Background Thread 3 ] DEBUG Engine               - class com.almasb.fxgl.ui.FXGLUIFactoryServiceProvider
10:52:21.381 [FXGL Background Thread 3 ] DEBUG Engine               - class com.almasb.fxgl.ui.FXGLDialogFactoryServiceProvider
10:52:21.381 [FXGL Background Thread 3 ] DEBUG Engine               - class com.almasb.fxgl.audio.AudioPlayer
10:52:21.381 [FXGL Background Thread 3 ] DEBUG Engine               - class com.almasb.fxgl.notification.impl.NotificationServiceProvider
10:52:21.381 [FXGL Background Thread 3 ] DEBUG Engine               - class com.almasb.fxgl.achievement.AchievementService
10:52:21.381 [FXGL Background Thread 3 ] DEBUG Engine               - class com.almasb.fxgl.cutscene.CutsceneService
10:52:21.381 [FXGL Background Thread 3 ] DEBUG Engine               - class com.almasb.fxgl.minigames.MiniGameService
10:52:21.381 [FXGL Background Thread 3 ] DEBUG Engine               - class com.almasb.fxgl.net.NetService
10:52:21.381 [FXGL Background Thread 3 ] DEBUG Engine               - class com.almasb.fxgl.app.services.UpdaterService
10:52:21.382 [FXGL Background Thread 3 ] DEBUG Engine               - class com.almasb.fxgl.dev.DevService
10:52:40.272 [JavaFX Application Thread] DEBUG FXGLApplication      - Exiting FXGL
10:52:40.272 [JavaFX Application Thread] DEBUG LoopRunner           - Stopping loop
10:52:40.272 [JavaFX Application Thread] DEBUG SystemBundleService  - Saving FXGL system data
10:52:40.273 [JavaFX Application Thread] DEBUG FileSystemAccess     - Writing to: /home/khars/IdeaProjects/simuladorRestaurant/system/fxgl.bundle
10:52:40.274 [JavaFX Application Thread] DEBUG Async                - Shutting down background threads
10:52:40.274 [JavaFX Application Thread] DEBUG PrimaryStageWindow   - Closing main window
10:52:40.275 [JavaFX Application Thread] DEBUG Logger               - Closing Logger
