11:34:49.857 [main                     ] DEBUG Logger               - Configured Logger
11:34:49.890 [main                     ] DEBUG GameApplication      - Logging settings
Title: Restaurante Simulador
Version: 1.0
Width: 1280
Height: 720
Fullscreen: false
Intro: false
Profiling: false
Single step:false
App Mode: DEVELOPER
Menu Key: ESCAPE
Stage Style: DECORATED
Scene Factory: class com.almasb.fxgl.app.scene.SceneFactory

11:34:50.361 [JavaFX Application Thread] DEBUG FXGLApplication      - Initializing FXGL
11:34:50.366 [JavaFX Application Thread] INFO  Engine               - FXGL-17.3 (30.03.2023 11.49) on LINUX (J:21.0.5 FX:21)
11:34:50.367 [JavaFX Application Thread] DEBUG Engine               - JRE Vendor Name: Amazon.com Inc.
11:34:50.367 [JavaFX Application Thread] DEBUG Engine               - Running on OS: Linux version 6.8.0-49-generic
11:34:50.367 [JavaFX Application Thread] DEBUG Engine               - Architecture: amd64
11:34:50.367 [JavaFX Application Thread] INFO  Engine               - Source code and latest versions at: https://github.com/AlmasB/FXGL
11:34:50.367 [JavaFX Application Thread] INFO  Engine               -       Ask questions and discuss at: https://github.com/AlmasB/FXGL/discussions
11:34:50.367 [JavaFX Application Thread] INFO  Engine               -              Join the FXGL chat at: https://gitter.im/AlmasB/FXGL
11:34:50.478 [JavaFX Application Thread] DEBUG PrimaryStageWindow   - Creating a JavaFX scene
11:34:50.582 [JavaFX Application Thread] DEBUG PrimaryStageWindow   - Target settings size: 1280.0 x 720.0
11:34:50.582 [JavaFX Application Thread] DEBUG PrimaryStageWindow   - Scaled scene size:    1280.0 x 720.0
11:34:50.582 [JavaFX Application Thread] DEBUG PrimaryStageWindow   - Scaled ratio: (1.0, 1.0)
11:34:50.584 [JavaFX Application Thread] DEBUG PrimaryStageWindow   - Set initial scene to FXGLStartupScene
11:34:50.587 [JavaFX Application Thread] DEBUG PrimaryStageWindow   - Opening main window
11:34:50.623 [JavaFX Application Thread] DEBUG PrimaryStageWindow   - Window border size: (0.0, 35.0)
11:34:50.624 [JavaFX Application Thread] DEBUG PrimaryStageWindow   - Scaled size: 1280.0 x 685.0
11:34:50.624 [JavaFX Application Thread] DEBUG PrimaryStageWindow   - Scaled ratio: (1.0, 0.9513888888888888)
11:34:50.624 [JavaFX Application Thread] DEBUG PrimaryStageWindow   - Scene size: 1280.0 x 720.0
11:34:50.624 [JavaFX Application Thread] DEBUG PrimaryStageWindow   - Stage size: 1280.0 x 720.0
11:34:50.629 [FXGL Background Thread 1 ] DEBUG Engine               - Initializing environment variables
11:34:50.659 [FXGL Background Thread 1 ] DEBUG FXGLAssetLoaderServi - User app class for loading assets: class com.restaurant.RestaurantApp
11:34:50.659 [FXGL Background Thread 1 ] DEBUG GameApplicationServi - Applying CSS: fxgl_dark.css
11:34:50.660 [FXGL Background Thread 1 ] DEBUG FXGLAssetLoaderServi - Loading from file system: jar:file:/home/khars/.m2/repository/com/github/almasb/fxgl/17.3/fxgl-17.3.jar!/fxglassets/ui/css/fxgl_dark.css
11:34:50.729 [FXGL Background Thread 1 ] DEBUG GameApplicationServi - Initializing application scenes
11:34:50.768 [FXGL Background Thread 1 ] DEBUG GameWorld            - Game world initialized
11:34:50.836 [FXGL Background Thread 1 ] DEBUG PhysicsWorld         - Physics world initialized: appHeight=720, physics.ppm=50,0
11:34:50.836 [FXGL Background Thread 1 ] DEBUG PhysicsWorld         - Using strategy: BRUTE_FORCE
11:34:50.841 [FXGL Background Thread 1 ] DEBUG GameScene            - Game scene initialized: 1280x720
11:34:50.852 [FXGL Background Thread 1 ] DEBUG FXGL.DefaultMenu     - createMenuBodyGameMenu()
11:34:50.868 [FXGL Background Thread 1 ] DEBUG FXGL.DefaultMenu     - createOptionsMenu()
11:34:50.879 [FXGL Background Thread 1 ] DEBUG FXGLAssetLoaderServi - Loading from file system: jar:file:/home/khars/.m2/repository/com/github/almasb/fxgl/17.3/fxgl-17.3.jar!/fxglassets/textures/particles/smoke.png
11:34:50.973 [FXGL Background Thread 1 ] DEBUG FXGLAssetLoaderServi - Loading from file system: jar:file:/home/khars/.m2/repository/com/github/almasb/fxgl/17.3/fxgl-17.3.jar!/fxglassets/textures/particles/trace_horizontal.png
11:34:50.997 [FXGL Background Thread 1 ] DEBUG GameApplicationServi - Application scenes initialized
11:34:51.012 [FXGL Background Thread 1 ] DEBUG SystemBundleService  - Loading FXGL system data
11:34:51.013 [FXGL Background Thread 1 ] DEBUG FileSystemAccess     - Reading from: /home/khars/IdeaProjects/simuladorRestaurant/system/fxgl.bundle
11:34:51.017 [FXGL Background Thread 1 ] DEBUG SystemBundleService  - Bundle FXGL: {}
11:34:51.017 [FXGL Background Thread 1 ] DEBUG UpdaterService       - Checking for updates
11:34:51.021 [FXGL Background Thread 4 ] DEBUG FXGLApplication      - Loading fonts
11:34:51.021 [FXGL Background Thread 4 ] DEBUG FXGLAssetLoaderServi - Loading from file system: jar:file:/home/khars/.m2/repository/com/github/almasb/fxgl/17.3/fxgl-17.3.jar!/fxglassets/ui/fonts/VarelaRound-Regular.ttf
11:34:51.022 [FXGL Background Thread 1 ] DEBUG FXGLApplication      - Loading default localization
11:34:51.022 [FXGL Background Thread 1 ] DEBUG FXGLAssetLoaderServi - Loading from file system: jar:file:/home/khars/.m2/repository/com/github/almasb/fxgl/17.3/fxgl-17.3.jar!/fxglassets/languages/english.lang
11:34:51.036 [FXGL Background Thread 4 ] DEBUG FXGLAssetLoaderServi - Loading from file system: jar:file:/home/khars/.m2/repository/com/github/almasb/fxgl/17.3/fxgl-17.3.jar!/fxglassets/ui/fonts/Abel-Regular.ttf
11:34:51.038 [FXGL Background Thread 4 ] DEBUG FXGLAssetLoaderServi - Loading from file system: jar:file:/home/khars/.m2/repository/com/github/almasb/fxgl/17.3/fxgl-17.3.jar!/fxglassets/ui/fonts/TerminalLandMono-Regular.otf
11:34:51.041 [FXGL Background Thread 4 ] DEBUG FXGLAssetLoaderServi - Loading from file system: jar:file:/home/khars/.m2/repository/com/github/almasb/fxgl/17.3/fxgl-17.3.jar!/fxglassets/ui/fonts/Courier-Prime.ttf
11:34:51.046 [JavaFX Application Thread] DEBUG FXGLApplication      - Registering font factories with UI factory
11:34:51.050 [FXGL Background Thread 1 ] INFO  FXGLApplication      - FXGL initialization took: 0,421 sec
11:34:51.051 [JavaFX Application Thread] DEBUG FXGLAssetLoaderServi - Loading from file system: jar:file:/home/khars/.m2/repository/com/github/almasb/fxgl/17.3/fxgl-17.3.jar!/fxglassets/textures/fxgl_icon.png
11:34:51.075 [JavaFX Application Thread] DEBUG FXGLAssetLoaderServi - Loading from file system: jar:file:/home/khars/.m2/repository/com/github/almasb/fxgl/17.3/fxgl-17.3.jar!/fxglassets/textures/fxgl_default_cursor.png
11:34:51.085 [JavaFX Application Thread] DEBUG Input                - Registered new binding: Screenshot - CTRL+8
11:34:51.086 [JavaFX Application Thread] DEBUG Input                - Registered new binding: System info dump - CTRL+9
11:34:51.086 [JavaFX Application Thread] DEBUG Input                - Registered new binding: Restart - CTRL+R
11:34:51.087 [JavaFX Application Thread] DEBUG Input                - Registered new binding: Toggle Debug Camera - CTRL+7
11:34:51.089 [JavaFX Application Thread] DEBUG LoopRunner           - Starting loop
11:34:51.089 [JavaFX Application Thread] DEBUG LoopRunner           - Initializing JavaFX AnimationTimerLoop
11:34:51.091 [JavaFX Application Thread] DEBUG GameApplicationServi - Starting new game
11:34:51.091 [JavaFX Application Thread] DEBUG Input                - Clearing active input actions
11:34:51.103 [JavaFX Application Thread] DEBUG GameApplicationServi - Removing overlay from FXGLStartupScene and adding to FXGLLoadingScene
11:34:51.104 [JavaFX Application Thread] DEBUG PrimaryStageWindow   - FXGLStartupScene -> FXGLLoadingScene
11:34:51.104 [JavaFX Application Thread] DEBUG GameApplicationServi - Clearing previous game
11:34:51.104 [JavaFX Application Thread] DEBUG GameScene            - Clearing game scene
11:34:51.104 [JavaFX Application Thread] DEBUG GameWorld            - Clearing game world
11:34:51.104 [JavaFX Application Thread] DEBUG PhysicsWorld         - Clearing physics world
11:34:51.106 [FXGL Background Thread 1 ] DEBUG FXGLApplication      - Initializing game
11:34:51.116 [FXGL Background Thread 1 ] DEBUG FXGLAssetLoaderServi - Loading from file system: file:/home/khars/IdeaProjects/simuladorRestaurant/target/classes/assets/textures/fondo.png
11:34:51.134 [FXGL Background Thread 1 ] DEBUG FXGLAssetLoaderServi - Loading from file system: file:/home/khars/IdeaProjects/simuladorRestaurant/target/classes/assets/textures/cocina.png
11:34:51.146 [FXGL Background Thread 1 ] DEBUG FXGLAssetLoaderServi - Loading from file system: file:/home/khars/IdeaProjects/simuladorRestaurant/target/classes/assets/textures/recepcionista.png
11:34:51.150 [FXGL Background Thread 1 ] DEBUG FXGLAssetLoaderServi - Loading from file system: file:/home/khars/IdeaProjects/simuladorRestaurant/target/classes/assets/textures/chef1.png
11:34:51.460 [FXGL Background Thread 1 ] DEBUG FXGLAssetLoaderServi - Loading from file system: file:/home/khars/IdeaProjects/simuladorRestaurant/target/classes/assets/textures/chef2.png
11:34:51.481 [FXGL Background Thread 1 ] DEBUG FXGLAssetLoaderServi - Loading from file system: file:/home/khars/IdeaProjects/simuladorRestaurant/target/classes/assets/textures/chef3.png
11:34:51.501 [FXGL Background Thread 1 ] DEBUG FXGLAssetLoaderServi - Loading from file system: file:/home/khars/IdeaProjects/simuladorRestaurant/target/classes/assets/textures/mesero.png
11:34:51.519 [FXGL Background Thread 1 ] DEBUG FXGLAssetLoaderServi - Loading from file system: file:/home/khars/IdeaProjects/simuladorRestaurant/target/classes/assets/textures/mesa.png
11:34:51.535 [FXGL Background Thread 1 ] INFO  FXGLApplication      - Game initialization took: 0,429 sec
11:34:51.547 [JavaFX Application Thread] DEBUG Input                - Clearing active input actions
11:34:51.560 [JavaFX Application Thread] DEBUG GameApplicationServi - Removing overlay from FXGLLoadingScene and adding to GameScene
11:34:51.561 [JavaFX Application Thread] DEBUG PrimaryStageWindow   - FXGLLoadingScene -> GameScene
11:34:51.614 [FXGL Background Thread 2 ] INFO  UpdaterService       - Your current version:  17.3
11:34:51.614 [FXGL Background Thread 2 ] INFO  UpdaterService       - Latest stable version: 21.1
11:34:53.535 [JavaFX Application Thread] DEBUG FXGLAssetLoaderServi - Loading from file system: file:/home/khars/IdeaProjects/simuladorRestaurant/target/classes/assets/textures/sam.png
11:34:54.019 [FXGL Background Thread 3 ] DEBUG Engine               - Logging environment variables
11:34:54.020 [FXGL Background Thread 3 ] DEBUG Engine               - achievements: []
11:34:54.020 [FXGL Background Thread 3 ] DEBUG Engine               - actualHeight: 685.0
11:34:54.020 [FXGL Background Thread 3 ] DEBUG Engine               - actualHeightProperty: ReadOnlyDoubleProperty [value: 715.0]
11:34:54.020 [FXGL Background Thread 3 ] DEBUG Engine               - actualWidth: 1280.0
11:34:54.020 [FXGL Background Thread 3 ] DEBUG Engine               - actualWidthProperty: ReadOnlyDoubleProperty [value: 1280.0]
11:34:54.020 [FXGL Background Thread 3 ] DEBUG Engine               - appIcon: fxgl_icon.png
11:34:54.020 [FXGL Background Thread 3 ] DEBUG Engine               - applicationMode: DEVELOPER
11:34:54.021 [FXGL Background Thread 3 ] DEBUG Engine               - cSSList: [fxgl_dark.css]
11:34:54.021 [FXGL Background Thread 3 ] DEBUG Engine               - collisionDetectionStrategy: BRUTE_FORCE
11:34:54.021 [FXGL Background Thread 3 ] DEBUG Engine               - configClass: Optional.empty
11:34:54.021 [FXGL Background Thread 3 ] DEBUG Engine               - credits: []
11:34:54.021 [FXGL Background Thread 3 ] DEBUG Engine               - defaultCursor: CursorInfo(imageName=fxgl_default_cursor.png, hotspotX=7.0, hotspotY=6.0)
11:34:54.021 [FXGL Background Thread 3 ] DEBUG Engine               - devBBoxColorProperty: ObjectProperty [value: 0xff0000ff]
11:34:54.021 [FXGL Background Thread 3 ] DEBUG Engine               - devEnableDebugCameraProperty: BooleanProperty [value: false]
11:34:54.021 [FXGL Background Thread 3 ] DEBUG Engine               - devSensorColorProperty: ObjectProperty [value: 0xffff00ff]
11:34:54.021 [FXGL Background Thread 3 ] DEBUG Engine               - devShowBBoxProperty: BooleanProperty [value: false]
11:34:54.021 [FXGL Background Thread 3 ] DEBUG Engine               - devShowPositionProperty: BooleanProperty [value: false]
11:34:54.021 [FXGL Background Thread 3 ] DEBUG Engine               - enabledMenuItems: []
11:34:54.021 [FXGL Background Thread 3 ] DEBUG Engine               - engineServices: [class com.almasb.fxgl.app.services.FXGLAssetLoaderService, class com.almasb.fxgl.app.FXGLApplication$GameApplicationService, class com.almasb.fxgl.app.services.FXGLDialogService, class com.almasb.fxgl.app.services.IOTaskExecutorService, class com.almasb.fxgl.io.FileSystemService, class com.almasb.fxgl.localization.LocalizationService, class com.almasb.fxgl.app.services.SystemBundleService, class com.almasb.fxgl.profile.SaveLoadService, class com.almasb.fxgl.ui.FXGLUIFactoryServiceProvider, class com.almasb.fxgl.ui.FXGLDialogFactoryServiceProvider, class com.almasb.fxgl.audio.AudioPlayer, class com.almasb.fxgl.notification.impl.NotificationServiceProvider, class com.almasb.fxgl.achievement.AchievementService, class com.almasb.fxgl.cutscene.CutsceneService, class com.almasb.fxgl.minigames.MiniGameService, class com.almasb.fxgl.net.NetService, class com.almasb.fxgl.app.services.UpdaterService, class com.almasb.fxgl.dev.DevService]
11:34:54.021 [FXGL Background Thread 3 ] DEBUG Engine               - fontGame: Abel-Regular.ttf
11:34:54.022 [FXGL Background Thread 3 ] DEBUG Engine               - fontMono: TerminalLandMono-Regular.otf
11:34:54.022 [FXGL Background Thread 3 ] DEBUG Engine               - fontSizeScaleUI: 1.0
11:34:54.022 [FXGL Background Thread 3 ] DEBUG Engine               - fontText: Courier-Prime.ttf
11:34:54.022 [FXGL Background Thread 3 ] DEBUG Engine               - fontUI: VarelaRound-Regular.ttf
11:34:54.022 [FXGL Background Thread 3 ] DEBUG Engine               - fullScreen: BooleanProperty [value: false]
11:34:54.022 [FXGL Background Thread 3 ] DEBUG Engine               - gameDifficulty: MEDIUM
11:34:54.022 [FXGL Background Thread 3 ] DEBUG Engine               - gameDifficultyProperty: ObjectProperty [value: MEDIUM]
11:34:54.022 [FXGL Background Thread 3 ] DEBUG Engine               - globalMusicVolume: 0.5
11:34:54.022 [FXGL Background Thread 3 ] DEBUG Engine               - globalMusicVolumeProperty: DoubleProperty [value: 0.5]
11:34:54.022 [FXGL Background Thread 3 ] DEBUG Engine               - globalSoundVolume: 0.5
11:34:54.022 [FXGL Background Thread 3 ] DEBUG Engine               - globalSoundVolumeProperty: DoubleProperty [value: 0.5]
11:34:54.022 [FXGL Background Thread 3 ] DEBUG Engine               - height: 720
11:34:54.022 [FXGL Background Thread 3 ] DEBUG Engine               - is3D: false
11:34:54.022 [FXGL Background Thread 3 ] DEBUG Engine               - isAndroid: false
11:34:54.022 [FXGL Background Thread 3 ] DEBUG Engine               - isBrowser: false
11:34:54.022 [FXGL Background Thread 3 ] DEBUG Engine               - isClickFeedbackEnabled: false
11:34:54.023 [FXGL Background Thread 3 ] DEBUG Engine               - isCloseConfirmation: false
11:34:54.023 [FXGL Background Thread 3 ] DEBUG Engine               - isDesktop: true
11:34:54.023 [FXGL Background Thread 3 ] DEBUG Engine               - isDeveloperMenuEnabled: false
11:34:54.023 [FXGL Background Thread 3 ] DEBUG Engine               - isEmbedded: false
11:34:54.023 [FXGL Background Thread 3 ] DEBUG Engine               - isEntityPreloadEnabled: true
11:34:54.023 [FXGL Background Thread 3 ] DEBUG Engine               - isExperimentalTiledLargeMap: false
11:34:54.023 [FXGL Background Thread 3 ] DEBUG Engine               - isFileSystemWriteAllowed: true
11:34:54.023 [FXGL Background Thread 3 ] DEBUG Engine               - isFullScreenAllowed: false
11:34:54.023 [FXGL Background Thread 3 ] DEBUG Engine               - isFullScreenFromStart: false
11:34:54.023 [FXGL Background Thread 3 ] DEBUG Engine               - isGameMenuEnabled: true
11:34:54.023 [FXGL Background Thread 3 ] DEBUG Engine               - isIOS: false
11:34:54.023 [FXGL Background Thread 3 ] DEBUG Engine               - isIntroEnabled: false
11:34:54.023 [FXGL Background Thread 3 ] DEBUG Engine               - isLinux: true
11:34:54.023 [FXGL Background Thread 3 ] DEBUG Engine               - isMac: false
11:34:54.023 [FXGL Background Thread 3 ] DEBUG Engine               - isMainMenuEnabled: false
11:34:54.023 [FXGL Background Thread 3 ] DEBUG Engine               - isManualResizeEnabled: false
11:34:54.023 [FXGL Background Thread 3 ] DEBUG Engine               - isMobile: false
11:34:54.023 [FXGL Background Thread 3 ] DEBUG Engine               - isNative: false
11:34:54.023 [FXGL Background Thread 3 ] DEBUG Engine               - isPauseMusicWhenMinimized: true
11:34:54.023 [FXGL Background Thread 3 ] DEBUG Engine               - isPreserveResizeRatio: false
11:34:54.024 [FXGL Background Thread 3 ] DEBUG Engine               - isProfilingEnabled: false
11:34:54.024 [FXGL Background Thread 3 ] DEBUG Engine               - isScaleAffectedOnResize: true
11:34:54.024 [FXGL Background Thread 3 ] DEBUG Engine               - isSingleStep: false
11:34:54.024 [FXGL Background Thread 3 ] DEBUG Engine               - isUserProfileEnabled: false
11:34:54.024 [FXGL Background Thread 3 ] DEBUG Engine               - isWindows: false
11:34:54.024 [FXGL Background Thread 3 ] DEBUG Engine               - language: ObjectProperty [value: ENGLISH]
11:34:54.024 [FXGL Background Thread 3 ] DEBUG Engine               - menuKey: ESCAPE
11:34:54.024 [FXGL Background Thread 3 ] DEBUG Engine               - mouseSensitivity: 0.2
11:34:54.024 [FXGL Background Thread 3 ] DEBUG Engine               - notificationViewClass: class com.almasb.fxgl.notification.view.XboxNotificationView
11:34:54.024 [FXGL Background Thread 3 ] DEBUG Engine               - pixelsPerMeter: 50.0
11:34:54.024 [FXGL Background Thread 3 ] DEBUG Engine               - platform: LINUX
11:34:54.024 [FXGL Background Thread 3 ] DEBUG Engine               - prefHeightProperty: ReadOnlyDoubleProperty [value: 720.0]
11:34:54.024 [FXGL Background Thread 3 ] DEBUG Engine               - prefWidthProperty: ReadOnlyDoubleProperty [value: 1280.0]
11:34:54.024 [FXGL Background Thread 3 ] DEBUG Engine               - profileDir: profiles/
11:34:54.024 [FXGL Background Thread 3 ] DEBUG Engine               - profileName: StringProperty [value: DEFAULT]
11:34:54.024 [FXGL Background Thread 3 ] DEBUG Engine               - randomSeed: -1
11:34:54.024 [FXGL Background Thread 3 ] DEBUG Engine               - runtimeInfo: RuntimeInfo(platform=LINUX, version=17.3, build=30.03.2023 11.49)
11:34:54.025 [FXGL Background Thread 3 ] DEBUG Engine               - saveFileExt: sav
11:34:54.025 [FXGL Background Thread 3 ] DEBUG Engine               - scaledHeightProp$fxgl: DoubleProperty [bound, value: 715.0]
11:34:54.025 [FXGL Background Thread 3 ] DEBUG Engine               - scaledWidthProp$fxgl: DoubleProperty [bound, value: 1280.0]
11:34:54.025 [FXGL Background Thread 3 ] DEBUG Engine               - sceneFactory: com.almasb.fxgl.app.scene.SceneFactory@f8bf7cb
11:34:54.025 [FXGL Background Thread 3 ] DEBUG Engine               - secondsIn24h: 60
11:34:54.025 [FXGL Background Thread 3 ] DEBUG Engine               - soundMenuBack: menu/back.wav
11:34:54.025 [FXGL Background Thread 3 ] DEBUG Engine               - soundMenuPress: menu/press.wav
11:34:54.025 [FXGL Background Thread 3 ] DEBUG Engine               - soundMenuSelect: menu/select.wav
11:34:54.025 [FXGL Background Thread 3 ] DEBUG Engine               - soundNotification: core/notification.wav
11:34:54.025 [FXGL Background Thread 3 ] DEBUG Engine               - stageStyle: DECORATED
11:34:54.025 [FXGL Background Thread 3 ] DEBUG Engine               - supportedLanguages: [ENGLISH, FRENCH, GERMAN, HUNGARIAN, RUSSIAN]
11:34:54.025 [FXGL Background Thread 3 ] DEBUG Engine               - ticksPerSecond: -1
11:34:54.025 [FXGL Background Thread 3 ] DEBUG Engine               - title: Restaurante Simulador
11:34:54.025 [FXGL Background Thread 3 ] DEBUG Engine               - urlGithub: https://github.com/AlmasB/FXGL
11:34:54.025 [FXGL Background Thread 3 ] DEBUG Engine               - urlLeaderboard: http://fxgl-top.herokuapp.com/
11:34:54.025 [FXGL Background Thread 3 ] DEBUG Engine               - urlPOM: https://raw.githubusercontent.com/AlmasB/FXGL/release/README.md
11:34:54.025 [FXGL Background Thread 3 ] DEBUG Engine               - userAppClass: class com.restaurant.RestaurantApp
11:34:54.025 [FXGL Background Thread 3 ] DEBUG Engine               - version: 1.0
11:34:54.025 [FXGL Background Thread 3 ] DEBUG Engine               - versionCheckDays: 7
11:34:54.026 [FXGL Background Thread 3 ] DEBUG Engine               - width: 1280
11:34:54.026 [FXGL Background Thread 3 ] DEBUG Engine               - Logging services
11:34:54.026 [FXGL Background Thread 3 ] DEBUG Engine               - class com.almasb.fxgl.app.services.FXGLAssetLoaderService
11:34:54.026 [FXGL Background Thread 3 ] DEBUG Engine               - class com.almasb.fxgl.app.FXGLApplication$GameApplicationService
11:34:54.026 [FXGL Background Thread 3 ] DEBUG Engine               - class com.almasb.fxgl.app.services.FXGLDialogService
11:34:54.026 [FXGL Background Thread 3 ] DEBUG Engine               - class com.almasb.fxgl.app.services.IOTaskExecutorService
11:34:54.026 [FXGL Background Thread 3 ] DEBUG Engine               - class com.almasb.fxgl.io.FileSystemService
11:34:54.026 [FXGL Background Thread 3 ] DEBUG Engine               - class com.almasb.fxgl.localization.LocalizationService
11:34:54.026 [FXGL Background Thread 3 ] DEBUG Engine               - class com.almasb.fxgl.app.services.SystemBundleService
11:34:54.026 [FXGL Background Thread 3 ] DEBUG Engine               - class com.almasb.fxgl.profile.SaveLoadService
11:34:54.026 [FXGL Background Thread 3 ] DEBUG Engine               - class com.almasb.fxgl.ui.FXGLUIFactoryServiceProvider
11:34:54.026 [FXGL Background Thread 3 ] DEBUG Engine               - class com.almasb.fxgl.ui.FXGLDialogFactoryServiceProvider
11:34:54.026 [FXGL Background Thread 3 ] DEBUG Engine               - class com.almasb.fxgl.audio.AudioPlayer
11:34:54.026 [FXGL Background Thread 3 ] DEBUG Engine               - class com.almasb.fxgl.notification.impl.NotificationServiceProvider
11:34:54.026 [FXGL Background Thread 3 ] DEBUG Engine               - class com.almasb.fxgl.achievement.AchievementService
11:34:54.026 [FXGL Background Thread 3 ] DEBUG Engine               - class com.almasb.fxgl.cutscene.CutsceneService
11:34:54.026 [FXGL Background Thread 3 ] DEBUG Engine               - class com.almasb.fxgl.minigames.MiniGameService
11:34:54.026 [FXGL Background Thread 3 ] DEBUG Engine               - class com.almasb.fxgl.net.NetService
11:34:54.026 [FXGL Background Thread 3 ] DEBUG Engine               - class com.almasb.fxgl.app.services.UpdaterService
11:34:54.026 [FXGL Background Thread 3 ] DEBUG Engine               - class com.almasb.fxgl.dev.DevService
11:35:30.119 [JavaFX Application Thread] DEBUG FXGLApplication      - Exiting FXGL
11:35:30.119 [JavaFX Application Thread] DEBUG LoopRunner           - Stopping loop
11:35:30.119 [JavaFX Application Thread] DEBUG SystemBundleService  - Saving FXGL system data
11:35:30.120 [JavaFX Application Thread] DEBUG FileSystemAccess     - Writing to: /home/khars/IdeaProjects/simuladorRestaurant/system/fxgl.bundle
11:35:30.121 [JavaFX Application Thread] DEBUG Async                - Shutting down background threads
11:35:30.122 [JavaFX Application Thread] DEBUG PrimaryStageWindow   - Closing main window
11:35:30.124 [JavaFX Application Thread] DEBUG Logger               - Closing Logger
