11:26:05.738 [main                     ] DEBUG Logger               - Configured Logger
11:26:05.766 [main                     ] DEBUG GameApplication      - Logging settings
Title: Restaurante Simulador
Version: 1.0
Width: 1280
Height: 720
Fullscreen: false
Intro: false
Profiling: false
Single step:false
App Mode: DEVELOPER
Menu Key: ESCAPE
Stage Style: DECORATED
Scene Factory: class com.almasb.fxgl.app.scene.SceneFactory

11:26:06.237 [JavaFX Application Thread] DEBUG FXGLApplication      - Initializing FXGL
11:26:06.242 [JavaFX Application Thread] INFO  Engine               - FXGL-17.3 (30.03.2023 11.49) on LINUX (J:21.0.5 FX:21)
11:26:06.242 [JavaFX Application Thread] DEBUG Engine               - JRE Vendor Name: Amazon.com Inc.
11:26:06.242 [JavaFX Application Thread] DEBUG Engine               - Running on OS: Linux version 6.8.0-49-generic
11:26:06.242 [JavaFX Application Thread] DEBUG Engine               - Architecture: amd64
11:26:06.242 [JavaFX Application Thread] INFO  Engine               - Source code and latest versions at: https://github.com/AlmasB/FXGL
11:26:06.243 [JavaFX Application Thread] INFO  Engine               -       Ask questions and discuss at: https://github.com/AlmasB/FXGL/discussions
11:26:06.243 [JavaFX Application Thread] INFO  Engine               -              Join the FXGL chat at: https://gitter.im/AlmasB/FXGL
11:26:06.359 [JavaFX Application Thread] DEBUG PrimaryStageWindow   - Creating a JavaFX scene
11:26:06.455 [JavaFX Application Thread] DEBUG PrimaryStageWindow   - Target settings size: 1280.0 x 720.0
11:26:06.455 [JavaFX Application Thread] DEBUG PrimaryStageWindow   - Scaled scene size:    1280.0 x 720.0
11:26:06.456 [JavaFX Application Thread] DEBUG PrimaryStageWindow   - Scaled ratio: (1.0, 1.0)
11:26:06.457 [JavaFX Application Thread] DEBUG PrimaryStageWindow   - Set initial scene to FXGLStartupScene
11:26:06.460 [JavaFX Application Thread] DEBUG PrimaryStageWindow   - Opening main window
11:26:06.497 [JavaFX Application Thread] DEBUG PrimaryStageWindow   - Window border size: (0.0, 35.0)
11:26:06.497 [JavaFX Application Thread] DEBUG PrimaryStageWindow   - Scaled size: 1280.0 x 685.0
11:26:06.498 [JavaFX Application Thread] DEBUG PrimaryStageWindow   - Scaled ratio: (1.0, 0.9513888888888888)
11:26:06.498 [JavaFX Application Thread] DEBUG PrimaryStageWindow   - Scene size: 1280.0 x 720.0
11:26:06.498 [JavaFX Application Thread] DEBUG PrimaryStageWindow   - Stage size: 1280.0 x 720.0
11:26:06.503 [FXGL Background Thread 1 ] DEBUG Engine               - Initializing environment variables
11:26:06.541 [FXGL Background Thread 1 ] DEBUG FXGLAssetLoaderServi - User app class for loading assets: class com.restaurant.RestaurantApp
11:26:06.541 [FXGL Background Thread 1 ] DEBUG GameApplicationServi - Applying CSS: fxgl_dark.css
11:26:06.542 [FXGL Background Thread 1 ] DEBUG FXGLAssetLoaderServi - Loading from file system: jar:file:/home/khars/.m2/repository/com/github/almasb/fxgl/17.3/fxgl-17.3.jar!/fxglassets/ui/css/fxgl_dark.css
11:26:06.598 [FXGL Background Thread 1 ] DEBUG GameApplicationServi - Initializing application scenes
11:26:06.649 [FXGL Background Thread 1 ] DEBUG GameWorld            - Game world initialized
11:26:06.718 [FXGL Background Thread 1 ] DEBUG PhysicsWorld         - Physics world initialized: appHeight=720, physics.ppm=50,0
11:26:06.718 [FXGL Background Thread 1 ] DEBUG PhysicsWorld         - Using strategy: BRUTE_FORCE
11:26:06.722 [FXGL Background Thread 1 ] DEBUG GameScene            - Game scene initialized: 1280x720
11:26:06.733 [FXGL Background Thread 1 ] DEBUG FXGL.DefaultMenu     - createMenuBodyGameMenu()
11:26:06.747 [FXGL Background Thread 1 ] DEBUG FXGL.DefaultMenu     - createOptionsMenu()
11:26:06.756 [FXGL Background Thread 1 ] DEBUG FXGLAssetLoaderServi - Loading from file system: jar:file:/home/khars/.m2/repository/com/github/almasb/fxgl/17.3/fxgl-17.3.jar!/fxglassets/textures/particles/smoke.png
11:26:06.844 [FXGL Background Thread 1 ] DEBUG FXGLAssetLoaderServi - Loading from file system: jar:file:/home/khars/.m2/repository/com/github/almasb/fxgl/17.3/fxgl-17.3.jar!/fxglassets/textures/particles/trace_horizontal.png
11:26:06.875 [FXGL Background Thread 1 ] DEBUG GameApplicationServi - Application scenes initialized
11:26:06.888 [FXGL Background Thread 1 ] DEBUG SystemBundleService  - Loading FXGL system data
11:26:06.890 [FXGL Background Thread 1 ] DEBUG FileSystemAccess     - Reading from: /home/khars/IdeaProjects/simuladorRestaurant/system/fxgl.bundle
11:26:06.892 [FXGL Background Thread 1 ] DEBUG SystemBundleService  - Bundle FXGL: {}
11:26:06.892 [FXGL Background Thread 1 ] DEBUG UpdaterService       - Checking for updates
11:26:06.896 [FXGL Background Thread 4 ] DEBUG FXGLApplication      - Loading fonts
11:26:06.896 [FXGL Background Thread 4 ] DEBUG FXGLAssetLoaderServi - Loading from file system: jar:file:/home/khars/.m2/repository/com/github/almasb/fxgl/17.3/fxgl-17.3.jar!/fxglassets/ui/fonts/VarelaRound-Regular.ttf
11:26:06.897 [FXGL Background Thread 1 ] DEBUG FXGLApplication      - Loading default localization
11:26:06.897 [FXGL Background Thread 1 ] DEBUG FXGLAssetLoaderServi - Loading from file system: jar:file:/home/khars/.m2/repository/com/github/almasb/fxgl/17.3/fxgl-17.3.jar!/fxglassets/languages/english.lang
11:26:06.919 [FXGL Background Thread 4 ] DEBUG FXGLAssetLoaderServi - Loading from file system: jar:file:/home/khars/.m2/repository/com/github/almasb/fxgl/17.3/fxgl-17.3.jar!/fxglassets/ui/fonts/Abel-Regular.ttf
11:26:06.922 [FXGL Background Thread 4 ] DEBUG FXGLAssetLoaderServi - Loading from file system: jar:file:/home/khars/.m2/repository/com/github/almasb/fxgl/17.3/fxgl-17.3.jar!/fxglassets/ui/fonts/TerminalLandMono-Regular.otf
11:26:06.924 [FXGL Background Thread 4 ] DEBUG FXGLAssetLoaderServi - Loading from file system: jar:file:/home/khars/.m2/repository/com/github/almasb/fxgl/17.3/fxgl-17.3.jar!/fxglassets/ui/fonts/Courier-Prime.ttf
11:26:06.929 [JavaFX Application Thread] DEBUG FXGLApplication      - Registering font factories with UI factory
11:26:06.931 [FXGL Background Thread 1 ] INFO  FXGLApplication      - FXGL initialization took: 0,428 sec
11:26:06.932 [JavaFX Application Thread] DEBUG FXGLAssetLoaderServi - Loading from file system: jar:file:/home/khars/.m2/repository/com/github/almasb/fxgl/17.3/fxgl-17.3.jar!/fxglassets/textures/fxgl_icon.png
11:26:06.965 [JavaFX Application Thread] DEBUG FXGLAssetLoaderServi - Loading from file system: jar:file:/home/khars/.m2/repository/com/github/almasb/fxgl/17.3/fxgl-17.3.jar!/fxglassets/textures/fxgl_default_cursor.png
11:26:06.977 [JavaFX Application Thread] DEBUG Input                - Registered new binding: Screenshot - CTRL+8
11:26:06.978 [JavaFX Application Thread] DEBUG Input                - Registered new binding: System info dump - CTRL+9
11:26:06.978 [JavaFX Application Thread] DEBUG Input                - Registered new binding: Restart - CTRL+R
11:26:06.979 [JavaFX Application Thread] DEBUG Input                - Registered new binding: Toggle Debug Camera - CTRL+7
11:26:06.982 [JavaFX Application Thread] DEBUG LoopRunner           - Starting loop
11:26:06.982 [JavaFX Application Thread] DEBUG LoopRunner           - Initializing JavaFX AnimationTimerLoop
11:26:06.983 [JavaFX Application Thread] DEBUG GameApplicationServi - Starting new game
11:26:06.983 [JavaFX Application Thread] DEBUG Input                - Clearing active input actions
11:26:06.996 [JavaFX Application Thread] DEBUG GameApplicationServi - Removing overlay from FXGLStartupScene and adding to FXGLLoadingScene
11:26:06.997 [JavaFX Application Thread] DEBUG PrimaryStageWindow   - FXGLStartupScene -> FXGLLoadingScene
11:26:06.997 [JavaFX Application Thread] DEBUG GameApplicationServi - Clearing previous game
11:26:06.997 [JavaFX Application Thread] DEBUG GameScene            - Clearing game scene
11:26:06.997 [JavaFX Application Thread] DEBUG GameWorld            - Clearing game world
11:26:06.997 [JavaFX Application Thread] DEBUG PhysicsWorld         - Clearing physics world
11:26:06.999 [FXGL Background Thread 1 ] DEBUG FXGLApplication      - Initializing game
11:26:07.006 [FXGL Background Thread 1 ] DEBUG FXGLAssetLoaderServi - Loading from file system: file:/home/khars/IdeaProjects/simuladorRestaurant/target/classes/assets/textures/fondo.png
11:26:07.025 [FXGL Background Thread 1 ] DEBUG FXGLAssetLoaderServi - Loading from file system: file:/home/khars/IdeaProjects/simuladorRestaurant/target/classes/assets/textures/cocina.png
11:26:07.036 [FXGL Background Thread 1 ] DEBUG FXGLAssetLoaderServi - Loading from file system: file:/home/khars/IdeaProjects/simuladorRestaurant/target/classes/assets/textures/recepcionista.png
11:26:07.040 [FXGL Background Thread 1 ] DEBUG FXGLAssetLoaderServi - Loading from file system: file:/home/khars/IdeaProjects/simuladorRestaurant/target/classes/assets/textures/chef1.png
11:26:07.401 [FXGL Background Thread 1 ] DEBUG FXGLAssetLoaderServi - Loading from file system: file:/home/khars/IdeaProjects/simuladorRestaurant/target/classes/assets/textures/chef2.png
11:26:07.409 [FXGL Background Thread 1 ] DEBUG FXGLAssetLoaderServi - Loading from file system: file:/home/khars/IdeaProjects/simuladorRestaurant/target/classes/assets/textures/chef3.png
11:26:07.416 [FXGL Background Thread 1 ] DEBUG FXGLAssetLoaderServi - Loading from file system: file:/home/khars/IdeaProjects/simuladorRestaurant/target/classes/assets/textures/mesero.png
11:26:07.423 [FXGL Background Thread 1 ] INFO  FXGLApplication      - Game initialization took: 0,424 sec
11:26:07.424 [JavaFX Application Thread] DEBUG FXGLAssetLoaderServi - Loading from file system: file:/home/khars/IdeaProjects/simuladorRestaurant/target/classes/assets/textures/sam.png
11:26:07.430 [JavaFX Application Thread] DEBUG Input                - Clearing active input actions
11:26:07.442 [JavaFX Application Thread] DEBUG GameApplicationServi - Removing overlay from FXGLLoadingScene and adding to GameScene
11:26:07.443 [JavaFX Application Thread] DEBUG PrimaryStageWindow   - FXGLLoadingScene -> GameScene
11:26:07.443 [FXGL Background Thread 2 ] INFO  UpdaterService       - Your current version:  17.3
11:26:07.444 [FXGL Background Thread 2 ] INFO  UpdaterService       - Latest stable version: 21.1
11:26:09.894 [FXGL Background Thread 3 ] DEBUG Engine               - Logging environment variables
11:26:09.895 [FXGL Background Thread 3 ] DEBUG Engine               - achievements: []
11:26:09.895 [FXGL Background Thread 3 ] DEBUG Engine               - actualHeight: 685.0
11:26:09.895 [FXGL Background Thread 3 ] DEBUG Engine               - actualHeightProperty: ReadOnlyDoubleProperty [value: 715.0]
11:26:09.895 [FXGL Background Thread 3 ] DEBUG Engine               - actualWidth: 1280.0
11:26:09.895 [FXGL Background Thread 3 ] DEBUG Engine               - actualWidthProperty: ReadOnlyDoubleProperty [value: 1280.0]
11:26:09.895 [FXGL Background Thread 3 ] DEBUG Engine               - appIcon: fxgl_icon.png
11:26:09.895 [FXGL Background Thread 3 ] DEBUG Engine               - applicationMode: DEVELOPER
11:26:09.895 [FXGL Background Thread 3 ] DEBUG Engine               - cSSList: [fxgl_dark.css]
11:26:09.895 [FXGL Background Thread 3 ] DEBUG Engine               - collisionDetectionStrategy: BRUTE_FORCE
11:26:09.896 [FXGL Background Thread 3 ] DEBUG Engine               - configClass: Optional.empty
11:26:09.896 [FXGL Background Thread 3 ] DEBUG Engine               - credits: []
11:26:09.896 [FXGL Background Thread 3 ] DEBUG Engine               - defaultCursor: CursorInfo(imageName=fxgl_default_cursor.png, hotspotX=7.0, hotspotY=6.0)
11:26:09.896 [FXGL Background Thread 3 ] DEBUG Engine               - devBBoxColorProperty: ObjectProperty [value: 0xff0000ff]
11:26:09.896 [FXGL Background Thread 3 ] DEBUG Engine               - devEnableDebugCameraProperty: BooleanProperty [value: false]
11:26:09.896 [FXGL Background Thread 3 ] DEBUG Engine               - devSensorColorProperty: ObjectProperty [value: 0xffff00ff]
11:26:09.896 [FXGL Background Thread 3 ] DEBUG Engine               - devShowBBoxProperty: BooleanProperty [value: false]
11:26:09.896 [FXGL Background Thread 3 ] DEBUG Engine               - devShowPositionProperty: BooleanProperty [value: false]
11:26:09.896 [FXGL Background Thread 3 ] DEBUG Engine               - enabledMenuItems: []
11:26:09.897 [FXGL Background Thread 3 ] DEBUG Engine               - engineServices: [class com.almasb.fxgl.app.services.FXGLAssetLoaderService, class com.almasb.fxgl.app.FXGLApplication$GameApplicationService, class com.almasb.fxgl.app.services.FXGLDialogService, class com.almasb.fxgl.app.services.IOTaskExecutorService, class com.almasb.fxgl.io.FileSystemService, class com.almasb.fxgl.localization.LocalizationService, class com.almasb.fxgl.app.services.SystemBundleService, class com.almasb.fxgl.profile.SaveLoadService, class com.almasb.fxgl.ui.FXGLUIFactoryServiceProvider, class com.almasb.fxgl.ui.FXGLDialogFactoryServiceProvider, class com.almasb.fxgl.audio.AudioPlayer, class com.almasb.fxgl.notification.impl.NotificationServiceProvider, class com.almasb.fxgl.achievement.AchievementService, class com.almasb.fxgl.cutscene.CutsceneService, class com.almasb.fxgl.minigames.MiniGameService, class com.almasb.fxgl.net.NetService, class com.almasb.fxgl.app.services.UpdaterService, class com.almasb.fxgl.dev.DevService]
11:26:09.897 [FXGL Background Thread 3 ] DEBUG Engine               - fontGame: Abel-Regular.ttf
11:26:09.897 [FXGL Background Thread 3 ] DEBUG Engine               - fontMono: TerminalLandMono-Regular.otf
11:26:09.897 [FXGL Background Thread 3 ] DEBUG Engine               - fontSizeScaleUI: 1.0
11:26:09.897 [FXGL Background Thread 3 ] DEBUG Engine               - fontText: Courier-Prime.ttf
11:26:09.897 [FXGL Background Thread 3 ] DEBUG Engine               - fontUI: VarelaRound-Regular.ttf
11:26:09.897 [FXGL Background Thread 3 ] DEBUG Engine               - fullScreen: BooleanProperty [value: false]
11:26:09.897 [FXGL Background Thread 3 ] DEBUG Engine               - gameDifficulty: MEDIUM
11:26:09.897 [FXGL Background Thread 3 ] DEBUG Engine               - gameDifficultyProperty: ObjectProperty [value: MEDIUM]
11:26:09.897 [FXGL Background Thread 3 ] DEBUG Engine               - globalMusicVolume: 0.5
11:26:09.897 [FXGL Background Thread 3 ] DEBUG Engine               - globalMusicVolumeProperty: DoubleProperty [value: 0.5]
11:26:09.897 [FXGL Background Thread 3 ] DEBUG Engine               - globalSoundVolume: 0.5
11:26:09.897 [FXGL Background Thread 3 ] DEBUG Engine               - globalSoundVolumeProperty: DoubleProperty [value: 0.5]
11:26:09.897 [FXGL Background Thread 3 ] DEBUG Engine               - height: 720
11:26:09.897 [FXGL Background Thread 3 ] DEBUG Engine               - is3D: false
11:26:09.897 [FXGL Background Thread 3 ] DEBUG Engine               - isAndroid: false
11:26:09.898 [FXGL Background Thread 3 ] DEBUG Engine               - isBrowser: false
11:26:09.898 [FXGL Background Thread 3 ] DEBUG Engine               - isClickFeedbackEnabled: false
11:26:09.898 [FXGL Background Thread 3 ] DEBUG Engine               - isCloseConfirmation: false
11:26:09.898 [FXGL Background Thread 3 ] DEBUG Engine               - isDesktop: true
11:26:09.898 [FXGL Background Thread 3 ] DEBUG Engine               - isDeveloperMenuEnabled: false
11:26:09.898 [FXGL Background Thread 3 ] DEBUG Engine               - isEmbedded: false
11:26:09.898 [FXGL Background Thread 3 ] DEBUG Engine               - isEntityPreloadEnabled: true
11:26:09.898 [FXGL Background Thread 3 ] DEBUG Engine               - isExperimentalTiledLargeMap: false
11:26:09.898 [FXGL Background Thread 3 ] DEBUG Engine               - isFileSystemWriteAllowed: true
11:26:09.898 [FXGL Background Thread 3 ] DEBUG Engine               - isFullScreenAllowed: false
11:26:09.898 [FXGL Background Thread 3 ] DEBUG Engine               - isFullScreenFromStart: false
11:26:09.898 [FXGL Background Thread 3 ] DEBUG Engine               - isGameMenuEnabled: true
11:26:09.898 [FXGL Background Thread 3 ] DEBUG Engine               - isIOS: false
11:26:09.898 [FXGL Background Thread 3 ] DEBUG Engine               - isIntroEnabled: false
11:26:09.899 [FXGL Background Thread 3 ] DEBUG Engine               - isLinux: true
11:26:09.899 [FXGL Background Thread 3 ] DEBUG Engine               - isMac: false
11:26:09.899 [FXGL Background Thread 3 ] DEBUG Engine               - isMainMenuEnabled: false
11:26:09.899 [FXGL Background Thread 3 ] DEBUG Engine               - isManualResizeEnabled: false
11:26:09.899 [FXGL Background Thread 3 ] DEBUG Engine               - isMobile: false
11:26:09.899 [FXGL Background Thread 3 ] DEBUG Engine               - isNative: false
11:26:09.899 [FXGL Background Thread 3 ] DEBUG Engine               - isPauseMusicWhenMinimized: true
11:26:09.899 [FXGL Background Thread 3 ] DEBUG Engine               - isPreserveResizeRatio: false
11:26:09.899 [FXGL Background Thread 3 ] DEBUG Engine               - isProfilingEnabled: false
11:26:09.899 [FXGL Background Thread 3 ] DEBUG Engine               - isScaleAffectedOnResize: true
11:26:09.899 [FXGL Background Thread 3 ] DEBUG Engine               - isSingleStep: false
11:26:09.899 [FXGL Background Thread 3 ] DEBUG Engine               - isUserProfileEnabled: false
11:26:09.899 [FXGL Background Thread 3 ] DEBUG Engine               - isWindows: false
11:26:09.899 [FXGL Background Thread 3 ] DEBUG Engine               - language: ObjectProperty [value: ENGLISH]
11:26:09.899 [FXGL Background Thread 3 ] DEBUG Engine               - menuKey: ESCAPE
11:26:09.899 [FXGL Background Thread 3 ] DEBUG Engine               - mouseSensitivity: 0.2
11:26:09.899 [FXGL Background Thread 3 ] DEBUG Engine               - notificationViewClass: class com.almasb.fxgl.notification.view.XboxNotificationView
11:26:09.899 [FXGL Background Thread 3 ] DEBUG Engine               - pixelsPerMeter: 50.0
11:26:09.899 [FXGL Background Thread 3 ] DEBUG Engine               - platform: LINUX
11:26:09.899 [FXGL Background Thread 3 ] DEBUG Engine               - prefHeightProperty: ReadOnlyDoubleProperty [value: 720.0]
11:26:09.900 [FXGL Background Thread 3 ] DEBUG Engine               - prefWidthProperty: ReadOnlyDoubleProperty [value: 1280.0]
11:26:09.900 [FXGL Background Thread 3 ] DEBUG Engine               - profileDir: profiles/
11:26:09.900 [FXGL Background Thread 3 ] DEBUG Engine               - profileName: StringProperty [value: DEFAULT]
11:26:09.900 [FXGL Background Thread 3 ] DEBUG Engine               - randomSeed: -1
11:26:09.900 [FXGL Background Thread 3 ] DEBUG Engine               - runtimeInfo: RuntimeInfo(platform=LINUX, version=17.3, build=30.03.2023 11.49)
11:26:09.900 [FXGL Background Thread 3 ] DEBUG Engine               - saveFileExt: sav
11:26:09.900 [FXGL Background Thread 3 ] DEBUG Engine               - scaledHeightProp$fxgl: DoubleProperty [bound, value: 715.0]
11:26:09.900 [FXGL Background Thread 3 ] DEBUG Engine               - scaledWidthProp$fxgl: DoubleProperty [bound, value: 1280.0]
11:26:09.900 [FXGL Background Thread 3 ] DEBUG Engine               - sceneFactory: com.almasb.fxgl.app.scene.SceneFactory@a8c1ddf
11:26:09.900 [FXGL Background Thread 3 ] DEBUG Engine               - secondsIn24h: 60
11:26:09.900 [FXGL Background Thread 3 ] DEBUG Engine               - soundMenuBack: menu/back.wav
11:26:09.900 [FXGL Background Thread 3 ] DEBUG Engine               - soundMenuPress: menu/press.wav
11:26:09.900 [FXGL Background Thread 3 ] DEBUG Engine               - soundMenuSelect: menu/select.wav
11:26:09.900 [FXGL Background Thread 3 ] DEBUG Engine               - soundNotification: core/notification.wav
11:26:09.900 [FXGL Background Thread 3 ] DEBUG Engine               - stageStyle: DECORATED
11:26:09.900 [FXGL Background Thread 3 ] DEBUG Engine               - supportedLanguages: [ENGLISH, FRENCH, GERMAN, HUNGARIAN, RUSSIAN]
11:26:09.900 [FXGL Background Thread 3 ] DEBUG Engine               - ticksPerSecond: -1
11:26:09.901 [FXGL Background Thread 3 ] DEBUG Engine               - title: Restaurante Simulador
11:26:09.901 [FXGL Background Thread 3 ] DEBUG Engine               - urlGithub: https://github.com/AlmasB/FXGL
11:26:09.901 [FXGL Background Thread 3 ] DEBUG Engine               - urlLeaderboard: http://fxgl-top.herokuapp.com/
11:26:09.901 [FXGL Background Thread 3 ] DEBUG Engine               - urlPOM: https://raw.githubusercontent.com/AlmasB/FXGL/release/README.md
11:26:09.901 [FXGL Background Thread 3 ] DEBUG Engine               - userAppClass: class com.restaurant.RestaurantApp
11:26:09.901 [FXGL Background Thread 3 ] DEBUG Engine               - version: 1.0
11:26:09.901 [FXGL Background Thread 3 ] DEBUG Engine               - versionCheckDays: 7
11:26:09.901 [FXGL Background Thread 3 ] DEBUG Engine               - width: 1280
11:26:09.901 [FXGL Background Thread 3 ] DEBUG Engine               - Logging services
11:26:09.901 [FXGL Background Thread 3 ] DEBUG Engine               - class com.almasb.fxgl.app.services.FXGLAssetLoaderService
11:26:09.901 [FXGL Background Thread 3 ] DEBUG Engine               - class com.almasb.fxgl.app.FXGLApplication$GameApplicationService
11:26:09.901 [FXGL Background Thread 3 ] DEBUG Engine               - class com.almasb.fxgl.app.services.FXGLDialogService
11:26:09.901 [FXGL Background Thread 3 ] DEBUG Engine               - class com.almasb.fxgl.app.services.IOTaskExecutorService
11:26:09.901 [FXGL Background Thread 3 ] DEBUG Engine               - class com.almasb.fxgl.io.FileSystemService
11:26:09.901 [FXGL Background Thread 3 ] DEBUG Engine               - class com.almasb.fxgl.localization.LocalizationService
11:26:09.901 [FXGL Background Thread 3 ] DEBUG Engine               - class com.almasb.fxgl.app.services.SystemBundleService
11:26:09.901 [FXGL Background Thread 3 ] DEBUG Engine               - class com.almasb.fxgl.profile.SaveLoadService
11:26:09.901 [FXGL Background Thread 3 ] DEBUG Engine               - class com.almasb.fxgl.ui.FXGLUIFactoryServiceProvider
11:26:09.901 [FXGL Background Thread 3 ] DEBUG Engine               - class com.almasb.fxgl.ui.FXGLDialogFactoryServiceProvider
11:26:09.901 [FXGL Background Thread 3 ] DEBUG Engine               - class com.almasb.fxgl.audio.AudioPlayer
11:26:09.901 [FXGL Background Thread 3 ] DEBUG Engine               - class com.almasb.fxgl.notification.impl.NotificationServiceProvider
11:26:09.901 [FXGL Background Thread 3 ] DEBUG Engine               - class com.almasb.fxgl.achievement.AchievementService
11:26:09.901 [FXGL Background Thread 3 ] DEBUG Engine               - class com.almasb.fxgl.cutscene.CutsceneService
11:26:09.901 [FXGL Background Thread 3 ] DEBUG Engine               - class com.almasb.fxgl.minigames.MiniGameService
11:26:09.901 [FXGL Background Thread 3 ] DEBUG Engine               - class com.almasb.fxgl.net.NetService
11:26:09.901 [FXGL Background Thread 3 ] DEBUG Engine               - class com.almasb.fxgl.app.services.UpdaterService
11:26:09.901 [FXGL Background Thread 3 ] DEBUG Engine               - class com.almasb.fxgl.dev.DevService
11:27:23.546 [JavaFX Application Thread] DEBUG FXGLApplication      - Exiting FXGL
11:27:23.547 [JavaFX Application Thread] DEBUG LoopRunner           - Stopping loop
11:27:23.547 [JavaFX Application Thread] DEBUG SystemBundleService  - Saving FXGL system data
11:27:23.548 [JavaFX Application Thread] DEBUG FileSystemAccess     - Writing to: /home/khars/IdeaProjects/simuladorRestaurant/system/fxgl.bundle
11:27:23.548 [JavaFX Application Thread] DEBUG Async                - Shutting down background threads
11:27:23.548 [JavaFX Application Thread] DEBUG PrimaryStageWindow   - Closing main window
11:27:23.550 [JavaFX Application Thread] DEBUG Logger               - Closing Logger
