12:17:13.969 [main                     ] DEBUG Logger               - Configured Logger
12:17:14.021 [main                     ] DEBUG GameApplication      - Logging settings
Title: Restaurante Simulador
Version: 1.0
Width: 1280
Height: 720
Fullscreen: false
Intro: false
Profiling: false
Single step:false
App Mode: DEVELOPER
Menu Key: ESCAPE
Stage Style: DECORATED
Scene Factory: class com.almasb.fxgl.app.scene.SceneFactory

12:17:14.646 [JavaFX Application Thread] DEBUG FXGLApplication      - Initializing FXGL
12:17:14.650 [JavaFX Application Thread] INFO  Engine               - FXGL-17.3 (30.03.2023 11.49) on LINUX (J:21.0.5 FX:21)
12:17:14.650 [JavaFX Application Thread] DEBUG Engine               - JRE Vendor Name: Amazon.com Inc.
12:17:14.650 [JavaFX Application Thread] DEBUG Engine               - Running on OS: Linux version 6.8.0-49-generic
12:17:14.650 [JavaFX Application Thread] DEBUG Engine               - Architecture: amd64
12:17:14.650 [JavaFX Application Thread] INFO  Engine               - Source code and latest versions at: https://github.com/AlmasB/FXGL
12:17:14.651 [JavaFX Application Thread] INFO  Engine               -       Ask questions and discuss at: https://github.com/AlmasB/FXGL/discussions
12:17:14.651 [JavaFX Application Thread] INFO  Engine               -              Join the FXGL chat at: https://gitter.im/AlmasB/FXGL
12:17:14.767 [JavaFX Application Thread] DEBUG PrimaryStageWindow   - Creating a JavaFX scene
12:17:14.857 [JavaFX Application Thread] DEBUG PrimaryStageWindow   - Target settings size: 1280.0 x 720.0
12:17:14.858 [JavaFX Application Thread] DEBUG PrimaryStageWindow   - Scaled scene size:    1280.0 x 720.0
12:17:14.858 [JavaFX Application Thread] DEBUG PrimaryStageWindow   - Scaled ratio: (1.0, 1.0)
12:17:14.860 [JavaFX Application Thread] DEBUG PrimaryStageWindow   - Set initial scene to FXGLStartupScene
12:17:14.864 [JavaFX Application Thread] DEBUG PrimaryStageWindow   - Opening main window
12:17:14.902 [JavaFX Application Thread] DEBUG PrimaryStageWindow   - Window border size: (0.0, 35.0)
12:17:14.903 [JavaFX Application Thread] DEBUG PrimaryStageWindow   - Scaled size: 1280.0 x 685.0
12:17:14.903 [JavaFX Application Thread] DEBUG PrimaryStageWindow   - Scaled ratio: (1.0, 0.9513888888888888)
12:17:14.903 [JavaFX Application Thread] DEBUG PrimaryStageWindow   - Scene size: 1280.0 x 720.0
12:17:14.904 [JavaFX Application Thread] DEBUG PrimaryStageWindow   - Stage size: 1280.0 x 720.0
12:17:14.909 [FXGL Background Thread 1 ] DEBUG Engine               - Initializing environment variables
12:17:14.948 [FXGL Background Thread 1 ] DEBUG FXGLAssetLoaderServi - User app class for loading assets: class com.restaurant.RestaurantApp
12:17:14.948 [FXGL Background Thread 1 ] DEBUG GameApplicationServi - Applying CSS: fxgl_dark.css
12:17:14.949 [FXGL Background Thread 1 ] DEBUG FXGLAssetLoaderServi - Loading from file system: jar:file:/home/khars/.m2/repository/com/github/almasb/fxgl/17.3/fxgl-17.3.jar!/fxglassets/ui/css/fxgl_dark.css
12:17:15.010 [FXGL Background Thread 1 ] DEBUG GameApplicationServi - Initializing application scenes
12:17:15.067 [FXGL Background Thread 1 ] DEBUG GameWorld            - Game world initialized
12:17:15.124 [FXGL Background Thread 1 ] DEBUG PhysicsWorld         - Physics world initialized: appHeight=720, physics.ppm=50,0
12:17:15.124 [FXGL Background Thread 1 ] DEBUG PhysicsWorld         - Using strategy: BRUTE_FORCE
12:17:15.128 [FXGL Background Thread 1 ] DEBUG GameScene            - Game scene initialized: 1280x720
12:17:15.139 [FXGL Background Thread 1 ] DEBUG FXGL.DefaultMenu     - createMenuBodyGameMenu()
12:17:15.155 [FXGL Background Thread 1 ] DEBUG FXGL.DefaultMenu     - createOptionsMenu()
12:17:15.164 [FXGL Background Thread 1 ] DEBUG FXGLAssetLoaderServi - Loading from file system: jar:file:/home/khars/.m2/repository/com/github/almasb/fxgl/17.3/fxgl-17.3.jar!/fxglassets/textures/particles/smoke.png
12:17:15.258 [FXGL Background Thread 1 ] DEBUG FXGLAssetLoaderServi - Loading from file system: jar:file:/home/khars/.m2/repository/com/github/almasb/fxgl/17.3/fxgl-17.3.jar!/fxglassets/textures/particles/trace_horizontal.png
12:17:15.304 [FXGL Background Thread 1 ] DEBUG GameApplicationServi - Application scenes initialized
12:17:15.320 [FXGL Background Thread 1 ] DEBUG SystemBundleService  - Loading FXGL system data
12:17:15.322 [FXGL Background Thread 1 ] DEBUG FileSystemAccess     - Reading from: /home/khars/IdeaProjects/simuladorRestaurant/system/fxgl.bundle
12:17:15.326 [FXGL Background Thread 1 ] DEBUG SystemBundleService  - Bundle FXGL: {}
12:17:15.326 [FXGL Background Thread 1 ] DEBUG UpdaterService       - Checking for updates
12:17:15.331 [FXGL Background Thread 4 ] DEBUG FXGLApplication      - Loading fonts
12:17:15.332 [FXGL Background Thread 4 ] DEBUG FXGLAssetLoaderServi - Loading from file system: jar:file:/home/khars/.m2/repository/com/github/almasb/fxgl/17.3/fxgl-17.3.jar!/fxglassets/ui/fonts/VarelaRound-Regular.ttf
12:17:15.332 [FXGL Background Thread 1 ] DEBUG FXGLApplication      - Loading default localization
12:17:15.333 [FXGL Background Thread 1 ] DEBUG FXGLAssetLoaderServi - Loading from file system: jar:file:/home/khars/.m2/repository/com/github/almasb/fxgl/17.3/fxgl-17.3.jar!/fxglassets/languages/english.lang
12:17:15.348 [FXGL Background Thread 4 ] DEBUG FXGLAssetLoaderServi - Loading from file system: jar:file:/home/khars/.m2/repository/com/github/almasb/fxgl/17.3/fxgl-17.3.jar!/fxglassets/ui/fonts/Abel-Regular.ttf
12:17:15.353 [FXGL Background Thread 4 ] DEBUG FXGLAssetLoaderServi - Loading from file system: jar:file:/home/khars/.m2/repository/com/github/almasb/fxgl/17.3/fxgl-17.3.jar!/fxglassets/ui/fonts/TerminalLandMono-Regular.otf
12:17:15.357 [FXGL Background Thread 4 ] DEBUG FXGLAssetLoaderServi - Loading from file system: jar:file:/home/khars/.m2/repository/com/github/almasb/fxgl/17.3/fxgl-17.3.jar!/fxglassets/ui/fonts/Courier-Prime.ttf
12:17:15.362 [JavaFX Application Thread] DEBUG FXGLApplication      - Registering font factories with UI factory
12:17:15.369 [FXGL Background Thread 1 ] INFO  FXGLApplication      - FXGL initialization took: 0,459 sec
12:17:15.370 [JavaFX Application Thread] DEBUG FXGLAssetLoaderServi - Loading from file system: jar:file:/home/khars/.m2/repository/com/github/almasb/fxgl/17.3/fxgl-17.3.jar!/fxglassets/textures/fxgl_icon.png
12:17:15.399 [JavaFX Application Thread] DEBUG FXGLAssetLoaderServi - Loading from file system: jar:file:/home/khars/.m2/repository/com/github/almasb/fxgl/17.3/fxgl-17.3.jar!/fxglassets/textures/fxgl_default_cursor.png
12:17:15.413 [JavaFX Application Thread] DEBUG Input                - Registered new binding: Screenshot - CTRL+8
12:17:15.414 [JavaFX Application Thread] DEBUG Input                - Registered new binding: System info dump - CTRL+9
12:17:15.414 [JavaFX Application Thread] DEBUG Input                - Registered new binding: Restart - CTRL+R
12:17:15.415 [JavaFX Application Thread] DEBUG Input                - Registered new binding: Toggle Debug Camera - CTRL+7
12:17:15.418 [JavaFX Application Thread] DEBUG LoopRunner           - Starting loop
12:17:15.418 [JavaFX Application Thread] DEBUG LoopRunner           - Initializing JavaFX AnimationTimerLoop
12:17:15.419 [JavaFX Application Thread] DEBUG GameApplicationServi - Starting new game
12:17:15.420 [JavaFX Application Thread] DEBUG Input                - Clearing active input actions
12:17:15.433 [JavaFX Application Thread] DEBUG GameApplicationServi - Removing overlay from FXGLStartupScene and adding to FXGLLoadingScene
12:17:15.433 [JavaFX Application Thread] DEBUG PrimaryStageWindow   - FXGLStartupScene -> FXGLLoadingScene
12:17:15.433 [JavaFX Application Thread] DEBUG GameApplicationServi - Clearing previous game
12:17:15.434 [JavaFX Application Thread] DEBUG GameScene            - Clearing game scene
12:17:15.434 [JavaFX Application Thread] DEBUG GameWorld            - Clearing game world
12:17:15.434 [JavaFX Application Thread] DEBUG PhysicsWorld         - Clearing physics world
12:17:15.436 [FXGL Background Thread 1 ] DEBUG FXGLApplication      - Initializing game
12:17:15.446 [FXGL Background Thread 1 ] DEBUG FXGLAssetLoaderServi - Loading from file system: file:/home/khars/IdeaProjects/simuladorRestaurant/target/classes/assets/textures/fondo.png
12:17:15.467 [FXGL Background Thread 1 ] DEBUG FXGLAssetLoaderServi - Loading from file system: file:/home/khars/IdeaProjects/simuladorRestaurant/target/classes/assets/textures/cocina.png
12:17:15.480 [FXGL Background Thread 1 ] DEBUG FXGLAssetLoaderServi - Loading from file system: file:/home/khars/IdeaProjects/simuladorRestaurant/target/classes/assets/textures/recepcionista.png
12:17:15.485 [FXGL Background Thread 1 ] DEBUG FXGLAssetLoaderServi - Loading from file system: file:/home/khars/IdeaProjects/simuladorRestaurant/target/classes/assets/textures/chef1.png
12:17:15.653 [FXGL Background Thread 1 ] DEBUG FXGLAssetLoaderServi - Loading from file system: file:/home/khars/IdeaProjects/simuladorRestaurant/target/classes/assets/textures/chef2.png
12:17:15.673 [FXGL Background Thread 1 ] DEBUG FXGLAssetLoaderServi - Loading from file system: file:/home/khars/IdeaProjects/simuladorRestaurant/target/classes/assets/textures/chef3.png
12:17:15.682 [FXGL Background Thread 1 ] DEBUG FXGLAssetLoaderServi - Loading from file system: file:/home/khars/IdeaProjects/simuladorRestaurant/target/classes/assets/textures/mesero.png
12:17:15.689 [FXGL Background Thread 1 ] DEBUG FXGLAssetLoaderServi - Loading from file system: file:/home/khars/IdeaProjects/simuladorRestaurant/target/classes/assets/textures/mesa.png
12:17:15.704 [FXGL Background Thread 1 ] INFO  FXGLApplication      - Game initialization took: 0,269 sec
12:17:15.710 [JavaFX Application Thread] DEBUG Input                - Clearing active input actions
12:17:15.717 [JavaFX Application Thread] DEBUG GameApplicationServi - Removing overlay from FXGLLoadingScene and adding to GameScene
12:17:15.717 [JavaFX Application Thread] DEBUG PrimaryStageWindow   - FXGLLoadingScene -> GameScene
12:17:15.926 [FXGL Background Thread 2 ] INFO  UpdaterService       - Your current version:  17.3
12:17:15.926 [FXGL Background Thread 2 ] INFO  UpdaterService       - Latest stable version: 21.1
12:17:16.712 [JavaFX Application Thread] DEBUG FXGLAssetLoaderServi - Loading from file system: file:/home/khars/IdeaProjects/simuladorRestaurant/target/classes/assets/textures/sam.png
12:17:18.329 [FXGL Background Thread 3 ] DEBUG Engine               - Logging environment variables
12:17:18.330 [FXGL Background Thread 3 ] DEBUG Engine               - achievements: []
12:17:18.330 [FXGL Background Thread 3 ] DEBUG Engine               - actualHeight: 685.0
12:17:18.331 [FXGL Background Thread 3 ] DEBUG Engine               - actualHeightProperty: ReadOnlyDoubleProperty [value: 715.0]
12:17:18.331 [FXGL Background Thread 3 ] DEBUG Engine               - actualWidth: 1280.0
12:17:18.331 [FXGL Background Thread 3 ] DEBUG Engine               - actualWidthProperty: ReadOnlyDoubleProperty [value: 1280.0]
12:17:18.331 [FXGL Background Thread 3 ] DEBUG Engine               - appIcon: fxgl_icon.png
12:17:18.331 [FXGL Background Thread 3 ] DEBUG Engine               - applicationMode: DEVELOPER
12:17:18.331 [FXGL Background Thread 3 ] DEBUG Engine               - cSSList: [fxgl_dark.css]
12:17:18.331 [FXGL Background Thread 3 ] DEBUG Engine               - collisionDetectionStrategy: BRUTE_FORCE
12:17:18.331 [FXGL Background Thread 3 ] DEBUG Engine               - configClass: Optional.empty
12:17:18.331 [FXGL Background Thread 3 ] DEBUG Engine               - credits: []
12:17:18.331 [FXGL Background Thread 3 ] DEBUG Engine               - defaultCursor: CursorInfo(imageName=fxgl_default_cursor.png, hotspotX=7.0, hotspotY=6.0)
12:17:18.331 [FXGL Background Thread 3 ] DEBUG Engine               - devBBoxColorProperty: ObjectProperty [value: 0xff0000ff]
12:17:18.332 [FXGL Background Thread 3 ] DEBUG Engine               - devEnableDebugCameraProperty: BooleanProperty [value: false]
12:17:18.332 [FXGL Background Thread 3 ] DEBUG Engine               - devSensorColorProperty: ObjectProperty [value: 0xffff00ff]
12:17:18.332 [FXGL Background Thread 3 ] DEBUG Engine               - devShowBBoxProperty: BooleanProperty [value: false]
12:17:18.332 [FXGL Background Thread 3 ] DEBUG Engine               - devShowPositionProperty: BooleanProperty [value: false]
12:17:18.332 [FXGL Background Thread 3 ] DEBUG Engine               - enabledMenuItems: []
12:17:18.332 [FXGL Background Thread 3 ] DEBUG Engine               - engineServices: [class com.almasb.fxgl.app.services.FXGLAssetLoaderService, class com.almasb.fxgl.app.FXGLApplication$GameApplicationService, class com.almasb.fxgl.app.services.FXGLDialogService, class com.almasb.fxgl.app.services.IOTaskExecutorService, class com.almasb.fxgl.io.FileSystemService, class com.almasb.fxgl.localization.LocalizationService, class com.almasb.fxgl.app.services.SystemBundleService, class com.almasb.fxgl.profile.SaveLoadService, class com.almasb.fxgl.ui.FXGLUIFactoryServiceProvider, class com.almasb.fxgl.ui.FXGLDialogFactoryServiceProvider, class com.almasb.fxgl.audio.AudioPlayer, class com.almasb.fxgl.notification.impl.NotificationServiceProvider, class com.almasb.fxgl.achievement.AchievementService, class com.almasb.fxgl.cutscene.CutsceneService, class com.almasb.fxgl.minigames.MiniGameService, class com.almasb.fxgl.net.NetService, class com.almasb.fxgl.app.services.UpdaterService, class com.almasb.fxgl.dev.DevService]
12:17:18.332 [FXGL Background Thread 3 ] DEBUG Engine               - fontGame: Abel-Regular.ttf
12:17:18.332 [FXGL Background Thread 3 ] DEBUG Engine               - fontMono: TerminalLandMono-Regular.otf
12:17:18.332 [FXGL Background Thread 3 ] DEBUG Engine               - fontSizeScaleUI: 1.0
12:17:18.332 [FXGL Background Thread 3 ] DEBUG Engine               - fontText: Courier-Prime.ttf
12:17:18.332 [FXGL Background Thread 3 ] DEBUG Engine               - fontUI: VarelaRound-Regular.ttf
12:17:18.332 [FXGL Background Thread 3 ] DEBUG Engine               - fullScreen: BooleanProperty [value: false]
12:17:18.332 [FXGL Background Thread 3 ] DEBUG Engine               - gameDifficulty: MEDIUM
12:17:18.332 [FXGL Background Thread 3 ] DEBUG Engine               - gameDifficultyProperty: ObjectProperty [value: MEDIUM]
12:17:18.332 [FXGL Background Thread 3 ] DEBUG Engine               - globalMusicVolume: 0.5
12:17:18.333 [FXGL Background Thread 3 ] DEBUG Engine               - globalMusicVolumeProperty: DoubleProperty [value: 0.5]
12:17:18.333 [FXGL Background Thread 3 ] DEBUG Engine               - globalSoundVolume: 0.5
12:17:18.333 [FXGL Background Thread 3 ] DEBUG Engine               - globalSoundVolumeProperty: DoubleProperty [value: 0.5]
12:17:18.333 [FXGL Background Thread 3 ] DEBUG Engine               - height: 720
12:17:18.333 [FXGL Background Thread 3 ] DEBUG Engine               - is3D: false
12:17:18.333 [FXGL Background Thread 3 ] DEBUG Engine               - isAndroid: false
12:17:18.333 [FXGL Background Thread 3 ] DEBUG Engine               - isBrowser: false
12:17:18.333 [FXGL Background Thread 3 ] DEBUG Engine               - isClickFeedbackEnabled: false
12:17:18.333 [FXGL Background Thread 3 ] DEBUG Engine               - isCloseConfirmation: false
12:17:18.333 [FXGL Background Thread 3 ] DEBUG Engine               - isDesktop: true
12:17:18.333 [FXGL Background Thread 3 ] DEBUG Engine               - isDeveloperMenuEnabled: false
12:17:18.333 [FXGL Background Thread 3 ] DEBUG Engine               - isEmbedded: false
12:17:18.333 [FXGL Background Thread 3 ] DEBUG Engine               - isEntityPreloadEnabled: true
12:17:18.333 [FXGL Background Thread 3 ] DEBUG Engine               - isExperimentalTiledLargeMap: false
12:17:18.333 [FXGL Background Thread 3 ] DEBUG Engine               - isFileSystemWriteAllowed: true
12:17:18.333 [FXGL Background Thread 3 ] DEBUG Engine               - isFullScreenAllowed: false
12:17:18.333 [FXGL Background Thread 3 ] DEBUG Engine               - isFullScreenFromStart: false
12:17:18.333 [FXGL Background Thread 3 ] DEBUG Engine               - isGameMenuEnabled: true
12:17:18.333 [FXGL Background Thread 3 ] DEBUG Engine               - isIOS: false
12:17:18.334 [FXGL Background Thread 3 ] DEBUG Engine               - isIntroEnabled: false
12:17:18.334 [FXGL Background Thread 3 ] DEBUG Engine               - isLinux: true
12:17:18.334 [FXGL Background Thread 3 ] DEBUG Engine               - isMac: false
12:17:18.334 [FXGL Background Thread 3 ] DEBUG Engine               - isMainMenuEnabled: false
12:17:18.334 [FXGL Background Thread 3 ] DEBUG Engine               - isManualResizeEnabled: false
12:17:18.334 [FXGL Background Thread 3 ] DEBUG Engine               - isMobile: false
12:17:18.334 [FXGL Background Thread 3 ] DEBUG Engine               - isNative: false
12:17:18.334 [FXGL Background Thread 3 ] DEBUG Engine               - isPauseMusicWhenMinimized: true
12:17:18.334 [FXGL Background Thread 3 ] DEBUG Engine               - isPreserveResizeRatio: false
12:17:18.334 [FXGL Background Thread 3 ] DEBUG Engine               - isProfilingEnabled: false
12:17:18.334 [FXGL Background Thread 3 ] DEBUG Engine               - isScaleAffectedOnResize: true
12:17:18.334 [FXGL Background Thread 3 ] DEBUG Engine               - isSingleStep: false
12:17:18.334 [FXGL Background Thread 3 ] DEBUG Engine               - isUserProfileEnabled: false
12:17:18.334 [FXGL Background Thread 3 ] DEBUG Engine               - isWindows: false
12:17:18.334 [FXGL Background Thread 3 ] DEBUG Engine               - language: ObjectProperty [value: ENGLISH]
12:17:18.334 [FXGL Background Thread 3 ] DEBUG Engine               - menuKey: ESCAPE
12:17:18.334 [FXGL Background Thread 3 ] DEBUG Engine               - mouseSensitivity: 0.2
12:17:18.335 [FXGL Background Thread 3 ] DEBUG Engine               - notificationViewClass: class com.almasb.fxgl.notification.view.XboxNotificationView
12:17:18.335 [FXGL Background Thread 3 ] DEBUG Engine               - pixelsPerMeter: 50.0
12:17:18.335 [FXGL Background Thread 3 ] DEBUG Engine               - platform: LINUX
12:17:18.335 [FXGL Background Thread 3 ] DEBUG Engine               - prefHeightProperty: ReadOnlyDoubleProperty [value: 720.0]
12:17:18.335 [FXGL Background Thread 3 ] DEBUG Engine               - prefWidthProperty: ReadOnlyDoubleProperty [value: 1280.0]
12:17:18.335 [FXGL Background Thread 3 ] DEBUG Engine               - profileDir: profiles/
12:17:18.335 [FXGL Background Thread 3 ] DEBUG Engine               - profileName: StringProperty [value: DEFAULT]
12:17:18.335 [FXGL Background Thread 3 ] DEBUG Engine               - randomSeed: -1
12:17:18.335 [FXGL Background Thread 3 ] DEBUG Engine               - runtimeInfo: RuntimeInfo(platform=LINUX, version=17.3, build=30.03.2023 11.49)
12:17:18.336 [FXGL Background Thread 3 ] DEBUG Engine               - saveFileExt: sav
12:17:18.336 [FXGL Background Thread 3 ] DEBUG Engine               - scaledHeightProp$fxgl: DoubleProperty [bound, value: 715.0]
12:17:18.336 [FXGL Background Thread 3 ] DEBUG Engine               - scaledWidthProp$fxgl: DoubleProperty [bound, value: 1280.0]
12:17:18.336 [FXGL Background Thread 3 ] DEBUG Engine               - sceneFactory: com.almasb.fxgl.app.scene.SceneFactory@d1fbf1e
12:17:18.336 [FXGL Background Thread 3 ] DEBUG Engine               - secondsIn24h: 60
12:17:18.336 [FXGL Background Thread 3 ] DEBUG Engine               - soundMenuBack: menu/back.wav
12:17:18.336 [FXGL Background Thread 3 ] DEBUG Engine               - soundMenuPress: menu/press.wav
12:17:18.336 [FXGL Background Thread 3 ] DEBUG Engine               - soundMenuSelect: menu/select.wav
12:17:18.336 [FXGL Background Thread 3 ] DEBUG Engine               - soundNotification: core/notification.wav
12:17:18.336 [FXGL Background Thread 3 ] DEBUG Engine               - stageStyle: DECORATED
12:17:18.336 [FXGL Background Thread 3 ] DEBUG Engine               - supportedLanguages: [ENGLISH, FRENCH, GERMAN, HUNGARIAN, RUSSIAN]
12:17:18.336 [FXGL Background Thread 3 ] DEBUG Engine               - ticksPerSecond: -1
12:17:18.336 [FXGL Background Thread 3 ] DEBUG Engine               - title: Restaurante Simulador
12:17:18.337 [FXGL Background Thread 3 ] DEBUG Engine               - urlGithub: https://github.com/AlmasB/FXGL
12:17:18.337 [FXGL Background Thread 3 ] DEBUG Engine               - urlLeaderboard: http://fxgl-top.herokuapp.com/
12:17:18.337 [FXGL Background Thread 3 ] DEBUG Engine               - urlPOM: https://raw.githubusercontent.com/AlmasB/FXGL/release/README.md
12:17:18.337 [FXGL Background Thread 3 ] DEBUG Engine               - userAppClass: class com.restaurant.RestaurantApp
12:17:18.337 [FXGL Background Thread 3 ] DEBUG Engine               - version: 1.0
12:17:18.337 [FXGL Background Thread 3 ] DEBUG Engine               - versionCheckDays: 7
12:17:18.337 [FXGL Background Thread 3 ] DEBUG Engine               - width: 1280
12:17:18.337 [FXGL Background Thread 3 ] DEBUG Engine               - Logging services
12:17:18.337 [FXGL Background Thread 3 ] DEBUG Engine               - class com.almasb.fxgl.app.services.FXGLAssetLoaderService
12:17:18.337 [FXGL Background Thread 3 ] DEBUG Engine               - class com.almasb.fxgl.app.FXGLApplication$GameApplicationService
12:17:18.337 [FXGL Background Thread 3 ] DEBUG Engine               - class com.almasb.fxgl.app.services.FXGLDialogService
12:17:18.337 [FXGL Background Thread 3 ] DEBUG Engine               - class com.almasb.fxgl.app.services.IOTaskExecutorService
12:17:18.337 [FXGL Background Thread 3 ] DEBUG Engine               - class com.almasb.fxgl.io.FileSystemService
12:17:18.337 [FXGL Background Thread 3 ] DEBUG Engine               - class com.almasb.fxgl.localization.LocalizationService
12:17:18.337 [FXGL Background Thread 3 ] DEBUG Engine               - class com.almasb.fxgl.app.services.SystemBundleService
12:17:18.337 [FXGL Background Thread 3 ] DEBUG Engine               - class com.almasb.fxgl.profile.SaveLoadService
12:17:18.337 [FXGL Background Thread 3 ] DEBUG Engine               - class com.almasb.fxgl.ui.FXGLUIFactoryServiceProvider
12:17:18.337 [FXGL Background Thread 3 ] DEBUG Engine               - class com.almasb.fxgl.ui.FXGLDialogFactoryServiceProvider
12:17:18.337 [FXGL Background Thread 3 ] DEBUG Engine               - class com.almasb.fxgl.audio.AudioPlayer
12:17:18.337 [FXGL Background Thread 3 ] DEBUG Engine               - class com.almasb.fxgl.notification.impl.NotificationServiceProvider
12:17:18.337 [FXGL Background Thread 3 ] DEBUG Engine               - class com.almasb.fxgl.achievement.AchievementService
12:17:18.337 [FXGL Background Thread 3 ] DEBUG Engine               - class com.almasb.fxgl.cutscene.CutsceneService
12:17:18.338 [FXGL Background Thread 3 ] DEBUG Engine               - class com.almasb.fxgl.minigames.MiniGameService
12:17:18.338 [FXGL Background Thread 3 ] DEBUG Engine               - class com.almasb.fxgl.net.NetService
12:17:18.338 [FXGL Background Thread 3 ] DEBUG Engine               - class com.almasb.fxgl.app.services.UpdaterService
12:17:18.338 [FXGL Background Thread 3 ] DEBUG Engine               - class com.almasb.fxgl.dev.DevService
12:17:27.073 [JavaFX Application Thread] DEBUG LoopRunner           - Pausing loop
12:17:42.617 [JavaFX Application Thread] DEBUG LoopRunner           - Resuming loop
12:17:57.105 [JavaFX Application Thread] DEBUG FXGLApplication      - Exiting FXGL
12:17:57.105 [JavaFX Application Thread] DEBUG LoopRunner           - Stopping loop
12:17:57.106 [JavaFX Application Thread] DEBUG SystemBundleService  - Saving FXGL system data
12:17:57.106 [JavaFX Application Thread] DEBUG FileSystemAccess     - Writing to: /home/khars/IdeaProjects/simuladorRestaurant/system/fxgl.bundle
12:17:57.107 [JavaFX Application Thread] DEBUG Async                - Shutting down background threads
12:17:57.107 [JavaFX Application Thread] DEBUG PrimaryStageWindow   - Closing main window
12:17:57.109 [JavaFX Application Thread] DEBUG Logger               - Closing Logger
